<?xml version="1.0" encoding="UTF-8"?>
<robot generator="Robot 3.1.2 (Python 3.7.3 on win32)" generated="20200430 22:10:17.529" rpa="false">
<suite id="s1" name="ZPetStoreAPI" source="D:\Work\eclipse-workspace\ZPetStoreAPI">
<suite id="s1-s1" name="SmokeTests" source="D:\Work\eclipse-workspace\ZPetStoreAPI\SmokeTests.robot">
<test id="s1-s1-t1" name="Test add pet">
<kw name="Create Session" library="RequestsLibrary" type="setup">
<doc>Create Session: create a HTTP session to a server</doc>
<arguments>
<arg>session</arg>
<arg>url=${Base}</arg>
<arg>verify=True</arg>
</arguments>
<msg timestamp="20200430 22:10:18.297" level="INFO">Creating Session using : alias=session, url=https://petstore.swagger.io, headers={},                     cookies={}, auth=None, timeout=None, proxies=None, verify=True,                     debug=0 </msg>
<status status="PASS" starttime="20200430 22:10:18.296" endtime="20200430 22:10:18.298"></status>
</kw>
<kw name="Add a pet">
<assign>
<var>${resp}</var>
</assign>
<kw name="Get File" library="OperatingSystem">
<doc>Returns the contents of a specified file.</doc>
<arguments>
<arg>D:\\Work\\eclipse-workspace\\ZPetStoreAPI/PetSample.json</arg>
</arguments>
<assign>
<var>${body}</var>
</assign>
<msg timestamp="20200430 22:10:18.301" level="INFO" html="yes">Getting file '&lt;a href="file://D:\Work\eclipse-workspace\ZPetStoreAPI\PetSample.json"&gt;D:\Work\eclipse-workspace\ZPetStoreAPI\PetSample.json&lt;/a&gt;'.</msg>
<msg timestamp="20200430 22:10:18.302" level="INFO">${body} = {
    "name": "pet0",
    "photoUrls": [
        "https://www.rspca.org.au/sites/default/files/website/2019/adopt-a-pet-adopting-a-dog-600x375.jpg",
        "https://www.rspca.org.au/sites/default/fil...</msg>
<status status="PASS" starttime="20200430 22:10:18.300" endtime="20200430 22:10:18.302"></status>
</kw>
<kw name="Create Dictionary" library="BuiltIn">
<doc>Creates and returns a dictionary based on the given ``items``.</doc>
<arguments>
<arg>Content-Type=application/json</arg>
</arguments>
<assign>
<var>&amp;{hdrs}</var>
</assign>
<msg timestamp="20200430 22:10:18.304" level="INFO">&amp;{hdrs} = { Content-Type=application/json }</msg>
<status status="PASS" starttime="20200430 22:10:18.303" endtime="20200430 22:10:18.304"></status>
</kw>
<kw name="Post Request" library="RequestsLibrary">
<doc>Send a POST request on the session object found using the
given `alias`</doc>
<arguments>
<arg>session</arg>
<arg>uri=/v2/pet</arg>
<arg>headers=${hdrs}</arg>
<arg>data=${body}</arg>
</arguments>
<assign>
<var>${resp}</var>
</assign>
<msg timestamp="20200430 22:10:18.306" level="INFO">POST Request using : uri=/v2/pet, params=None, files=None, allow_redirects=True, timeout=None
headers={'User-Agent': 'python-requests/2.22.0', 'Accept-Encoding': 'gzip, deflate', 'Accept': '*/*', 'Connection': 'keep-alive', 'Content-Type': 'application/json'} 
data={
    "name": "pet0",
    "photoUrls": [
        "https://www.rspca.org.au/sites/default/files/website/2019/adopt-a-pet-adopting-a-dog-600x375.jpg",
        "https://www.rspca.org.au/sites/default/files/website/2019/adopt-a-pet-adopting-a-dog-600x375.jpg"
    ],
    "id": "123",
    "category": {
        "id": "13",
        "name": "dog"
    },
    "tags": [
        {
            "id": "0",
            "name": "dog"
        },
        {
            "id": "1",
            "name": "stil dog"
        }
    ],
    "status": "good"
} 
json=None</msg>
<msg timestamp="20200430 22:10:19.694" level="INFO">${resp} = &lt;Response [200]&gt;</msg>
<status status="PASS" starttime="20200430 22:10:18.305" endtime="20200430 22:10:19.694"></status>
</kw>
<msg timestamp="20200430 22:10:19.694" level="INFO">${resp} = &lt;Response [200]&gt;</msg>
<status status="PASS" starttime="20200430 22:10:18.299" endtime="20200430 22:10:19.694"></status>
</kw>
<kw name="Should Be Equal As Strings" library="BuiltIn">
<doc>Fails if objects are unequal after converting them to strings.</doc>
<arguments>
<arg>${resp.status_code}</arg>
<arg>200</arg>
</arguments>
<msg timestamp="20200430 22:10:19.696" level="INFO">Argument types are:
&lt;class 'int'&gt;
&lt;type 'unicode'&gt;</msg>
<status status="PASS" starttime="20200430 22:10:19.695" endtime="20200430 22:10:19.696"></status>
</kw>
<kw name="Log" library="BuiltIn">
<doc>Logs the given message with the given level.</doc>
<arguments>
<arg>${resp.json()['id']}</arg>
</arguments>
<msg timestamp="20200430 22:10:19.697" level="INFO">123</msg>
<status status="PASS" starttime="20200430 22:10:19.696" endtime="20200430 22:10:19.697"></status>
</kw>
<status status="PASS" starttime="20200430 22:10:18.296" endtime="20200430 22:10:19.697" critical="yes"></status>
</test>
<test id="s1-s1-t2" name="Test uppload pet image">
<kw name="Create Session" library="RequestsLibrary" type="setup">
<doc>Create Session: create a HTTP session to a server</doc>
<arguments>
<arg>session</arg>
<arg>url=${Base}</arg>
<arg>verify=True</arg>
</arguments>
<msg timestamp="20200430 22:10:19.699" level="INFO">Creating Session using : alias=session, url=https://petstore.swagger.io, headers={},                     cookies={}, auth=None, timeout=None, proxies=None, verify=True,                     debug=0 </msg>
<status status="PASS" starttime="20200430 22:10:19.698" endtime="20200430 22:10:19.699"></status>
</kw>
<kw name="Add a pet">
<assign>
<var>${resp}</var>
</assign>
<kw name="Get File" library="OperatingSystem">
<doc>Returns the contents of a specified file.</doc>
<arguments>
<arg>D:\\Work\\eclipse-workspace\\ZPetStoreAPI/PetSample.json</arg>
</arguments>
<assign>
<var>${body}</var>
</assign>
<msg timestamp="20200430 22:10:19.701" level="INFO" html="yes">Getting file '&lt;a href="file://D:\Work\eclipse-workspace\ZPetStoreAPI\PetSample.json"&gt;D:\Work\eclipse-workspace\ZPetStoreAPI\PetSample.json&lt;/a&gt;'.</msg>
<msg timestamp="20200430 22:10:19.702" level="INFO">${body} = {
    "name": "pet0",
    "photoUrls": [
        "https://www.rspca.org.au/sites/default/files/website/2019/adopt-a-pet-adopting-a-dog-600x375.jpg",
        "https://www.rspca.org.au/sites/default/fil...</msg>
<status status="PASS" starttime="20200430 22:10:19.700" endtime="20200430 22:10:19.702"></status>
</kw>
<kw name="Create Dictionary" library="BuiltIn">
<doc>Creates and returns a dictionary based on the given ``items``.</doc>
<arguments>
<arg>Content-Type=application/json</arg>
</arguments>
<assign>
<var>&amp;{hdrs}</var>
</assign>
<msg timestamp="20200430 22:10:19.703" level="INFO">&amp;{hdrs} = { Content-Type=application/json }</msg>
<status status="PASS" starttime="20200430 22:10:19.703" endtime="20200430 22:10:19.703"></status>
</kw>
<kw name="Post Request" library="RequestsLibrary">
<doc>Send a POST request on the session object found using the
given `alias`</doc>
<arguments>
<arg>session</arg>
<arg>uri=/v2/pet</arg>
<arg>headers=${hdrs}</arg>
<arg>data=${body}</arg>
</arguments>
<assign>
<var>${resp}</var>
</assign>
<msg timestamp="20200430 22:10:19.704" level="INFO">POST Request using : uri=/v2/pet, params=None, files=None, allow_redirects=True, timeout=None
headers={'User-Agent': 'python-requests/2.22.0', 'Accept-Encoding': 'gzip, deflate', 'Accept': '*/*', 'Connection': 'keep-alive', 'Content-Type': 'application/json'} 
data={
    "name": "pet0",
    "photoUrls": [
        "https://www.rspca.org.au/sites/default/files/website/2019/adopt-a-pet-adopting-a-dog-600x375.jpg",
        "https://www.rspca.org.au/sites/default/files/website/2019/adopt-a-pet-adopting-a-dog-600x375.jpg"
    ],
    "id": "123",
    "category": {
        "id": "13",
        "name": "dog"
    },
    "tags": [
        {
            "id": "0",
            "name": "dog"
        },
        {
            "id": "1",
            "name": "stil dog"
        }
    ],
    "status": "good"
} 
json=None</msg>
<msg timestamp="20200430 22:10:20.902" level="INFO">${resp} = &lt;Response [200]&gt;</msg>
<status status="PASS" starttime="20200430 22:10:19.704" endtime="20200430 22:10:20.903"></status>
</kw>
<msg timestamp="20200430 22:10:20.904" level="INFO">${resp} = &lt;Response [200]&gt;</msg>
<status status="PASS" starttime="20200430 22:10:19.700" endtime="20200430 22:10:20.904"></status>
</kw>
<kw name="Should Be Equal As Strings" library="BuiltIn">
<doc>Fails if objects are unequal after converting them to strings.</doc>
<arguments>
<arg>${resp.status_code}</arg>
<arg>200</arg>
</arguments>
<msg timestamp="20200430 22:10:20.906" level="INFO">Argument types are:
&lt;class 'int'&gt;
&lt;type 'unicode'&gt;</msg>
<status status="PASS" starttime="20200430 22:10:20.905" endtime="20200430 22:10:20.906"></status>
</kw>
<kw name="Log" library="BuiltIn">
<doc>Logs the given message with the given level.</doc>
<arguments>
<arg>${resp.json()['id']}</arg>
</arguments>
<msg timestamp="20200430 22:10:20.908" level="INFO">123</msg>
<status status="PASS" starttime="20200430 22:10:20.907" endtime="20200430 22:10:20.909"></status>
</kw>
<kw name="Create Dictionary" library="BuiltIn">
<doc>Creates and returns a dictionary based on the given ``items``.</doc>
<arguments>
<arg>Content-Type=multipart/form-data</arg>
</arguments>
<assign>
<var>&amp;{hdrs}</var>
</assign>
<msg timestamp="20200430 22:10:20.910" level="INFO">&amp;{hdrs} = { Content-Type=multipart/form-data }</msg>
<status status="PASS" starttime="20200430 22:10:20.909" endtime="20200430 22:10:20.911"></status>
</kw>
<kw name="Get Binary File" library="OperatingSystem">
<doc>Returns the contents of a specified file.</doc>
<arguments>
<arg>D:\\Work\\eclipse-workspace\\ZPetStoreAPI${/}petimage.jpeg</arg>
</arguments>
<assign>
<var>${file_data}</var>
</assign>
<msg timestamp="20200430 22:10:20.911" level="INFO" html="yes">Getting file '&lt;a href="file://D:\Work\eclipse-workspace\ZPetStoreAPI\petimage.jpeg"&gt;D:\Work\eclipse-workspace\ZPetStoreAPI\petimage.jpeg&lt;/a&gt;'.</msg>
<msg timestamp="20200430 22:10:21.062" level="INFO">${file_data} = \xff\xd8\xff\xdb\x84	


	\xff\xddK\xff\xeeAdobed\xc0\xff\xc0...</msg>
<status status="PASS" starttime="20200430 22:10:20.911" endtime="20200430 22:10:21.063"></status>
</kw>
<kw name="Create Dictionary" library="BuiltIn">
<doc>Creates and returns a dictionary based on the given ``items``.</doc>
<arguments>
<arg>file=${file_data}</arg>
<arg>type=image/*</arg>
</arguments>
<assign>
<var>&amp;{files}</var>
</assign>
<msg timestamp="20200430 22:10:21.114" level="INFO">&amp;{files} = { file=\xff\xd8\xff\xdb\x84	


	\xff\xddK\xff\xeeAdobed\xc0\xff\...</msg>
<status status="PASS" starttime="20200430 22:10:21.065" endtime="20200430 22:10:21.114"></status>
</kw>
<kw name="Post Request" library="RequestsLibrary">
<doc>Send a POST request on the session object found using the
given `alias`</doc>
<arguments>
<arg>session</arg>
<arg>uri=/v2/pet/123/uploadImage</arg>
<arg>headers=${hdrs}</arg>
<arg>files=${files}</arg>
</arguments>
<assign>
<var>${resp}</var>
</assign>
<msg timestamp="20200430 22:10:21.118" level="INFO">POST Request using : uri=/v2/pet/123/uploadImage, params=None, files={'file': b'\xff\xd8\xff\xdb\x00\x84\x00\x03\x02\x02\x02\x02\x02\x03\x02\x02\x03\x05\x03\x03\x03\x05\x05\x04\x03\x03\x04\x05\x06\x05\x05\x05\x05\x05\x06\x08\x06\x07\x07\x07\x07\x06\x08\x08\t\n\n\n\t\x08\x0c\x0c\x0c\x0c\x0c\x0c\x0e\x0e\x0e\x0e\x0e\x10\x10\x10\x10\x10\x10\x10\x10\x10\x10\x01\x03\x04\x04\x06\x06\x06\x0c\x08\x08\x0c\x12\x0e\x0c\x0e\x12\x14\x10\x10\x10\x10\x14\x11\x10\x10\x10\x10\x10\x11\x11\x10\x10\x10\x10\x10\x10\x11\x10\x10\x10\x10\x10\x10\x10\x10\x10\x10\x10\x10\x10\x10\x10\x10\x10\x10\x10\x10\x10\x10\x10\x10\x10\x10\x10\x10\xff\xdd\x00\x04\x00K\xff\xee\x00\x0eAdobe\x00d\xc0\x00\x00\x00\x01\xff\xc0\x00\x11\x08\x01w\x02X\x03\x00\x11\x00\x01\x11\x01\x02\x11\x01\xff\xc4\x00\xae\x00\x00\x02\x02\x03\x01\x01\x01\x00\x00\x00\x00\x00\x00\x00\x00\x00\x04\x05\x03\x06\x01\x02\x07\x00\x08\t\x01\x00\x02\x03\x01\x01\x01\x00\x00\x00\x00\x00\x00\x00\x00\x00\x00\x02\x03\x00\x01\x04\x05\x06\x07\x10\x00\x02\x01\x03\x03\x02\x04\x05\x01\x05\x06\x04\x03\t\x01\x01\x01\x02\x03\x00\x04\x11\x05\x12!\x061\x13"AQ\x07\x14aq\x812\x15#B\x91\xa1\x083Rb\xb1\xc1\x16$r\xd1Cc\x82\x17%4S\x92\xa2\xb2\xe1\xf0\xf1\x83\x11\x00\x02\x02\x02\x02\x01\x03\x01\x06\x07\x00\x00\x05\x05\x00\x00\x00\x01\x02\x11\x03!\x121\x04\x13AQa"q\x81\x91\xa1\xf0\x05\x142\xb1\xc1\xd1\xe1\x15BRb\xf1#\x92\xa2\xd2\xe2\xff\xda\x00\x0c\x03\x00\x00\x01\x11\x02\x11\x00?\x00\xbf]\xb7\x06\xbc2&gt;\x80\xc4W\x87q\xa7\xc4K\x01d$\xf1L\xb0h\x91\x01QKc\x11\x0c\xe7\x8a$X\x13\xfd)\x85\x03\xc8;\x1a!l\xf3\x91\xb6\x800M\xf8\x9b\x15o\xa1~\xe3\xfd4\x82\x00\xac9\rp\x1e\xc0\xa0\x81YY\xa5 \xf4\x85qK\xb0\xcd\xd2\xdc\x16\xaa.\x83"\xb58\xa0%\x1b5\xb3sTP4\xb12\xe7\x8a\x84\xa0\'fN\xfcUYTh/\n\xf0MX\xa9D\x8eY\x12OZ\xa6\xd0\xa6\x81\x1c"\x1e\xfc\xd6v\xc5\xb8\x8ct{\xe3\x1c\xab\xcf\x19\xedKUbd\x8e\x8d\xa6\xdc\xc7{\x02\x8c\xf9\x87j\xe8\xe3i\xaa2IS\x0c6\xce=(\x9e&amp;\x01\xaaE&amp;\xec\x01T\xb1\xb0XE\xc4\xb0\xe9\xd6\xadsv\xe1\x00\x19\xc14\xd9%\x05\xb0\x0eC\xd4\xfa\xfc\x9a\xce\xa8fS\xfb\xa8\xfc\xb1\x0f\xa7\xbd`\x96\xdd\x8eQ\xa0\x131)\xdb\xf3C\xc41\x96\x90K:\xb7\xa5U\x16^t\x991\x81Z \x8a.\xfa&lt;\x9c\x02k\xa5\x8d\t\x91l\xd3\xe4\xe0WC\x19\x96C\xeby8\x15\xba&amp;V\x1f\x14\x94\xf4%\x85G 4\xc0\x192\xbd\x10-\x13+\xd1\x00H\xadD\x99\t\x15\xaa\xca6\xdd\xc5YDR\xc9\xc6\rB\xc5w\xb2`\x1a[,\xa9\xebS\xe1NN)\x12cQ\xc7\xfa\xfbUX\xe0\x95\x14\xf9\xb0r\xd5\x86l3\xe6\xde\xb1\x9dngx\x91\x81\xe7\x93E\x8c[vTl^+K\xe5y\\\x0c\x9e9\xad\x13V\x81\xe8\xfa\x13\xe1\xd6\xbc\x12\xda5C\x95\xc0\xcdd\x8e\x99\xa5tvn\x9e\xd4\xd2\xe2X\xd1yc\x80\x05;\x90tu\r\x17\xa6\xde\xee\xc7\xf6\x9e\xa9(\xb0\xb4\\\x97\x9eR\x14\x05S\xf5\xc7z\xd2\x95\xab\xe9|\x88r\xdd-\xb2\xa7\xd5\xdf\xda\'\xa3:i\'\xd0&gt;\x1e\x8f\xda:\x9bf3}\xb70D\xdd\xb3\x93\xfa\x88\xf6\x1cUz\xeb\xa8~\x7f\xe8t|I=\xcf\xf2+\xbd)\xf1g\xad,f7\x9a\x9d\xeb^\xa4\xa776\xd3\xe0\xc4\xe0\xf7\xe3\xd3\xf1M\x8b\xa5\xb2\xa7\x897\xa0\x9f\x89v\xdaw\xed\x08\xeet\xc5\xf0a\xba\x89\'6\xe7\xba\x19\x06H\xaet\xd2\xbdti\xc5u\xb3\x97]Z\xaa\xccUx\x14\xb8\x8f\x17\xde\xdbn\x18\x02\xad\x96\x81\xad-\xc2\xc9\xe5\xe3\xbd\x0ba\xa1\xbc1\x82\x06=)m\x9a\xa0\x8dn\xd4\x11\xb4\x8a\xc1\x99\x9dL(O-\xb6I8\xef\\\xac\x8c\xec\xe3B\xeb\x8b2CV93dP\x86\xfe\xd4.x\xa2\x8b\x06EkR\x1b\x14\x8a\xd9\x04d\x9b*\x9a\x8c\xf8\'\x9a\xe8c\x89\x82s\x10\xdd\xdf\xec\xfe*\xdd\x0cF9e\x02mW\x1f\xc5\xfdi\xcb\x08\xbfX\x88\xea\xe3\xfc_\xd6\x8b\xd0\x07\xd74md\x7f\x88\x7f:\xbf@\xa7\x9c\x8c\xebC\xfcT_\xcb\x83\xeb\x91&gt;\xb0\xa7\xf8\xe8\x96\x00}r\x07\xd6\x17\xd5\xe8\xd6\x00\x1er\x17\xd6\x13\xd5\xe8\xd6\x00^r\x07\xd6\x13\xfctk\x00\x0f: }]\x7f\xc5LXE\xbc\xe4-\xab\xa7\xf8\xa8\xbd\x10=tB\xfa\xb2{\xd1\xac \xbc\xe8\x85\xb5T\xf7\xa3X@y\xd1\x0b\xea\x80\xfa\xd1\xac &lt;\xc7\xff\xd0\xbd\xdd\xf65\xe1"}\x05\x88\xee\xb3\x9cV\x84)\x90\xaa\xd4l\xb4\x8d\xa4\x18\\\xd5\x04\t1\xe2\x89\x14\xc0\xe48\xa6 X4\x99\xc6h\xac\x06\x8d\x19\xf0\xbc\xd0\x84\x02\xaf\x99\xea\xdfB\xd7c\xfd2C\x91X\xb2\x1b Y-[8\xcdc\x91\xa5\x0c\xe1&lt;\x01Kc\x03 @M\t\x060\xa0\xdbTCf\x8cb\x84\x80s\xa7z\x8c\x82\xcb\x84\x1c\xd4(Wq\x18\xe6\xa5\x82\xc0\xdc\x85\xce\r)\xb1L\x15\x9c\x93\x92il[%\xb6\xba\xf0\\\x1c\xd2\xc5\xb4Z4\xae\xa2\xf9l\x12\xd4\xe8\xe4\xa1\x12\x89g\xb5\xeb\x8bD_\xde8\xed\xebZ\xe3\xe44fx\xc0\xb5O\x8a:}\x92\x9f\x0f\xcc\xfe\x80w\xa3y\xdb\xe9\x01\xc0\xa0k\xbds\xa8\xeb\xd2\xe2W\xd9\x0f\xf0\xc4\x0f\xfa\xd2\xdaol5\x11Y\xbd\x19\x0cj\xf8\x97A\t\xabB\xa3i\xc5S\x8b#c]?Q\x8c0)\xda\x97EYt\xd1/VM\xb84\xd8\x10\xbei\x17\x03\n+\xa3\x01\x12-\xfat\xdc\n\xdd\x06f\x92\x1f[J0+lL\xd2C\x08\xa4\xf4\xa7!-\x04\xc7-50\x02\x12J$\t:=\x10-\x13+\xd1\x00J\xadD\x99\x0c\xb3\xf1VJ\x06\x99\xf84-\x90O|\xed\x83Ka\xa2\x9d\xafJJ6k,\xc6\xa3\x8c\xf5\xf5\x8d\xed\xcc2\xfc\xb23\xe4\x12v\x82x\xacS\x92A3\xe7N\xa9\xd3u\x0b\t^[\x98]\x14\xe7\x05\x81\x00\xd6\x8csO\xa1\x0c\xe77\x97\xd2|\xe09\xc6\xd3]\x05\x1d\x0b;O\xc2mGR\xd5.\xec\xf4]6\x17\xba\xbb\xbae\x8e\xde\x08\xc1ff\'\x03\xb5s\xb2*vi\x8c\x92[&gt;\xc4\xf1\xfa\x07\xe0?N\xc3\x7f\xf1*\xed.5\xb9O\x8b\x06\x99k\xfb\xd9\xd9\xd3\x90\x80\x0f@{\x93\x81EJ;\x96\xdf\xc2\xff\x00#\xa1\t\xe4\xfe\x9d/\x93\xe7\x7f\x88\xff\x00\x1cz\xf7\xe2\xc6\xa7([\x894\xdd\x11\x98G\x0e\x8f\x03\x11\x12\xa2\xf2&lt;\\~\xa6\xf5&gt;\x942\xb9;\x97\xe5\xec\x8e\x9e,Q\xc6\xaa=\xfc\x9bt\xce\x94l\xe3\x12\xca\x01&gt;\xb3c\x8c\x0eI\x19\xa7CEOaZ\x8fT#\\G\xa6i\xaf\xe29`%\x0b\xdb\x19\xedY\xf3I\xc9R\x1f\x8f\x17\r\xb3\xb8\xfcE\x9e\xdb\xf6\x95\xb7\x94\x82-m\xf7\x0f\xae\xc1W\'O\xf0_\xd8\xe7\xe3N\xbf\x13\x95\xeb\x1a\x88K\x8d\xb0\xa0\x18\x1c\xe6\xb3s\xd9\xad@U=\xdb\xc82\xcd\x81\xec(\xac\x9cMm$_\x13\xbex\xa8ZCHeZ\xcf&amp;l\xc6\x8cK\xe7&lt;W?#:\xb8\x90;\xc4+\x9d3\xad\x8c\x12\xe6\x10\x10\xd69\xb3dJ\xce\xa9\x1f\xea\xc0\xa3\x80\xb9\x94]~O\x0815\xd3\xc2\xac\xe5\xe5\x95\x1c\xdfZ\xd5v;s\xda\xbb\xf8q\x1c&lt;\xd9h\xa5j\x9a\xf9\x0e@j\xec\xe2\xf1\xce&gt;_ T\xda\xf3\x7f\x8a\xb4\xac\x08\xcd\xfc\xc1\x0bk\x8d\xe8\xd4~\x80?\xcc\x11\xb6\xb6\xe7\xd6\x8b\xd1@\xfa\xec\xd3\xf6\xcb\x9fZ\xbfE\x15\xeb\xb3V\xd6$\xf7\xab\xf4Q^\xbb"mZC\xebV\xb1"\x9efF\xda\x9c\x87\xd4\xd1zH\x17\x99\x91\x9dFC\xefE\xe9\xa0}fho\xa4&gt;\xf4^\x9a\x05\xe6f\x86\xf6J\xbfM\x03\xea\xb3Sy!\xf5\xab\xe0\x81\xf5\x19\xa9\xba\x90\xd1qEz\x8c\xd4\xdcH}jqEz\x8c\xff\xd1\xbe\xdd\xaeA\xaf\x04\x99\xf46$\xb9O==1M\x1a*\x81R\xc2\xa3Yq\xb7\x15\x13,\x02s\x8a4\x0b\x02c\xcd\x18$r\xfe\x93Q2\x80\xa6\x90\x05\xc0\xa2\x05\x81F\xdf\xbe\x19\xab\x97@\xae\xc7\xfac`\x83Xr\x1a\xe0Xl\xe5\xc9\x1c\xd6I\x1ab7\x86N\x05)\x8dA\xf6\xcfTX\xce\x17\xe2\xa8\xaa$.1\x9a\xa2P%\xc3\xadB\xc57R\x8ej\x81\x14\xddL\x00\xef@\x03\x15\xcb8\x19\xe6\x81\x8a`\xe6l\xd04)\x98\xf1\t\xed@\t\xa4\x97\xbb\x07\x07\x9a$\x85\xb2\x16\xd4HBK\x9e)\xca"\xd8\x92\xf7RVbCV\xd8@S\x15\xcb\xab\x18\x8f-ZV1M\x99\xff\x00\x88\x11W\xcc\xf4k\x119\x03\xb7P+8\xf3\xd5\xbcB\\\x8b\x0e\x89\xab\xbb\xb2\x80\xf9\xcdd\x9e0\xe2\xce\x99\xd3\x97.\xdbN\xee\xf4\xb4\x86\x1d\x1bE\xb8\x7f.Mk\x80\xb9"\xef\xa6O\x95\x195\xba\x06i"\xc1mp1["\xcc\xed\x06\xc5q\xdb\x9ar\x90\x96\x83"\x9c\x1fZrb\xda\x0b\x8eP}i\x89\x8bh)\x1e\xac\xa2tz4\x0bD\xca\xc3\x15`\x9ev\xe2\xae\xca\x06\x99\xb0(Yb\xcb\x98\xae.\tXP\xb1?J[a\xa0h\xfa,\xcf)\xb9\xd6\xa4X-c\xf3&gt;\xe6\x00`w\xc9=\x85"Qor\xd2\xf9\x0e\xfe\noX\xfcd\xf8A\xd0\xb1\xb4QY&gt;\xa6\x13\xca\xd2\xc0\x83\xc2${H\xd8\x07\xf1Y=\\_\xf9#\x7fVk\xc7\xe3N[z+\xfa\x7fW\xff\x00g\xef\x8fV\x0f\xd3X]\'Q\x94\x14\xb7\x82\xf1V\x16r\x7f\xf9n\x0e\xd2~\x99\xa5Ic\x96\xab\x83\xf6~\xc4\xc9\x82q[\xda&gt;b\xf8\xa7\xfd\x92&gt; \xf4\xcfUA\xa6t\xd5\xa3\xea\xf6\xfa\x9c\xc2\x1b\x16\x88e\xd4\xb1\xe3\xc4\x03\xb2\x8fV\xed[1\xf9\x12\x87\xd9\xc8\xa9\xff\x00\x7f\xb8\xe7\xca-\x1d\xf3J\x97\xa4\x7f\xb3&gt;\x824]2\x085n\xbdku\x8e\xf2\xfe!\xbdl\xc2\xc6#\x11F\xf8\xe3\xb1,{\x92\x7f\x92\xe3wo\xbf\xed\xff\x00~\xa6\xfc^?-\xbe\x8eWwa\xaeuN\xa7?Su%\xca\x99\xef[\xc5\x9d\x9c\xf9\x94\x1e\xc83\xd8\n5\x8e\x91\xd3\xe5\xbaA6\xb6v\xb1\xb1\x83O\xb77+\x9e\x18\x0c)orGzL\xf2\xc6&amp;\xdc^,\xe5\xf4\x0c\x9e\xdbS\xb8\xb4x\xa5\xca\xbc|\x08\xc7\x00\x0flV9g\x94\xdd#\xa9\x0f\x0e\x18\xd5\xb1\x9fBtx:\x9d\xbc\xb7\x11\xf9\xa4\x91\x07&lt;\x93\x96\x1e\xf5\xd3\xc7\n\x85\xb3\x83\xe6e\xb9R:\xc7\xc4\xe9\xed\xe3\xd6\xeeY\x08"5X\xd5W\xd7j\xe2\x91\x99\xd4\x9d\x18\xb0\xf4\x8e\x1f\xac\\Ln]\xdf\xd4\xe4V$oB\xb7\xbf\x91\x067}\xa9\x85\x13i\xfa\x8b&lt;\x84\x13T\xd9il{mp_\x9c\xd6y3n4\x1f\x1b\xe6\xb0\xcd\x9d&lt;h\x97\x01\xab\x04\xce\x9c\x01n\x94m5\x92]\x9a\xe2Vu^\x03b\x99\x01S9\xd7Tgkq]o\x1f\xb3\x91\x9c\xe4]D|\xed^\xa7\xc7&lt;\xcevP5#\x99H\xae\xee5\xa3\x85\x91\xec\x04\xad8A\xae\xc1VC\x1b\x05B\x1e\xd8*\x10\xd5\x94T!\x19QV\x8a5`\x05YF\x95e\x1e\xe2\xa1F*\xca0q\xebVQ\x83\x8a\x841VQ\xff\xd2\xe8wI\x90k\xe7\xe9\x9fE\xa1-\xccgvE90(\x81\x86\x01\xab\xb2\xc1dc\xda\x89\x14\xc0\xae\r\x1a\x04\x11\xbb\xd1\x15DS0\nj\x88\xc5s14\xd1`\xb1\xb8\x13\x0c\x9a\xb7\xd0+\xb1\xe5\x94\xfd\x805\x86f\xb8\x0f\xec_\x80k$\x8d1\x1cA\'\x1c\xd2\x86!\x8d\xac\x9d\xa8B\x1aB\xfeZ\xa23w\x94\x01P\xa0\x0b\xa9\xc6\x08\xcdF\xc8#\xbc\xb8\xdb\x93\x9a\x10Dw\x97\xd8\xcf5i\nlQ6\xa2\x14\x9c\x9f\xcd_\x11-\x9eK\xb4p\x084\xa9D\x06I\xe2\xe4d\x9cR\xca\x02\xbb\x9c\x01\x92p(\xe2\xac[E{P\xd6\x8a\x92\x91\x9f\xbdtq\xe1\x13&amp;&amp;\xb8\xd4\xdd\x81\xc1\xad\xf0\xc6%\xb1M\xd6\xa9(\x18\xf6\xad\x90\xc6\x84\xc9\x8b&amp;\xd4&amp;f\xcekB\xc6\x84\xb6b\x1b\xe9L\x835R\x82\xa0,\xbc\xf4\xc5\xe1gO\xc5s2\xc4\xd1\x03\xb0t\xcd\xd6\x152k\x05\x1aN\x93\xa3]\xae\x17\x9alX\xa6\x8b\x96\x9dx6\x8ekTd!\xa1\xe5\xbd\xf7\x03\x9a\xd2\xa4!\xa1\x8cW`\xfa\xd3\x94\x84\xb4\x1d\x05\xce}i\xeaB\xda\x18C=91M\x07C6x\xa6\xa6\x03Aq\xbd\x10$\xea\xdcU\x94{qf\xc0\xa9eP\xb7\xa8\xba\x9b\xa6:R\xd0\xdfu%\xfcv\xb1(\xdcw\xb0\x04\xe3\xd8w\xa4e\xcf\x08\x7fS\xfc\x07\xe2\xf1\xe7&gt;\x91\xc0z\xeb\xfbfi\xfa{=\x97A\xe9\xebpT\x90/.2\x14\xfd\x94sX\x9f\x91\x92_\xd2\xb8\xaf\xd4\xeaC\xc1\x8a\xfe\xa7g\x1e\xd5~;|G\xf8\x83\xa9\xaau]\xf3.\x8c\xa43\xd8[\xfe\xea&amp;\xc7m\xd8\xe5\x87\xd0\x9a\xcb\x92&lt;\x97\xdam\xb3n&lt;0OHY\xd7]xz\xc2\x18\xb4\xbb\x0b5\x86\xd2\xdcm@\xa3\x1b\xb1V\xb5\xb6=F\xfa\x0c\xf8W\xf0_\xa9\xba\xdf\xa84\xdbk\x18\xbc;BR\xea\xee\xe8\xe4,\x10+\xe0\x92}\xce\xde*s\xe6\xf8\xad\xb1yk\x1cm\x9fKu_\xc4\xf3\xd1:l}\t\xd17\xad\xa9\xdf\xc5\xba\xdemf\xe3\xcem\xd4\x8ea\x80\x9c\xb1`8\xc9&lt;w&gt;\x82\xb5cN1\xe0\x9d\xff\x00\x8f\xa29+\x17\'\xcaJ\x97\xc1\xc9_E\x9d\x9dD1\x89n\xca\xe1\xe6\x94\xef\xc31,Y\x89\xe4\x92\xc4\x92kL\xab\x14M\x98`\xf2\xcb\xe8h:B\xec\xcf\r\x84\xf3\xfc\xcc\xf2\x9c\xb2\xa0\xc0Q\x9eI\xc5q2y-\x9e\xab\x0f\x87\x18\xab:f\x87\xd2\xb6V\x10Gj-\xc1#\xd7\x15\x9a1\x94\xd9\'8\xc5\x01j\x9a\x0c0\xdfI+&amp;3\x808\xae\xdf\x8f\x81Gl\xe4y\x1eK\x94i\r\xfa\x1bM\xb7:\xe4w2\x0f\xdci\xe8\xd72\x9e06\x8e;\xfb\x9a\xdb\x91\xa4y\xe97b}u\xdbS\xba\xb8\xbb\x7f\xfcFf\x1fl\xf1\\\xf6\xbd\xcd\x11\xd1B\xd6\xb4\xd5,\xc7\x1c\xd2\x1a4&amp;S\xaf\xed\xbc2G\xb5@\xc1\xf4\xe6\xd99\xcf\xda\xaaE\xc7\xb2\xc5g/\xb1\xacSgC\x1a\x1a\xdb\xc9\x91X\xa6\xce\xa64\x1f\x11\x1brk\x14\x99\xbe\x04W\x00\x14&lt;Vfj\x89V\xd5\xff\x00I\xa6DT\xceo\xd5m\x85a]\x7f\x1dl\xe3\xf9\x0c\xe3\x9dH\xf8f\xafU\xe3\xa3\xcb\xf9\x0c\xa0\xdf6e5\xdc\x82\xd1\xc2\x9f`\x84\xd3\x05\x18\xddP\x86\t\xa8K&lt;\x0f\x15\x08h\xc7\x15d"&amp;\x88\xa3Rj\xcal\xd35`\x1e\xcdY\x0ff\xa1\x0c\x13P\xa3\x15d1P\xa3\xff\xd3\xe97*+\xe7\xa8\xfaE\ng\x88\x13F\x99T\x052m\xcd\x1a`\xb4\x01(\xa6 @.[\x02\x98\x8a\x04-\xcdB\x81.$8"\xad\x02\xc0f&lt;f\x98\x98\x02\xd7\x91\x84\xe0\n?`=\xc7zi&lt;\x1a\xc3\x90\xd7\x02\xcbf\xd8\x02\xb1H\xd4\x86\xb0\xbd-\x8c\x19Z\xbfj\x10\xa8d\x92\xe1j\x88\xcd%\xb8\xe3\x15@\x8bn\xee\x00\xceMB\x98\x86\xfe\xeb\x00\xf3E@6V5\x1b\xd3\xcf4\xe8\xc4L\x99_\xba\xd4\n\x9eO\xf5\xa7\xa8X\x86\xc1\xe2\xd5\x9dX\x15cW,6\x05\x86&gt;\xbf$q\xe0\xb75\x9dx\xf6\xc9b\xab\xadbi\xf3\xb9\xb8\xadp\xc0\xa2\x03\x15O&gt;NI\xad\x91\x88\x96\x06\xf2f\x9c\x90\x96/\xbb|\x13Z`%\x80\x96\x07\x9a\xd0-\x92[\x9d\xd2(\x14\x12\xe8\x02\xf5\xd3AU\x96\xb9Y\x8d0:\x8e\x87s\xe1\x04\xe7\xda\xb9\xd25\x17\xdd#R\x03o5J@2\xdf\xa7\xea\x83\x03\x9atf%\xa1\xe5\xbe\xa6\x0e\x0ei\xeab\x1a\x1a\xdbj\x00\xe3\x9a|f)\xa1\xbd\xa5\xe0&gt;\xb9\xad1\x90\xa6\x86\xd6\xd7\x19\xc75\xa11M\r-\xe5\xce)\xc9\x8bha\x13\xe4SP\xb6\x14\x81\x9f\n\xbd\xcd\x10\'&lt;\xf8\xdf\xf1{L\xf8O\xa1l\x8d\xd6mf\xec\x11gj\x0f\x98zooe\x15\x87\xc8\xce\xe3\xf6#\xfd_\xd8\xdb\xe3`\xe6\xed\xf4|C\xd5\xfds\xd5=q\xa8Iw\xad\xdd=\xcc\xaer\xaaI\xd8\xbf@;V\x18\xc1-\xfb\x9e\x861\xa5H\x8f\xa7\xfae\xae\xee\x05\xd5\xf8+\x02\x0eT\x8e\xe6\xaaY+\xa1\x8a\x16Z\xa1\xe9\x99\xee\xf1\r\xb4ec\xec\x8b\x8ei\x0eLz\xc6u\xaf\x84\xbf\xd9\xce}~#\xaa\xea\xe0CnY\x1d\x0b\x8c\x01\n\xb7\x9d\x9f\xd8\x108\xa6\xc7\x1c\xb2i\x18\xb3\xf9P\xc3\xf7\x96O\x8a\x1f\x16\xf4\xbe\x90\xd2\x13\xe1\x87\xc2\x18Qr\xabmu\xaa\xa9\xcc\x84\x7f\x16\xdcr\x00\x1c\xe7\xdc\xf1\xeb[1\xc21\x8f\x18u\xee\xfd\xdf\xfc9\x8a3\x9c\xb9\xe4{\xf6_\x05k\xa4:Z\xee;+st\xc5\xa7+\xe6\x90\xf3\x8d\xdc\x9f\xc9=\xcdi\xbe\x0b]\x8e\x8c9\xcb}\x16\x9b\x91k\xa2\xdb\xad\xbd\x9cI5\xdc\x83\x081\xceO\xa9\xae&lt;\xf9M\xf6zo\x1f\x1cb\xba\xa4Y:#\xa5\xed\xa1\x89\xaf/\x8e\xeb\xb9\xbc\xd21\xf4&gt;\xd4\xc8x\xd7\xd9\x9b\xcb\xf3]\xd4z-WV\x96\xf0\xc6\xad\x0e;\xe3\x03\xde\xba\x10\xc4\x91\xc7\x96iK\xb2\xa3\xae\x043\xb9?\xc3\xde\xb7\xc2&amp;L\x92t\x19\xa0\xe2\xc7\xa4\xb5k\xd0\x007\xac\xb6\xd1\x03\x8c\xb69$}\xb3Y3&gt;\xff\x00#/m\x15Y\xa3\xda\x845gf\x84Uu\xc8\xc6\x18\x8aSC\xa2s\xfdW\xcb#g\xd74\xa1\xc2x\x1f\x121\xa0\x90\xc8-\x8d\xec\'l\xf7\xacY\x0e\x964;\xb4\x98\x95\xac\x13:x\xd0\xd2\x06&amp;:\xc9#|OL\x7fvk;\x1e\x8a\xc6\xaf\xc2\x9alD\xcc\xe6=XI\xdc+\xb1\xe3\x9c\x7f \xe3\xddK\xfd\xe3W\xab\xf1\xfa&lt;\xb7\x90P\xaf3\xe2\x9a\xed\xc3\xa3\x87&gt;\xc1H9\xa3\x16k\x83P\xaa&lt;T\xd5\x90\xf6\x0e*\x17F\x8c\xa6\xae\xca#+VCR*\xcah\xd3\x14@\x1e\xdbP\x87\xb6\xd4!\x8d\xb5\n=\xb4\xd4!\x8cU\x90\xff\xd4\xe9\xb7\x02\xbev\x8f\xa5\x0b%\x1ej"\x00\xdd\x01\xc8\xa2E4+\x9e\x9c\x85\xb1m\xcex\xa7 \x01\\`f\xa9\xb2\xc0\xee\x07z\xb4\x0b@\x12\x9f.(\xc0\xa1s)\xf1\x85\x1bz\x06\xb6=\xd3F\x14f\xb0\xe45E\x0f\xed\x1b\x80k$\x8d(g\x0b\xe0R\x98c+Y\x06\x01\xaa\x0c7\xc5\xc2\xf7\xa1# \x9a|\n\x80\n\xafn85h\x06V\xb5\x1b\xbe\x18\xe6\x9f\x18\x8a\x93*\xb7\xf7\x85\x89\xadq\x88\x96\xc47S\x02\xc4\x93\x9a\xd5\x18\x8a`\x9f4\xcb\xc2\x8ao\x02\x18\xf1\x99\xb9sS\x88&amp;\xa6C\xef\xc5_\x10\x18,\xf2\x81\x9c\x9a5\x112\x06\x92\xe3\x8cST\x04\xb1u\xd4\xd95\xa6\x11\x10\xc0\x9aC\x9au\nl/Ol\xb8\xcd*eE\x97M\x06}\x8c\t\xae^Ti\x8b:\x0e\x99{\xbdF\rs\xa4\x8d6Y\xf4\xedP\xc2T1\xac\xcfDe\xa3N\xd7\x01\xc0\xdd\xfdj)\x8ac\xfb]d\x1ca\xa9\xaabX\xfa\xc7T\x07\x1c\xd6\x98\xcc[E\x8fO\xbd\xdd\x8ekd$-\xa2\xc5ep[\x00w\xf6\xad)\x8ah\x7fhq\x8c\xd6\xa8\x88c8^\x9e\x98\xa6\x895\xadz\xc3\xa4\xba~\xe3\xa8u\x03\x91\x12\x91\x14C\xf5H\xe7\x85U\xfa\x93K\xcd\x99b\x87/\x7fo\xbc,x\xdc\xe5H\xf8\x8b\xaa\xd3\xad~+\xf5U\xf5\xcb\xd8I$\xd2\xcf\xb7\xc5\xc11\xc3\x1ex@~\x82\xb8Jj7n\xdb=, \xa3\x1aA\x17?\x0em\xb4,\xd9\xdd\x15\x96\xea\x10\x0c\xac\x0f\xa9\xf4\xa9rf\xb4\xb47\xd2:c\xc5\xdb\xe2\xae\x17\x1c\x01\xe9E\xc5\x8f\x8a;O\xc3\x1f\x85\t~S\\\xd6\x87\xca\xe9\xb6\xf8o\x11\xb82\x1f@)\xd8q9\xbf\x84\xbd\xcew\x99\xe6,k\x8cw&amp;A\xf1\x8b\xe3\xf6\x9d\xd3\xfd?{\xa2t\xc4\x01\x02\x06\xb4\x824 \x19d \xaa)\xfc\r\xc7\xd9~\xa4V\xd7+\\b\xa9\x1c\x8cX]\xf2\x96\xd9\xc2~\x13\xf4\xe5\xee\xa7\xa8\x1dcZP\xd7\x13\x1d\xf2\x95#j\x1698\x1d\x856\x11W\xf7\x1a\xf2:Gl\xbc\x9e\xdfL\xb6\x1f+\xe6\x97\xf8\x14p?\x15\'\x077^\xc3\xfcv\xa3\xb6O\xd3ZR\x9b\x83\xa8\xdfa\xa4\x7f1\x07\x9c\x0faW\x1c)\r\xcf\xe56\xa9\x17x\xf5KH\xb6\xc7\x12q\xeb\xf7\xa6\xf1H\xe6\xfd\xa6\r\xab\xea\x8fg\x11\x94\x80\x14\xe0\x81V\x90K\xeaR\xae\xaf%\xbf\x91\xf2\xdc\xb9\xe1G~O\x14\xde\x96\xc4\xe4k\xd8\xb1\xf5\x0e\xdd7O\xd3t\x08\xb8\xf9h\x83\xdc\x13\xdf\xc5\x93\x93\\\xf9v*=\xd9[\xb8*P\xd0\x8cEW[BQ\x8d*C\xe2s\xbdc\xfb\xc6\xfc\xd6sR\x12B\xbev4\xb9\x8c\x82\x19Y\xf7&amp;\xb1M\x9d&lt;C\xbb?\xd0+\x04\xd9\xd4\xc6\x87p\x0f\xdd\x0f\xadef\xd8\x99\x9dq\r)\x8eE[Y\x07kSb"g2\xea\x90|\xf5\xd8\xf1\xce7\x90q\xfe\xa4\xfe\xf5\xeb\xd4\xf8\xfd\x1e_\xc8(wk\x99I\xae\xdcz8\xb2[\x07(h\xc5\xd1\xed\x95\tG\xbc3P\x94ceBQ\xab%BQ\xa1\x8c\xd4*\x88\xccuvU\x1a\x18\xcd]\x95G\xb6\x1a\xbb%\x18\xd8jY(\xc1SR\xca\xa3\x05j\xec\xaa0V\xae\xca\xa3\xff\xd5\xe9\xd7X\x19\xaf\x9c\xa6}4S3\xf9\xa8\xd0\x00W\x0c\r\x12 \xbea\xc5\x1a`4*\xbb\x14\xf4-\x90\xb8\xf2f\xa8\xb0\x19\xc7z\xb4P\x04\xab\xc5\x1d\x94\x02G\xefh\xaf@V\xc6\xf6\x07\x81X\xe6j\x88\xf2\xd9\xb1\x8a\xca\xc7\xa1\x84O\xe9@\xc6!\x8d\xb3\xf0\x05\x03\x08)\xa4\xe2\xa8\xa6\x0bq6\xd1P\x01-\xf5\xc1\xe6\x8d!M\x95\xbdJ~\x08\xcdh\x88\x992\xb3r\xdb\xdc\x8e\xf5\xb6"X\xae\xe6\x13\x8a\xd1\x16J\x05\x08A\xa6\xd9\r\x9a2\xdc\xe2\xaa\xcah\x85\xa3oJ \x1a\x02\xb8\\qM\x89\x9eH\x0eF\xda)\xc8\xcf \x19\xdb4\xe8\x99\xe4\xc1\xc2\xe4\xd3\x05\x0c4\xd4\x1e \xcdg\xc8\xcb\x8fe\xdbA\xb5[\xa3-\xba\x8f\xde2\x16\x84\xff\x00\x99&lt;\xd8\xfc\x81\\\xcc\xb2\xad\x9a\xa25\xd3\xef&amp;\x83\x00\x9c\x8a\xcd4]\x96M?T20\x04\xd69"\xf9\x16\x8b)\xb7`\x83I \xca-BX\xc8\xdas\x8a\x11L\xb3i\x1a\x9b\xbe\xdd\xdcSc"\x8b\xa6\x95y\x90\xbc\xd6\xf8\xcd\x02\xd1q\xd2\'\x07\x0c}+d%b$\x8b%\xac\xe0\xe2\xb6)\x08hq`|i\x15}=~\xd4\xf4\xc5\xb4\x13\xa8\xf4\xdc}A,3jJ\r\x95\xbeL\x16\xed\xfcm\xd8\xb1\x15\x96x\x9eY&amp;\xff\x00\xa5u\xfe\xc7\xe3\xcb\xe9\xaa]\x9c\x9b\xe2g\xc5\x0e\x97\xf8p\x8d\xd3\xdd)c\x0c\xb3\xf6\xb9u mf\xfa\x0eI\xacr\xe1\x0f\xb3\x05\xf7\xb3\xad\xe3\xe1\x94\xfe\xd4\xd9\xc9zj\xcbP\xea]FMN\xff\x00;\xe7}\xdb\x07`\r.\'g\x85#\xbbtg\xc2\xf8o\x955=[\xfe[O\xb6\xf3\xcc\xc7\x82\xe1Fp?\xde\xb6C\x13\x9f\xd1{\xb3\x95\xe5y\xbe\x9a\xe3\x1d\xc9\x95\x1f\x8d\x9f\xda\x17F\xb3\x86]\x13\xa5.\x15`\xb1I!\xb7\x84\'\x96K\x85\xf2)?\xe4N\xff\x00\x8a\xd9%t\x92\xa8\xa3\x91\x8b\x13W)v\xcf\x96t\xc5\xd6\xfa\xa2\xe6)5&amp;k\x8f\x1d\xbc@\xe4\x91\xb8\x03\xcf&gt;\x94-V\x91\xd0\x82\xbd\xb3\xe8\x0e\x92\xd3SC\xd2\xa3Q\x88\xc1\xfe\x13\xe9\xf7\xadX\xe1H\xcb\x93%\xc8h\x93\x19\xee\xb7\x90\\\x9fS\xd8SZH8\xb6\xcb,72\xc7n\xab\x00\xc8\xf6\x1d\xea$\x03{\x1aiR\x16\x1e$\xe3\xb7\xa1\xa1q\x07\x90\xa3\xa956\x926\xb5BH\'\xb8=\x85\x1cQ\x18\x1fF\xda.\xa7\xd4\x16\xc8Fb\x80\x99\xa7&gt;\x81c\xe6\x95\x9a^\xc2\xbe\xa1:\xbe\xac\xba\x96\xa7qp\xef\xe2e\xce\xd2;`\x1e+\nw\xb0\x92\xa0\teP\x0ex\x15\x02+:\xfd\xe2\x08\xd9S\xbf\xad"l|\x11\xce\xf5F\x0e\xcdH5\xa1TX\x04\xd2\xa66\x1d\x87[c\x1cz\xd7&gt;l\xeabC\xab\x1c\xed\x15\x86l\xeacC\xe8?@\x15\x9d\x9b\x11\xbd\xcf\x11R\x86"\xa7\xadp\x1a\x9d\x01\x139\x87U7\xeb\xae\xc7\x8e\x8e/\x90q\xee\xa29\x91\xeb\xd5x\xe7\x97\xf2\nT\xeb\x99Mv#\xd1\xc8}\x91\x88\xb2{U\xd9To\xe0\xd5Y(\xf7\x83R\xcb\xa3\x1e\rK%\x1a\x98*\xf9\x15F\x86\x1f\xa5]\x92\x8d\x1a\n\xbb*\x8d\x0c5,\x94ja\xab\xb2\xa8\xd4\xc3R\xca\xa3S\x17\xbd]\x92\x8dL_J\x96U\x1a\x98\xea\xec\xaa?\xff\xd6\xe9W\xad\x80M|\xe1\x1fN\x12L\xf9cMB\xc8\x1f\xcc*Y\x01$\x1d\xc5\x11\x1a\x15\xde)\x19\xa7\xc5\x8ah\x81\xbfMS\t \x19\x87z\x96\r\x00MF\x99@\x12\x10\xae(\x80\x19\xe9\xef\xda\xb2\xcc\xd1\x01\xdd\xb1\xedYY\xa1\x07F\xfe\x9e\xd4\x01\xa0\xf8_\x02\x81\x86Nf\xc7\x06\xa8\xa0K\x89\x94\x8e\xf4B\x98\x8e\xfaS\x82\x07\xf3\xa3BdWo\x8b\x12rsZ"!\x8a\x1d@bMiL\x00I\xe3W&lt;SS!\x03@\x07=\xe9\x8aA\x11\xb4Y\x1c\n+#46\xc5\xc7\x02\xaf\x90\r\x02\xcf`G4K!\x9eh\x02[\x02{\xd3\x96S,\x90\x14\xd6?Jlr\x99\xa4\x88&gt;H\x8ao\xa8.\x82-\xa31\xb8\xa0\x93\xb4DY\xf4k\xc9l\xae\xa1\xba\x8b\xf5D\xca\xeb\x9f\\\x1c\xe2\xb0dI\xaa\x1f\x16Y\xf5[h`\xbaY\xed\xbf\xf8k\xb5\x13\xdb\x1f\xf2\xbfu\xff\x00\xd2r+\n\x95\xad\xf6\x86H\x92\xc4\x80A\xcd"L\x0b,\x96z\x88@\x14\xd2\x199\r\xecu\x18\xc9\xcbsKn\x85\xd9e\xd2\xee\xd4\x90W\x8a\x8aE\xa6\\4\xab\xccc\x9atfYv\xd1\xee\xc1@3[1\xe4\x17$Zl\x1d\xa4\xc7\xb7\xbdo\x84\xecC/=3\xa7\xb4\x88gq\xc5t\xb1F\xcc\xd3\x95\x1c\xdf\xe3\xff\x00\xc6$\xe8\xbb6\xe9\xde\x9e\x94~\xd9\x9d&lt;\xf2(\x04[\xc4x\xcf&gt;\xa7\xd2\x91\xe4d\xdf\x08\xfe?\xe8\xdf\xe1\xf8\xfc\xfe\xd4\xba&gt;V\xd0\xac\xa7\xd6\xf5V\xbf\xd4\x1d\xa6y[qg9,O\xa9\xaes\xa5\xa4z|Q\xf7&gt;\x9b\xf8C\xd0q\xdc\x91wt\xbbm\xa0\n\xf3\x1e\xd9\xf6\\\x9a\xd1\x87\x17\'\xf41y\xdeO\xa5\x1a]\xb0\x1f\x8c\xff\x00\x1b4\xc9\xd3T\xe8\xbd\n\xf0Z\xe9\xfa]\xb3I\xa9\xea\x100\xd8X\xb0Q\x1a\x11\xdc\x02{\x7f\x13q]\tKT\xba&lt;\xfe,N\xf9K\xb3\xe4\x1dj\xee&gt;\xa2\xea+\x8dV\x08\x19"f\xf0\xec\xec\x86Y\x8a\x85\x18.O\xa9\xee\xc7\xb6h\xafF\xc4\x8e\x9d\xf0\xe3J\x06$\xba\x91C\xb2\x8c\x04\\\x85^{\n\xact\xdd\x85\x91\xd2\xa3\xa6\xbcr:\x80\xd8\xcf\xf8G\xf0\xff\x00&gt;\xd5\xb4\xc7\x1a$\xb6M\xae\xbby&gt;\xa0\x1c\xd0\xd1\xa2\xf4Y\xac%\x8e\x18\x81\x94`\xb57\xa3,\x93oA\xd1=\xab\xab,\xa7\x19\xe4zR\x9a\xb1\xaa\xd1R\xd4H\xf1\xa4e?\xbb\x04\xe34\xcb\xa4\x0c\x9d\x8c\xedfN\x9b\xd0\x1ep\x19ouN\x13n\x06\xc8\x07s\xf95\xcb\xc9+e\xd1]\xf9\xb6V\xc8\xa4\xd8t\rw\xa9\x90\xa4g\x9a\x8d\x86\xa2W5\t\x9eUf&amp;\x94\xc7E\x15MH\xed\x0cic\xc56\xce[\x9f\xad*cq\xf62\xb5\x04\xads\xb2\x1d\\C\xcb!\x80+\x04\xce\xa61\xec\x03\x81Y\xd9\xad\x12]\xff\x00u\xcd\x00\xc2\xa5\xad\x9e\x1a\x9d\x034\xceY\xd5M\xcc\x9e\xdc\xd7k\xc7G\x17\xc89\x0fP\x1f;\xfek\xd4`&lt;\xber\xa0\xeb\x99\ru\x97G)\xf6H\x91\xe7\x14-\x84\x91(\x84\x1a\x1b\x0e\x8c\xfc\xbf5V_\x13\x06\xdf\xe9S\x918\x98\xf9\x7f\xa5ND\xe2j\xd6\xff\x00J\xbeD\xe2h\xd6\xf8\xf4\xab\xe4W\x126\x83\xe9W\xc8\x1a#0Qr+\x89\xa1\x86\xaf\x91Tja\xab\xb2\xa8\x8c\xc2j\xec\xaa41}*YT\x7f\xff\xd7\xe8\xd7\xed\xc1\xaf\x9b\xa3\xe9\xecI&amp;w\x13M\x02\x8d\x08\xcdK.\x88\xe4L\x8eERd\xa1]\xeazS\xa2\xc5\xb4\x06\xeb\x81V\xd9T\x058\xe0\xd5Y\x18\xb6c\x9c\xd3P\x02\xdb\x83\x87\xa3@1\x85\x83\xf6\xac\xf3\x1f\x01\xed\xab\xf65\x91\x9a\x10j0\'\x14\xb1\x81\xf0\x1f-\x0b\x08\xdeC\xedTF\x05?\x03\x93\xde\xacSB{\xc3\xde\x98\x84\xc8Iv\xcb\xcd&gt;&amp;v\xc5\x12\xb0\xdckDEX3ri\xa8\xab6\n9\xa9cQ\xe4\xb7,s\x8e*9\xd0A1\xd9\x83\xd8Vyd\x01\x9b\xbe\x9e\x08\xedY\xdea\x12\x01\xb8\xd38$\n8\xe72HMubT\xf6\xad\xb0\xccd\x90)\xb6\xf4\xc5=d\x16\x11\x16\x99&amp;\xc16\xc3\xb38\xdd\x8e3S\xd6]\x04\x90\xc2\xde\xdfn8\xa5\xb9\x8cE\xa3LC\xa8\xe9R\xe9\xad\xcc\xd6\xbb\xael\xfd\xca\xe3\xf7\xa9\xfc\xbc\xc3\xeck\x06IT\xaf\xe7C;G\xadF\x004\xb91aK#G\xcb~(\x1b\x01\xb0\xeb\x1b\xb6f\xa4\xc8]\x96\xcd*\xefh^k;\x90i\x96\xfd.\xf4\x9c\x05\xe4\xd5z\xb4\x1d\x9d\x07\xa5\xed\xeen\x9dK\xf9V\xb4a\x94\xa6\xf4.R:F\x9df\xac\xd1[\xc5\xcb1\x02\xbd.&lt;t\x8c\x8eE\x87\xae:\xae&gt;\x89\xe9i&gt;\\\xaf\xcd\x88\xc9L\x9cm8\xfdF\xbaY%\xc6&lt;Web\xc7\xce{\xe8\xf8k\xa8\xf5[\xfe\xa3\xea\x0b\xbdN\xe6s&lt;\xf7-\x97w\xe4\xd7:\xa9\x1e\xa3\x1cUR:W\xc2~\x87\xbd\xd7u;kX\xa2\xf2\xe7{\xb0\x1c\x05\x07\xbd*0rtj\xcd\x9a8\xe1l\xe9?\x15&gt;1\xf4\xf7D\xe9\x17\x1d\t\xd3\x8c\xbe1_\x97\xb9\xba\xe7\xf5H\x08fB;\x802+\xa4\x92Q\xe2\xba&lt;\xbd&lt;\x92\xe7#\xe4\x8dbq\xa8Z\xfe\xce\x81Y-\xee&amp;\xf1\xee6\xf7\x90.B9\x1e\xcb\xf5\xf7\xcd1-\x9a\x0c\xe8\x96m,\xcbp8\xf1\x0b\x04|\xe7*N\xd0q\xeb\xeb\x8a\t:\x1b\x15gv\xe9m.;K\x08\x80\xdd\x8cdo\xe0\x9e=\x86+V\x18\xe8\xc9\x9a{\x18\\]B\x1cC\n\x99X\xfe\xaf\xf0\xaf\xdf\x14\xd6\xd7H\xbcx\xdfoA\x9abN$-.6\x9e\xde\x98\xa9\xc8sJ\x87V\xcc\x0b\xecc\x95\xfa\xd4\xbb\x14\xd5t\x11\xa8\xbcq\xc3\xb1\x7fP\xedQ\x0b\x11X\xdbK\xa8k\x11ZHw+\xb0\xdd\xc0\n\xaa9$\x9e\xdd\xa99gDQ\xb3=O\xaf\xdb\xeaZ\x9c\x96\xf6R+C\x10\x11\x06^\xdbS\x80\x07\xd2\xb9\xc9\xa6\xc3HR\xd1\xae\xc2\xc4\xe7\xe9EA\x88\xef\x1c\x19v\x83\x80;\xd2lrB\xdb\xf9\xd0\'\x86\x9c\x9fS@\xdd\x8cH\xae\xea*X\x1c\xd0\x8c\x15\xdb\xc5\x80~\xf4\x99\x8e\xc64\xb5L \xaevC\xab\x88yd\xbc(\xac\x13:p\x1d\xc28\x02\xb3\xb3Z6\xbd\xe2!B\x19N\xd6\xcf\x95\xa9\xf02\xe49GV&gt;7\xfek\xb9\xe3#\x87\xe43\x91k\xaf\x97z\xf5\x18\x11\xe63\xb2\xaf\xfcf\xbaG7\xdc&amp;%\xcf\x14\x0cb\x0bD\xe2\x94\xd8\xda7\x11U6\x15\x1bx\x02\x86\xcb\xa3\xde\x07\xd2\xa7"q5h=1W\xc8\x94F\xd0q\xda\xae\xc1\xa2\x16\x834VU\x1144V\r\x1a\x18~\x95,\xaa50\xfd*\xec\xaa40\xfd*\xec\xaa#hh\xac\xaa?\xff\xd0\xe8\xd7\xab\x9c\x83_5L\xfa\x83B\x96\x88\x9c\xd3,\xaa0\xb0\x909\xa0l\xba0\xd1q\xda\xa5\x97B\xcb\xbbr^\x9c\xa4\x03B\xf9\xa2\xc6E]\x83@\x17\t\xe55vU\n\xa5N\xf4\xcb\x17B\xcb\xb5!\xc56,\x06\x82\xac\xb8"\x911\xd1\x1e\xda\xb6\x00\x15\x96C\xd0lm\xc8\xa5\x8c\x18Bp\x05-\x84J\xed\x9a\xab#\x01\xb9lQ\xa1lIz\xc7\x9ab3\xc8Gv\xdd\xf3O\x89\x99\x8af\x93\x0e}kLD\xd8;H3LH\xb2h\\\x13\x96\xaaa\xa0\xd8\x88=\x85e\x93\x18\x1d\x02d\xd6,\x92\x01\x85xK\x8cV\x173&lt;\x99\x83j\x8d\xc3\x0e\xf4\x1e\xa32I\x8a\xeft\xf4\xdep+N&lt;\xce\x8c\x92b\xe6\xd3Fr\x05lY\x85\x86\xe9\xc7\xe5%\xda\xf1\x89!~%\x84\xf6a\xf4\xf6&gt;\xc6\xa4\xa7\x7fx\xc8\xb0\xeb\xbd\r#A{bL\xb6\x8ep\xaf\xea\x87\xfc.=\x08\xfe\xb41\xcf\xec\xfb\x1a\xfe\x84\x9ac\xc9\xa7\xddEw\x17\xeb\x89\x83\x01\xe8q\xdc\x1f\xa1\xa1\x9c\xedQWC]Z\xc2\x0b;\xd3\xf2\xa76\xf7\n\xb3\xdb\x1f\xfc\xb9\x06@\xff\x00\xd2r\xa7\xedJY\x1bD\x90\x04\xa3&lt;\n\x9c\xcc\xf2f\xd6\xcd\xe1\x11@\xe4.\xc7\xfa]\xcb3\x05\x1d\xcfj\xcb9\x05\xc8\xe9}/l\xa0+\xc9\xc9\xa5Cl+:~\x81:\xc6\x00_\xc5w&lt;v\x90\x12:v\x85%\xae\x87\xa5\xcf\xd4Z\xab*$*Z%s\x8d\xc7\x1cW\xa5\xc2\xea&lt;\xdf\xe0\'\x83\x93\xa4|\xd5\xf1W\xe2\x94\xff\x00\x10n\xa4\xb3\xb3c\x15\xb0bX\xa9\xe5\xf0p?\x14{j\xd9\xd7\xc5\x89A\xd1R\xd1:h\xdc\xcb\x0f\x87\x19f\x99\xb6\x0c\x0c\x92r\x07\xfb\xd2\x19\xd3\x8bH\xef\xbdE\xaf\xe8\xff\x00\x02\xba\x19\xad\x12\xe1F\xbf\xaaB\xca\x8a\x08g\x89D\x7f\xf7\xfe\xa6\xb4B\x1cU{\xbf\xd0\xe2\xe6\xca\xf3K\xff\x00j&gt;a\xea\xbdM\xb5\xfb\xa7\xd4f\x88\xac;\xd5\xe4g9,\xc5A\'\'\xdf\x1c\x0fJ\xd2\xa1H\x0eV\xc5o\xa7\x1bQ\xe2\xc7\x0e\xe1q\x12\x12Y\xbc\xb9&lt;\x81\x8a\x16\xe8tU\x96\xee\x8d\xd1b\x92\xe9e\x965,\x08`\xa88\xed\x80~\x9fj\\U\xb1\xd2t\x8e\xa5$.\x96\xea\xad\x9c\x9c\x1d\xbf\xa4c\xeb]\x14\xb4s\x93\xfb@\xf3\xdd$["8Rq\x80;Tf\xb8F\xc6\xf6\x92\xb1A\x9e\xc7\xb6)l\xb1\xc4\x0e\x9e\x11$s\xe9\xefF\xb4"O`\x17~$\xcd\x89\x1fb\x8fa\x93Q\xa0\\\xa8\xc6\xbfy\xff\x00\rt\xcc\x97p\xba$\xd7\xb9\x89\x1aN\tA\xfa\xb1\xf55\xce\xf2%Z/\x1e\xce{\xa7\xdf"y\xf7\x0f78\x15\x95H}\x0c&amp;\xd5\xdc\xc5\xb5\x07\x15%&amp;\x12\x88\x96y\xa5\x95\x8f=\xe9\r\x9a\x12\x04\x900\xa8\x10\xb6\xedX\x83\x9a\xa2\x02[F\x179\xa5L~1\xa4\x086\x0cV\t\x9dLckE\xfd"\xb0H\xe9\xc0s\x0f\xa0\xa43R=~q\x1e(Be/] \x06\xa7\xc0\xcb\x90\xe4\x9dZ\xf8\xdf\xf9\xae\xf7\x8c\x8e\x0f\x92\xceE\xae\xbf\x99\xbf5\xeap\xa3\xccfeu[\xcek}\x1c\xf0\xb8\x18dR\xe46!\xd1\xb0\xa4\xb49\x13)\x14\x01"E\xc5\x0b\x0c\xd8\x00j\x8b0W\x8a\x84#e\xa2)\x90\xbaQ&amp;,\x89\x92\x8a\xca4)We\x1a\x94\xa8J51\xe6\xac\xa2&amp;\x8e\xae\xca?\xff\xd1\xe9wQ\x965\xf33\xeat\x0b\x1d\xae\xf6\xc5K-"F\xb3\x03\x8cP\xd9tD\xd6\xdcv\xa9d\xa1}\xcd\xa1\x198\xa3L\x16\x84\xb7\x10\x10Nh\xb9\x01B\xbb\x94\xc0&lt;Q\xa6\x0bB\xb9#\xefL\xb0([y\x19\xc8\xa6E\x80\xd1%\xa2\x90E\x04\x98\xc8\xa1\xcd\xb1\xf7\xac\xccr\x0b\x89\xbc\xc2\x80`\xca\x16\xedKa\x12\xb1\xa1(\n\xeb\xb1\xa3@1%\xdf\xad1\x19\xa4"\xbd\xeeqO\x89\x9aB[\x86\xdb\xcdj\x88\x86/\x92\xe3\xcdZ\x12\x06\xc9m\xa7\xf3d\xd0\xc9\x0cCHnK`-b\x9cFX\xc6\xdeC\xc75\xcf\xc8\x85\xc9\x87\xc4\xfc}k\x0c\xcc\xb3a\n\xa0\xd6Y3,\x99\x04\xf0g9\x15q\x91\x92@\x86\x10\x0f"\xb5)\x14\x99\x8f\x96\xe7p\x14\xc50\xc3,\xaf&amp;\xd3\x9c\xb2\x00\xf1\xc86\xcd\x0br\xb2/\xb1\x1f\xe8j\xa5R\tJ\x89\xefmQ"[\xeb\x10^\xd6C\x81\x9e\xf1\xb7\xf8\x1b\xeb\xed\xefC\x19\xb6\xe9\xf6F\xfd\xc9\x8b\xbd\xf6\x82\x1b\xff\x00\x13M\x93n1\xcf\x81&gt;H\xff\x00\xe9q\xff\x00\xddEu/\xbc\x97hV\xf2\x15\xe0\xd1\x19\xdb=\x1c\xa5\x8d\x0b\x17e\x83\xa7\xc6gR}+&amp;F\x12gP\xd1\'\xdb\x1a\x81E\r\x06t~\x84\x82mKZ\xb5\xb3*v1\xcb7\xa6\x07z\xea\xf8\xa9\xcb"\x8f\xc8L_\xf1\xf7\xaf\xb59\xafGIi\x03m\xa4\x05c\x94\xa9\xe5\x8byOj\xf5\xdf\xd4\xfe\x88\xd1\x86**\xfd\xca\x95\x9f\xc3%\xb7`\x90#\xb4\x8c[\x19\x04\x83\xcf\'&gt;\xdc\xf6\xa2F\x85\x93e\xf7\xa3m4&gt;\x96\xb0\xbb\xeaM`*\xc3\xa2\t\xde\x1d\xd8\xcbH\x07\xf5&lt;qV\xa3L\x0c\xb9\x1bT\xbd\xcf\x9f\xfa\x93\xac&amp;\xeb-^\xfb\xab\xf5\xa3\xb9\xee\x01H\xad\xfdQ\x0ba@\x19\xf4\xcdj\x84k\xef3?\x84W\xe6\x86\xe2y\x84\x93\xb6#;U\x10\x0c\xa8u\x07\'\xef\xcdT\x98QA\x96\x16:\xb5\xce\xa1\r\xb5\xc5\xbb\xc3o\x1a\x83\x83\x86g\xe3\xca\xb9\xf7\xc7z\xcf&amp;i\x82;oJi\x10\xd8\xdb,\xf2\xed\x8f&gt;a\x18\xe7\xf2}\xebV(\x98\xf3O\xd8#U\xbaf|F\xae\xdb\xf8\x01G\xfb\xe3\xfd+`\xach\x05!PX\xca\xbc\xfa\xe7\x9aK\xb3r\x7f\x05\x87J\x8dH]\xfd\x80\x18\x18\xaa\xa1r\x90m\xc4\xab\x1an\x8b\xbd]\x8b\x00\xd3\xbc[\xfb\xef\rr\xc4\x1cc\x1d\xbe\xf4\xbe@\xc9*+?\x155\xfb\rZ\xe6\xd7D\xb4_\x11\xb4\xc0b2\xaev\xee\xceX\xf3\xdc\xe6\xb93\x97)Y\xab\x1c(\xad\xd8B\x14\r\xc3\x14#\xa8=\xd96\xe2\x85\xb0\xd4@\xdc\xa8$\xd2\x98\xda!y\x00\x1c\xd4\xb2P\xa6\xfepA\xc5K*\x80\xe0%\x96\x913F46\xb7\xfd"\xb0\xcc\xe9\xe3\x1b\xda\xe3+Xft\xe07\x80v\xa4\xb3J4\xd4\x0f\x92\x80&amp;Ru\xf6\xf2\xb7\xe6\xb4c\xec\xc9\x90\xe3\xfdZ\xdf\xac\xd7\xa1\xf1\x8f?\xe4\xb3\x92k\x92y\x9e\xbdF\x14y\x8c\xcc\xaf+y\xaby\x80.\x17\xe4R\x9a\x1a\x98lR}iM\rL%\x1e\x96\xd0\xcb&amp;V\xcd\x03\r3psB\x11\x96\xa8CCVQ\x1b\x0c\xd1\x00D\xc2\xac\xa3]\xa0\x9a\xb2\x8cm\x15\x08j\xc9VCB\xa2\xac\xa3\xff\xd2\xea\x92\xa6k\xe6\x16}X\x96\xd2\xd8\x13\x9cP6\x1aF\xf2\xc1\x83\x8cUY(\x88\xdbn\xf4\xa9d\xa0\x0b\xebp8\x02\x8a\xca\xa1\x1d\xf5\xae\xd0x\xa2R\x05\xa2\xbfw\x0e3\x8abb\xda\x15K\x1e\x052\xc0\xa1u\xdcYaF\x98-\x19\x89v\x9a\x16\xc2\x18\xdb\x9c\x0c\xd2\x98\xc4\x15\t\xf3\n\x06\x18\xca/J[\x08\x98\xd5\x10\x12\xe8w\xa3@1-\xe8\xefLB$\x8a\xfd\xefsZ"e\x90\x86\xed\xbb\xe6\xb5\xc4\xcd!D\xc7\xcd\x91Zb("\xc29\xa6-\xe1)m\xa0\xb1\x03\xd8UM\x8d\x8e\xc6\x16\xd3\x0c\x8a\xc98\x8cCKys\xeb\\\xf9\xc4\\\x86\xb6\xbeb\x05s\xb2#&lt;\x90\xe2\xde\xd9Xg#&gt;\xd5\xcc\x9c\x99\x9aH\xda[a\x8a\x18\xb6!\xc4]&lt;\x01Mk\x83\x17G\xa2\x8c\xb1\xc0\xa66\x11\xb9\xb5\'\xb8\xa1\xe4Pf\x99/\xc9H\xd1\xcf\x19\x92\xd6q\xb2\xe6\x1f\xf1/\xb8\xf6a\xdc\x1a\xa9o\xef-:\x18\xd8h\xedk\xabK\xa4\xef\x0f\x0e\xa1\x03\xa4\x12\xff\x00\x0c\x81\x97\xc4\x89\xbf\xfa\x94~j\xf9Z\xb0\xe3\x1au\xf2WZ\xcd\xa49\xdb\xfc\xe9\x9c\xe8\xcc\xe2M.\x935\xa1\x87x\xc1\x99\x16P\x08\xec\xacN?\x98\x19\xa0y\t\xe9\x8e\xb4(\x8aH2+&lt;\x9d\xb1\xd1\xc6t\x8d\x0e\xd6\xe6x\x04\xb1D\xcc\x9b\x96,\xa8\'\xce\xdd\x87\x15\xaf\x14-\x0c\xf4\xcf\xa0\xbe\x19\xf4n\xa9k\x13\xdc\xac,\x18\xaf\x84\x8f \x03i&lt;\xb1\x1fn\xd5\xeb\x7f\x87\xf8\xb2O\x95}?\xd9\x97$\xe2\xb4\xc1u\x1f\x80\x90\xdek-\xa8\xdeJwJ\xc0\xbb\xbbg\xb9\xcb\x1f\xfbWibqT\x0f\xf3\x16O\xd4\x17zU\x8c\xb77\x1aiE\xb6\xb5\x83\xe5\xe3v!Pa\xb0X\xe3\'\x96\x1fsK\xe4\xafCT]l\xf9\xb7\xe2gU\\kZd\xfa\x1d\x9e\xe8\x11\x19\xa4i?J\xb19\xc8&lt;\xfa\x81Zc\x8e\xdd\xb2\xdc\xa9\x1c\xd2\xd2(\xe3xm.A\xcb2\x87\x8d|\xceU\x94\x90?$\xd3\xf4\x05\x8d\xad`\xf99?z\xc1\xc4L\xfb\xa1`H-\x80U~\xc39\xac\x925Du\xa1G\xa8\x19\xa0\xbb\x92C3\xc8\xfb\x9c6B\xa8&gt;\xa4{\x93Y\x9ff\xa5Tv="\x18b\xb5\x13K\xb7~?S\x1e\x07\xd8WK\x15Q\xc8\xcc\xdb`Z\xad\xe2\xce\xed\x1a\xca\xea\xa0\x11\x88\x90.q\xf5&lt;\xd6\x96\xc9\x8e5\xec\x0fcfg*\x01f\x04\x0c\x969&lt;\xd2j\xcdNTZ\xc4\x1e\x1d\xbe\x0f\x1b{\xfb\xd14)HO{5\xc4\x98H\xc3\x01\x90\x00_\xf74\x87ct\r\xaf\xf5e\xa7\xc3\xed0]2\xf8\x9a\x95\xf6\xe5\xb4\x878\xda;\x17?j\xc7\xe4e\xe2\xa9v\xc3\xc5\x89\xcd\xdb\xe8\xe5)\xa8\\j72^LF\xf9X\xb1\x03\xb75\xcc\xb3\xa4\xa04\xb7\x91\x94\x02MNAp7\x92\xedA9j\x1eA\xa8\x01\xcfz=\xe8\x1b\rD\x0e{\xf1\xb7\xbdK\'\x115\xed\xf8\xc99\xfbQ\x82\xe2ocx\xa5FM"c\xb1\xc4}k(`1X&amp;\xce\x9e8\x8e\xec\xf9e5\x8aF\xf8\xa1\xcc]\xc5)\x9a\x10&gt;\xa6p\xb4(\xb6Q:\x85\xf8j\xd7\x8f\xb3\x16C\x8f\xf5l\xbc=z\x1f\x15\x1e{\xcag%\xd7\x1f\xcc\xd5\xea0\xa3\xccfb\x15nkk1\x04D\xf4\x0c4\xc2\xe3zSCS\n\x8d\xe9lb\'G\xa0h;&amp;V\xa0\n\xcd\xb7f\xaa\x8b\xb3\x04\xf1P\xa3F\xa2(\x8c\xd5\x94c\x1e\xf5\n3\x8a\x85\x98 T!\xa3-YG\xff\xd3\xebL2k\xe5\xa7\xd6\x06\x16\x11\r\x94\x0c3ib\x19\xa1!\x10\x8c\x0eqP\x80\x17\x11os\x9a\x85\xd0\x9bT\x88\x00j\xd3)\xa2\xb9w\x10\xdaI\x14\xd4\xc5\xb4"\xb8LS\x93\x16\xd0\xb6\xe4sF\x98\x14D\xbc5B\x07\xdb~\x9a[\x18\x82\xed\xff\x00]\x03\x08e\r\x00D\xe7\xb5Q\x01.p\x01\xab\x01\x89o\x0f\x06\x9a\x84\xb2\xbd\x7f\xebZbe\x91_\xbb\xc9\xcf\xd6\xb5\xc4\xcb!T\xab\xc9\xad(Q\xad\xb5\xc4\xd6s,\xb0\xb6\x19N~\xf4mZ-:,\xf6:u\xbfQ\x836\x91"\xc7z\xa33Y9\x0b\xbc\xfb\xa6\x7f\xd2\xb1\xca\xe3\xa6i\xd4\xba\xec\xd7\xc1\xbc\xb1\x97\xc0\xbc\x89\xa1\x91x*\xe0\x8a\xcf$\x9fB\x9a\xa1\xad\xa4\xa7\x8cV\x0c\x98\xc54=\xb4s\xb7&amp;\xb9\xd3\xc4)\xc4\x99\xe5$R}1\x12@w\'\'\x8a8\xc4\xce\xc2,\xa2S\x82{\xd5H$\x86\xb1\xc5\t\x1c\x80M+\x8b\x0e\x8c\xfc\xbc,p\x074j$\xa2\xc5\xa3\xd9\xb4\x96\xd0\\m\xcc\xba&lt;\xc9r\xb9\xc6~\\H\xbe(9\xf6b?\x99\xa8\xa3\xb1\xb1\x89&lt;}\x11$\xbdL,U1\x04\xd77QE3)\xf0\xc2\xc3\xb8\xee&lt;zw\xc7\xd2\xad\xe3nT_\xa7\xb3}C\xa1u\x1dGW+a\x19\x926h\xe3T\xc1-\x12\x12"E?Q\x8c\x1f\xad.X\xdbu\x10\xfd3\xa9\xf4\xcf\xf6r\xf9\x8b\xbb\x08nw\x95\x06I\xaefV\xc1p\x08\x08\x80\x01\x802\x1b&amp;\xba\xd8?\x85\xcerI\xfe"g\x96\x10Vv\xde\x9e\xf8m\xa5\xf4\xa6\x9f\x98mVy\x10\xbc\xdb8\xf3L\xe4c\x19\xec\x00\x1f\xca\xbd_\x8f\xe0G\x0cn\xad\xff\x00\x93\x99&lt;\xeer\xae\x87W\xb7Z\x90\x86\x13\r\xe40\xaa\x9d\xd3 R2\x8b\xdc\x029\xc6{\xd6\xf9JT\xb6\x02\x84m\xe8\xabu?Y\xc9\xd3\xfaU\xdd\xe6\xb9y\xb8*\xb2\xc5\x04*]\x8b\x9e\xc0*\x82x\xc7$\xd2e\x95\xae\xd9\xa3\x1e\x14\xdf\xd9G\xcd\xdd[\xd4{\xf5i\xf4\xc8\x1d\xa3H\x84M%\xbeN\xd8\xe5\x95Ae&lt;\x9eP\x0c}\xf3\xf5\xa2\xc7\x15F\xb6\xf6P\xf5[;\x89.e20a\x12f%\x91O\x98\x91\xe6\xcf\xbf\x04\n\xdd\x16d\x92\x12Gi\x10\x9a\xda\xfe\xe9\xf0\xc5^8\x0fo\xde*\x1d\xbc{d\xf1C9\x07\x18\x8d\xa0\xd3\x92\x10g\x8834\xceX\xe3\xd4\x81\x8c\x8c\xfb\xe2\xb2\xb3R.\xfd1\xa6.Zis\xce\x00\x07\xd3\x03\xb6(R\xd9$\xf4]a\xb71\xc3\x91\x1e\xe09\xc98\x03\xf09\xad\xd8\xd1\x86lV\xa9qyzb\xfc`(\\\xe7\xf2M=\xd8)\xa4X\xec\xadc\xb5|:\xfe\x8cq\x8faU\x15Dr\xb0\xd9Y\xe4\x00*\xfe\xae\x00\xf6\xab`\xa6\x8db\xb3Kd\x97P\xbfo\x0e\xd6\xd9L\xb7\x0ep\x08U\x1f_z\xc9\x9a|\x15\xb1\xf8\xa3\xcd\xd2&gt;v\xebmjn\xb2\xeay\xf5\x95S\x1d\xba\xfe\xee\xd6\x12\x7fLk\xc0\xfeu\xe7\x9eNN\xdf\xb9\xe91\xe1\xe2\xa8\x12\xd69\xa3\x00\x02E+\x90\xdfLg\x14\xb2 \xf31\xaa\xb0\xf8\x1aIp\xd9\xcej\xec.\x00\x17\x97\xc5s\xcfj\xab+\x88\x96\xe7Ve\'\x9f\xc51\x0bhSu\xab\xb3\x1cf\x9a\x90\xb6\x1f\xa6\xea%\x94sY\xb2\x0e\xc6[\xf4\xbb\x82\xdbk\x9b6u1\xa2\xd7`\xf9+Y\x19\xb6(u\x0f\xa5-\x8d\x05\xd5\x0e\x01\xa8\x88\xce\x7f\xd4O\x80\xf5\xaf\x12\xd9\x83)\xc7\xba\xb5\xf8z\xf4\x9e*&lt;\xe7\x94\xceO\xad?\x99\xab\xd3\xe1G\x99\xcc$S[\x0c\x84\xc8\xd4\r\x04\x82\xa3z[C\x13\x08G\xa5\xb410\x94|\x8a\x06\x1d\x93#\x9a\n\x08\x905U\x16m\x9a\xa2\x1a\x93VCL\xf3VQ\xe1TY\xb5Q\rH\xa8CR*\xc8\x7f\xff\xd4\xeb\x98\xc9\xcd|\xad\xb3\xeb)\r,\x07\x97\x14\x01\x9b\xca\xb5D"e\xc2\x9a\xb2\xc5\xec\x01rh[ \xa3S\x00\x93\x8a\xa4\xc8W5\x0c*\x91L@2\xbbt@\xc8\xad\x08S\x14\xdc\x9f55\x0bd*y\xa8\xc81\xb7\xfd4\xb61\x05\xdb\xfe\xac\xd00\x90\xca,P\x16L{T %\xc9\xe2\x89\x00\xc4\xb7\xa7\xbd1\t\x91^\xbe=\xebDL\xb2\x10^\x1eMl\x89\x96LY!\xe4\xd3\xd0\xa0w\x07\xbd9\x14ml\xee\x93+\xa3\x14u\xe5YN\x08\xfc\xd5\xb4\x9a\t\x17\xad#\xac\xef\x04\x02\xd3[\xb7\x8fT\xb7\xc6\x00\x98~\xf1G\xf9\\s\\\xf9\xe1^\xc6\x8en\xb7\xb1\xdd\xa6\x9b\xa0\xea\xe7~\x8bs\xf2\xb3\x1eE\x95\xc9\xc0\xfb+\xf65\x92I\xae\xc1\xe2\x9fD\xb3Z\xdd\xe9\xaf\xe0^Db\x7fM\xc3\x82=\xc1\xf5\xac\xee)\x8b\x92\xa2?\x14\x1fZL\xb1\x99\xa4\x8d% \xfd\xe9|\x0c\xed\x06i\x96\xf2\xccd\x00\xec\x11\xc6\xd33\x10q\xb5Fh\\\t\x18\x8dt\xdd:\xe7Q\xb9\x86\xd6\xdb\x99\'P\xc8\xb8\xeeKm\x02\xa9\xc05\x1b.\x9aO\xc3\xa3\x1d\xcc\xb2\xea\x13&lt;\xd1\xc4\xb1\x88\x84\x0b\xfd\xe5\xcc\xce\x128\xd4\xf3\xdd\xb3\xcf\xb0&amp;\xadB\xc3X\xfd\xce\x9b\xd3_\t5R!\xb0KV\x9eI`\x93\xe7\xa5&lt;\r\xea\xa0\x04\x1f\xff\x00\xd3\x9f\xc5k\xc5\xe1NN\x92\x18\xe7\x18-\xb3\xab\xdb|\'\x84\x0b[\xa9\x9e\x18\xaem\x04\x86\x1d\xe4\x9c&lt;\xdc\xbb\xb0\xfa\xb1\xcdwc\xfc2\xe9\xb6\x95\x18\x1f\x98\x93\xe9\xb1\x8fN\xfc5\xe9\x8d"xe\x9eh\xdex_\xc4\xdb\x19\xc9y\x02\x90\xac\xc7\xd4\x80O\x1fZo\x8f\xfc/\x14Zr{N\xf4\'/\x996\xaa1\xd1h\xd4\xa5\x91-Jh\x93\xc1f\xe9\x9f\x11\xc8\xdd\x80\x07c\x8e\xd5\xd7\xc9\xa5\xf6)\x18\xb1\xabw;g;\xea_\x8a\xba\x0e\x81\xfb\x82&amp;\xbeH\xff\x00v\xee\xc4G\xe2\xcc\x06Lq\xa6r[$n\xe3\x03\x81\xde\xb0\xcb%il\xe8C\x03{z9\x14\xdf\x135\xab\x99o5k\xab\x93kss)K\xb2W&gt;\x041~\x98m\xa2n\t\x189v\x1bG~N2\xb6\x9bf\xc5\x05\x15Ej\xef\xac\x92m2\x0b\x9dD\x19\xef\xdc\xab\xe9\xba\x19o\x12\x18Urak\xa6\xfdR&gt;O\x88W\xd5\xb6\xe7\x81\x8a.4ZVU$\xbf\x82{\xc9n&amp;\x19\x91Y\x83\x92\x00bI\xc6OrI$\xf7\xa7b\x952\xb2B\xd0\xbf3]\xddG$\xed\x88d\xf1\x13\x93\xca\x009\xfc\xfbV\x88\xc8\xcf(\x9b\xb5\x85\xa5\xf4\x83J\n\x7fp\xb1\xcb\x0b\xe3\x92\xbc\xaeO\xd4\xf3Q\xbb"\xd0\xda\xc2\x01\xe3\x14 \xb6\xd96\x85&lt;c\x18\xc8\x14\xb612\xdb\xa3).\xa3\x18\xce[\xec3\x81\x9a\x91\x06L\xb2\xdd\xca\xb1Y\x9c\xf6Q\xd8\xf1\x93\xf8\xad\xd00K\xb2\x0e\x9c\xb4o\x18\\J0\xccs\x8cp=\x86kDE\xe4\x97\xc1j\x9a\xdd\x06\x1b\x1d\xc6~\xe6\xa4\xb4*\r\xb2Kxq\x1e\xf0\xbb\x9b\x93\x9f`=I\xf4\x02\x95,\x8a*\xc6\xc6\x0eR\xa3\x90\xfcX\xeb\x01\xacJ\xbd=\xa3\xcf\x8b+s\x9b\xa6\x07\x1e4\xbf\x8f\xe1\x15\xe4\xfc\x9f#\xd4\x97\xd0\xf6^\x1f\x89\xe9\xc6\xda\xd9\xcf\xed\xe3\x8cv\x1c\xd6&gt;gG\x80r\xc5\x18\x1b\xb1W\xc8\x9c\x08\'8\xed\xda\xae\xcb\xe2\x034\xf8\x06\xa5\x97\xc0C\xa9]\x8d\xc7\x9a$\xc5\xb8\x95\xab\xfb\xc2\x18\xe0\xd6\x88\x88\x92\x13\xcfxww\xad\t\x19\xe4&gt;\xd1\xee\t\t\xcf\xadb\xcai\xc6\x8b\xf6\x8c\xf9\xd9\\\xbc\x8c\xeaA\x17-8\xe4\x83Y[5\xa4&gt;\x80v\xa1\x0c\x07U&lt;\x1a\xb4\x0c\x8ey\xd4\x8f\x85\x7f\xcdm\xc4\xb6s\xf2\x9c{\xabd\xe1\xf9\xf7\xafI\xe2\xa3\xcd\xf9,\xe5:\xd3e\xcdzl(\xf3Y\x9e\xc4\xe0\xd6\xa31"\x1a\xa6Z\x08G\xf4\xa5\xb0\xd3\'\x8d\xa8\x18\xc0\x88\xdf\x9a[A\xa6\x10\x8f\x9a\x10\x89CP\x84l\x1a\xa8\x87\x8bT!\xaej\xc8dP\xb2\x1bU\x16`\xd4!\xa95e\x1f\xff\xd5\xeb\xab\xed_)&gt;\xb63\xb28\x184, \x97\x19\xa1(\x1a|\x055\x0b\x15\xb3y\x8dS\t\n5\x06\xe4\xd4E2\xb3\xa9?qM@2\xb5\x7f.\xd2kDD\xb1T\x92\x87jp\xb3\x08|\xd5DC(9L\xd2\x98\xc4\x19m\xfa\xa8XC\x18\xa8\x0b$-\xc5B\x02\\?\x06\x89 \x18\x9e\xf0\xe4\x1ab\x13"\xbf\x7f\xebZ"d\x90\xb28t\x99\xc1K\xfb\x87\xb7l\xf0\xea\xbb\x94\x0f\xadiVe\x95\x12\x1e\x8f\xb4\xbaO\x13L\xd7,\xe7&gt;\x91H\xe6\'\xfeL(\xd6V\xbbB\xda\xfa\x90]\xfc;\xea\xe8\x17\xc4K#s\x19\xec\xf6\xee\xb2\x8f\xfe\xd3O\x8eh\x93\x8b\x13&gt;\x97\xa9X\xcb\xb6\xf6\xd6X\x08\xef\xbd\x19\x7f\xd4Qz\x91}2+CK@\x0e\x00\xa51\xd67\xb7\x18\xc1\x15\x9aL\x06Y\xf4\xde\xa0\xb9H\x05\x9e\xa4\xbf;i\xdb\xc2\x93\x96Q\xee\x8d\xdcVI/\x82\xb9\x13\xdeh\xca`\xfd\xa5\xa49\xb9\xb4\'\x0e\xbf\xf8\x90\x93\xe8\xe3\xfd\xe9&lt;\xbeD\xc9{\xa3Y\xb4\xe24\xe4\xbe@N\x1fd\x9e\xdc\x8c\x8f\xe5\xda\x81=\xd0\xb9GVu&gt;\x8a\xf8C\xd5\x9a\xe4\x91ManYd\xb2\x8f%\xd7\x08\x0b\xbf(s\xfe^sG\x8f\x0c\xf2j*\xc3\xe5\x18\x7fW\xc1\xd8z/\xfb&lt;G\xa2\xcbis\xacN\x9f3\x0c+\x16\xd8\tc\x96\x7f\x11\xdc\xf1\x808\xc0\xfaWO\x1f\xf0\xe9_\xdbtf~LR\xd1n\x91~\x19|5\xb77\x17\xf3\xac\x8d\x13\xbd\xcc\x977\x0f\x90\xd2\x00\x15\x99}\xf6\x8c\x0e;v\xf5\xae\x84pa\xc5\xff\x00\xb9\x8bO6E\xad#\x9e\xf5\x07\xf6\xae\xb3{\x8bm#\xa5\xa0\xf0D\x8e\x10\xce\xf1\x88\xd28\xd4\xfa\x00s\x96\x1d\xbd1\xcdiyeZ\xd0\xd8xqO\xedl\xe63\xfck\xea\x1e\xa2\xb6\xbf\xd6\xa4\xd4e1\x1b\x89\x1e\xc8\x89\n\xc6HP\x90\xaa\xa8\xc1&gt;vv?D\xa44\xdc\xa9\xfe\xff\x00\x7f\xe4\xd7\xc2)*E\xbf\xa5&gt;-\xeaV\xd61\\\xdf\xc8\xd2\xdcl\xcc\x01\xce\xe7`\xfc\x12\x078f\xec\xbe\xc34\xc8\xf6"x\xd3\x07\xbf\xf8\xa7\xd5\xfa\x8d\xe9\xb2I\x05\x95\x98\xc9H`\x1b\x99Y\xf3\x96\xcf\x19bO\xa9\xe3\xefE.L\xa8\xc2\x0beV\xee\xea\xe6\xf6\xe8jV\x8e\xd1\xdc\xc2\x1a\x1b2\xf8a\x12\xf2ZL\x9eK\xf2IoBx\x1d\xa9q\x86\xc79hSw\x15\xd8\xd3\xa7\xbfy3\xe1\x83\x89]J\xb1#\x80v\xfb\x03\xcf\x1d\xebBBob\x1d]/\xb4\xd9\xad\xe6a\xe1\xbd\xca\xed\x8d\x17%\x88\xc6w\x1cg\xccO9\xa1hdZ5[\xb8\xb4\xd9\xaeg|*\xc4\xaa\xccT\x878Q\xfcG\'\x9e\xd47AU\x84i\xf3&gt;\xaf\xa6\xfc\xfd\xb9\xd8\xc7;\xe3?\xe2~p\xc3=\xfb\x9add\xe8\\\xa2\x8d\xed\xf5\x99\x85\xa3\xea\x10\xa8\x90\xc6\xbc\x95\xf5\x00\x9e3\xf8\xa1\xe6\xec\xbe\n\x87\x9aV\xa3\x16\xa3k\x14\xd0\x86V`\x01\x1e\x80\x93\x9c\xe4\xfbSy&amp;#\x8d\x16\xdd\x18K\x1c\xff\x00\xbc\x1b\xb7\xe3h\xe7\xb0\xf5?J5\xd8\xa9=\x16[\xc8\x83\xc1\x12J6\xab\x1c\xb1\xc7\'\x1c\xd6\xb4\xe9\x18\xaa\xd95\xac\xa8|\xe3\x80\xb5=B8{\x07Aq5\xdc\xcb\x18%\x99\xb8QI\x9eQ\xf0\xc4\x90\xbf\xe2\xa6\xa7\xd4\x1d9\xa2~\xcf\xb0\x8dm\xe3\xba\x01nn\xc9\x1b\xd9H\xfd(=\x07\xbdq|\xec\xf3\xae=#\xbb\xfc7\xc7\xc7\'\xc9\xed\x9c#b\x92wr}\xeb\x87g\xa7\xa3`\xa8\xbc\x8a\x96U\x1b=\xca\xa2\xe2\xae\xc9\xc4\x02\xea\xf9@8\x15i\xb2P\x8e\xf7Q\xc88\xa2V\tX\xd4\xef\xdb\r\x8a\xd5\x08\x88\x9b+Wz\x8bn\xe6\xb6\xc6\x069H\x02K\xd0\xee9\xa7(\x89l\xb5\xe8N\x18 \x06\xb9\xb9\x8d\xd8\x91\xd1\xf4NvW"gR\x08\xbbi\xa3\x95\xc5ff\x94&gt;\xb7\xedVAn\xaexj$-\x9c\xe7\xa9_\xca\xe4\xd6\xdc]\x9c\xfc\xcfG\x1b\xea\xe7\xe1\xff\x005\xe9\xbcTy\x9f%\x9c\xb3Xa\xe2\x1a\xf4\xb8\xba&lt;\xde^\xc5`\xd6\x81\x04\x88j\x8b%S@\x1a\'F\xa0h4\xc2#j[\x0c"6\xa0a"`\xd5A\x1b\x03UD\xb3\xd9\xaa.\xcff\xa1\r\x81\xaa,\xcej\x10\xc6j\x10\xd4\x9a\x84?\xff\xd6\xeb\xcb\xdcW\xca\x0f\xae!\x8d\xb6@\x18\xaa,$\xb5Q\x01.\x9b\xcaj\x88)\x95\xb0sT\xc3\x14\xdf7&amp;\xa9\x14\xca\xbe\xa4\xfc\x9alE\xb2\xaf\xa9?5\xae\x02$+V\xf3\x1ak\x16\x89b&gt;j\x16Z\x1aA\xfa\x05%\x8d\r\xb6\xef\x9a\x16\x12\x18D8\xa0,\xd9\x8f\x15e\x00]7&amp;\x98\x80b\x9b\xa6\xe0\x8a4!\x88/\x8esZ"e\x99^\xbd&lt;\x9cV\xb8\x18\xa4+`\x0bV\x84\xc4\x13\xc1\xa8j\x16$5\x9d\xcc\xb0\x11\xc8\xf0\xe4e\xff\x00CS\x8c_\xb1wC\xdd/\xe2/UZJ\x82{\xc3{\n\xfe\xa8.\x95eV\x1e\xde`M.Xb\xc6G$\x8b\xb5\x97T\xfc:\xea\x10\xa9\xad\xe9\x7f\xb3\xee\x1f\x86\xb9\xb7\xf2(&gt;\xfe^?\xa5cx\xe7\x1e\x8d\ni\xf6\x86\x92\xfc5[\xb8E\xdfJj1j\x11\x91\x95\x81\x98\x07\xfb\x028\xcf\xdf\x15\x99\xe6k\xb2\xdc/\xa2\xb9qi{\xa5]\xfc\x96\xa7\x03\xdaJ\xa4nY\x14\xe4\x0c\xe3#\xdf\xf1U\xc9&gt;\x8c\x92u\xd9z\xe8M\'SMp\xacq\x87K\x887\xc9\x01\x07k\xab\xb6\xd5\xe3\xd7-\xc5g\x94\xadh(-\x9fC\xf4\x87\xf6y\xd3tY\x9bW\xea\x07i\xed\x7fw4::\x00\xef\xbcy\xca\xb6x\xc0c\x8a\xebb\xfe\x1e\xef\x94\xfa\xf8\xf71O\xc8_\xd3\x13\xb2X\x98R\x01q~\x12\xc2\xd9@\x11\xd9F\xca\xa25U\x03s\xb0\xc6\x7f\x1cWo\x1dV\xf4\xbe\x11\x8ai\xdd-\xbf\x93\x95\xfcD\xf8\xfb\xa3\xf4\xf8\xbc\xb5\xb5(&lt;\x16T\x8a\x08\xdce\xc6H/)^\xdc\xa9\xc2g&lt;d\xd2\xa7\x95\xbdG\xa3v\x1f\x15-\xcb\xb3\xe4\xee\xb7\xeb\xee\xab\xf8\x95\xadOw\xaa]\x1d7F\xb2$E\x18\xee\xdc\x81\xc2\x93\xe9\xfe\xa4\x9a\x91\x8aK\xe5\xb3m\xd6\x91L\x9a\xee\xda\xd1\xb7\xd9\xe4\xc6@uf\xc9`\x85\xb0\xa7\x9c\xf7\xc8\xfc\nl\xac\x04_t;%\xbf\xb0\xd3\x92X\x9a-*\xc53\xe0\xe3\x12L\xc80\xbd\xb1\xc1ff\'\xfc\xd8\xfb\xe6Wo\xe5\x8d\x93Ih\xb1YiW.\xf13\x02\xa0\x9c\xb0;\xb7\xec\x1d\x91}\x86;\xb1\xa6P\xa7"\xc1en\xf3\xb9D\\\x96\x05wy\x95O\xb0\xf2\xf2\x17\xe9\x9ei\xb1\x15 \xd1\xd3wR\xcd\x13M7\x8f\x12\x8f:$xU \xe4\x0e2\x00\xfaS\x94\x04&lt;\x86\x97\xfa&lt;\x177He/p\xdb\xc32\xc8\xc5cLv,\x07~F@\xf5\xf6\xa2\xe2\x02\x9e\x8a\xb7\\@R\xdeKvc\r\xb4[d\xbf\xbe\t\x96\x11\x03\x96PG\x0b\x9c\x01\x8a\x06\x87E\xfb\x9c\xdfAK\xff\x00\xd9\xba\x85\xee\xac\x9bV\xef|\xb0\r\xa1ba\xc8N{\x9c\x0f\xe6iy\x12N\x90\xf86\xd0GFO}\r\x8a\xdcm\xc4.[\xc6?\xc1\xb8\x9cq\xeaq\x9cp)r\xec5\xd1k\xd2R\x06\x9a\xfa\xd0\xa2\xc7kj\xcd#dq\xb4\x8c\x80I\xfeu~\xe0\xfb\r:_2\xe9\xd0\xdc\x8f\xd2I\xd9\x85\xc7\x04\xfd}\xfb\x9a(\x8b\x91w\xd3\xa4x\xa62\xce\xc1C\x81\xe6\xc1\xc9\x03\xb0\x1e\x95\xa13$\x95\xad\x16\x1dNI$\xb1\x8c\xa7\x1bF\xed\xe7\xd0{c\xd4\x9a|\xb6\x8c\xd0T\xc0\xa1\xbeE\x8bb\xb6@\xf6\xe7\x9fA\x9fzSc\xd4K\x7f@ZM}\xa85\xd8_%\xb0-\xcf9\xc7&amp;\x93\xee\x1c\xa9*\xf99\xbf\xc5]WY\xea\x8e\xa0\x99Aw\xb7\xb7$\x00p#\\}k\xcdy9%9\xb6z\xef\x0b\x14q\xe3H\xe7\x0f\x03)&lt;VC\xa2c\xc2rpEYD3B\xe5I5e\x8a/\x15\xc04H\xa6W\xefKd\xd3\xa2)\x95\xcdD\x9c\x11Z\xe0f\x99Z\xbf&gt;c\x83[\xa0b\x98\xb7q\xde\xa3\xebZ=\x84\x97&gt;\x9ec\xe4\x15\xc9\xce\x8e\x8e\x13\xa7h\x19!&gt;\xd5\xc4\x9fgZ\x05\xefL\xe4\x8a\xce\xcd\x03\xe8{U\xa2\x98\xa7Wn\x1a\x8d\x0b\x91\xcd\xba\x9d\xbc\x8f[\xf0\xf6sstq\xae\xad~\x1f\xf3^\x9f\xc5G\x99\xf2Y\xcb\xf5V\xcc\x86\xbd\x1e&gt;\x8f9\x93\xb1u8Bf\xcbT\x192\x9a\x16Y*5\x0b\x0c\x9d\x1a\x96\xc3\'\x8d\xa8\x18H\x99\x1e\x84$H\x1f\xd2\xa8\xb39\xa8C9\xaa,\xd8\x1a\xa2\xcff\xa1f\t\xa8C\x04\xd4(\xff\xd7\xeb\x88rE|\xa0\xfa\xea\x19[\x9f.h\x08L\xc7\x02\xa8\x80\xd7&gt;e"\xa8\xb4)\xb8\x18\x06\xa8!-\xfbpj\xd1L\xaa\xea2\x02M:([*\xfa\x8c\x99cZ\xe0\x8c\xf2\x17F\xdc\x9as\x16\x89\xe1nh\x18Hi\x0c\x80 \xa4\xb41\x07Z\xc8\xb4\x0c41G\x1d\xa8\x0b&lt;\xce*\xd1B\xfb\xa7\x1c\x9c\xd3P\xb6(\xb9|\x83LHS\x12\xde\xe0\x82i\xf13HAz\xbd\xebTLSB\xed\x9c\x9au\x88\xa2)F(\xe2U\x10+\xedje\x02\x1fipr)2Ar\x1f\xe9z\xad\xe6\x9f \xb8\xb1\xb8x$\x1d\x9a6*\x7f\xa5b\x9c\x13\xec.Gf\xe8\x0e\xb1\xd5:\x9e\x15\xd2z\xb6\xc55[p\xa1,\xaeB*\\E!\x0c\xc0+\x81\xfa\xb0\xa4\x8c\xd7;*Q\xfa\x8c\x8d\xcb\xb3\xe9\xbf\x87}\x0b\xa0t\x8d\xacZ\xe6\xa3\x1b|\xd41,KwtT&lt;q\xb7*\xaf\xce\x0b\x9c\xf7\xae\xbf\x89\xe3\xc6\x1fn]\xfe\xff\x00S&amp;i\xb7Q\x88\xe7\\\xeb&gt;\x9d\xe9\x7f\x11\xef\'-&amp;\xe1\x81\xbfs3\x9d\xa0\x06\'\'\xf8\xbe\x82\xb76\x93\x020\x94\x8e\x03\xf1\x9f\xe3\x16\xb1\xaa\xc2mt{\xbf\x0bM\x997\xb4\xcb\xe4X\xd6\x1c\x92W\xd4\xe4\x9c\xfe=\xbb\xdaN]\x9aa\x15\x04|\xf5{\xadj\x1a\xdb\xcbw0&gt;\x11\x8c\x01!\xc8S V&gt;\xfc\xe7\xed\xefG\xc6\xb43\x95\x86\\hz\xa7\x86\xd1\x7f\x0cPG\xbc\xb2\x9c\x96\x94n\xcf\x7ffP)\xd1\xea\xc5?\x83n\x9c\xe9\x19u\xadH\xdb\xc6\x1b\x05\xc2LO\x03h^p\x07\xdb\x8fj\x1art[\x92\x8a\xb3\xbf\xdat\x9d\xbd\x8d\xbc\'\x0b\x1a\xc4\xaa6\x9f\xd4\xfb@\x03\'\xef[\x96\nG-\xf96\xc1e\x93I\x8ey"\x9a\xee9%\x1c\xc9\x0cl\x00_\xa3c\x9c}\xe9\x0e*\xcd\x11\x93\xa1\xb6\x93gg:\xac\xc9\x89}QH&gt;\x12\xfd}\xa8\xe3\x01S\xc8\xcb$\x176\xa9\x07\x84\xae\x19\x8f\xb1\x1bW\xf0;\n\xd2\xa2dm\xd8\x15\xd6\x9d\xe0\xb8\xbbWf&lt;\x94\x8d\x14c\x07\xd7\x91\x81\xf7\xa8\xe1AG%\x94\xde\xa5\xd0.5[".!W\x85dV\xdb;\x16\x8f\x93\x92B\x90\xaa\xec=\x060=sIi\x9a\xa3$S\xbe \xd9\xb5\xae\x9bm\x00\x88\x06\xbb\x90\xc5n\x8b\x86i\t^&gt;\xca\x80s\x8e\x07\xd6\x938\x9a1\xc8\xe60kwv\xfdDzr\xce7\x9aXv\x08\xec#\\\xb9=\xc9r2\x11~\xe4\x7f\xd9o\x1e\xaco\xa9\xba:WL\xd9\xeaVW\x17w:\xd8\x124\xe4\xca\xd6\xbcy\x9f\x00"g\x81\x8e8\x1d\xbdM\x0f\xb9\x1fC;;\xebkX|\x0b\xd7\x11O;\xb1X\x90\x16\xc8\'8\x18\xc0\xc0\xa9eP\xfe\xd2\xfe\xf2\xe5\xa3H\xa0\x0f\x0cx\xcb6\x13v}\x81\xf4\xa3M\x8ai\x16?\x12\x0b\xb0\x90\xca\xaf+\xb8\xc2\xa2\xe4\xa8\x1fLp\x07\xde\xb5*f=\xa0vT\xb5\x0bj\xb8i\x8f\xe9A\xda5\xce?\xad.Z\x1f\r\x9d\xb7\xe1f\x9a\xf1\xe9S\xcf\x14{\xdbn\xc03\xc7"\xa4-\xdd\x19\xb34\x9a\xb3\x99|L\xe9y-\xa4\x91L\xa8nf\x90\xbc\xb1G\x85\x8d\x17\xb8P=\xfd\xcdy\xbf+\x13\x8b\xedY\xeb\xbc\x0c\xeaK\xe8si\xba~E8\x93j\x0f\xf1\x13X(\xecrL\x05\xac\x02\x92\x0f\xa5Q`\xb76\x80f\xa5\x84"\xd4-\x90\x03\xcd\x15\x90\xab\xea\x11F3\xcd6,[E[SP\x0b\x01[ \xcc\xb3EZ\xf1\x0e\xe3[\xa2\xcc2@+\x193(\xc7\xad:\xf4&amp;\xb6]4\x18H)\\\x9c\xcc\xe9bGM\xe9\xf4\xfd?a\\l\x87W\x19y\xd2\xc7"\x90&lt;{\x17\xe9\xa2\x05\x88\xf5\x86\xf2\xb5\x12\x17#\x9auS\xe1\x1b\xeb\x9a\xe9`[9\x99\xde\x8e5\xd5\x92~\xaa\xf4\xfe*&lt;\xbf\x92\xcee\xa9\x9f\xde\x1a\xf48\xfa&lt;\xfe@\x10i\xc2\r\x81\xaa\x0c\x91M\x0b\x08\x95M\x08H\x99\x1a\x804N\x8d\xc5\x00D\xa1\xa8h\xb3p\xd5E\x9b\x06\xaa,\xd85Qf\xc0\xd5\x16guJ%\x98-P\x96`\xb7\x15e\x1f\xff\xd0\xeb0\x9c\x9a\xf9;&gt;\xba3\x81\xb0(K%v\xe2\xa8\xa0iZ\x84!]\xeb\x8ej\xac\xb2\xbd\xa8I\xc1\xa2E2\xa7\xa8\xc9\x92kDEH\xacj\x0f\xe65\xae\x06i\x00\xc6\xfd\xe9\xac\x02Hd\xf3P\xb2\xd3\x1f\xd8^i3F\xb6\xfa\xaco\x0e\x06\x16\xf2\xd8\x02\xc3\xfe\xb8\xd8\x80\xdf\x82\r.\x83\xb7\xec1}\x1a\xee\x1bw\xbe\xd3\xe5MJ\xc99{\xab\\\x9d\x83\xff\x0026\x01\xd3\xff\x00P\xc7\xd6\x85\xc4\x91\x9f\xce\x88#\xbb\x1b{\xd2\xe8e\x9e{\xce;\xd1$Sb\xfb\x9b\xac\xfa\xd3\x12\x16\xd8\xbe{\x8c\x823LH[b\xcb\x97\xc84\xd4\x84HQw\x83\x9a|L\xb3\x01\xdbM\x13@\xb7\x1c\nl@\x90\x19\xef\x9ap\xa6Mn\xe7u.H\x1b-=#c\xfbgV\x8a\xc0\x1f\xde?\xf7*\x0e\t`s\xdb\xd6\xb9\xdeD\xb8F\xc6cV\xe8\xfb#\xfb?|\x1a\x9fOO\xf8\x97\xa9\xe4\t\x12\x02\xf6\xf6\x80\x15\x06A\xc0\x95\xb28\xc0\x18\x14&gt;\x1f\x8f\xea&gt;r\xe8\x99\xb2\xbcz]\x97~\xb3\xf8\x81\xd3\x16O.\x8ft\xfbg\xb2x\xa6\xb6\x86\x7f8\x89\xf9\xd8\xe5[\x19#;\xb0s]iM-\n\xc7\x8aOg\xcb_\x10\xfe(G\xd4W\xad\x16\x9bw\xf3\xaf\x0eZ\xf6\xfe \xeb\x1d\xcc\x8b1\xda\xa3w!H\xcf\xfd]\xfd\xa9\xd8\xe3\xef!\xce\x96\x91B\xd65f\xd6\x16\xda\x14\xb9\xf1\x80m\x92\x85S\xb7\x1b\x99\xe4E\xcf\xb8\n&gt;\x82\x9b\x1d2\x9fE\xaf\xa4zN\x1b\xb7\xb5\xb4H\x84\xb14\x89(BF6\x04\xfe!\xdf\xbeh\x15\xb9\x04\xda\x8cl\xed0|?\xb5\xbf\x8a;\xb6\x1b\xf7\xa4@\x0f\xach\x00?\xce\xba\xf8\xfct\xd1\xc2\xc9\xe58\xb2d\xe9\x9e\x9b\xe9\x02\xfa\xa5\xd6"H\x91\x82\x9f\xe2-\x9d\xcc\x07\xb9$\xd3\xa3\xe3\xa4\xcc\xf2\xf2\xa55G\x07\xf8\xc3\xfd\xa0!\xd2\x19\xecV\xef\xe4C\x9c$V\xa0Ks\xb4g\xf53eT\xfb\xf1\xf9\xad\x0f\r\xa2Bj;g\x07\x93\xe3&amp;\x9bq,\xcd1\xbf\x90\xb6|\xed&gt;2&gt;\x838\xcdf~\x1f\xc5\x1b\x17\x9b\x12\xfd\xd0\x9f\x174;\xa3\x1d\xb4\x1a\xbc\xeaGk\x1b\x96h\xe4l\xff\x00\x9dX\x03\x8f\xa5d\xc9\x82q\xf65c\xcf\t\xf4}1\xd0\x1a\xb4\xba\x8f\x86\xd0H\x187\x98\xb9b\xfb\x81\xed\x83\xb8s\xf8\xa6bR2y\x0e(\xbf_It\x96\xa4\xde\xc7\x1a*\x8e$\x92M\x9c{\xf2\xd4\xd9\xc5\x99q\xb5z)\x9a\xe47:\xae\xd14\xc8\xb6\xcawE\x12\xc9\x96|v\xc9p\x17\xf9\x83X\xe4\xac\xe9A\xd1X\xeaXt;i\xda\xfe\xfb\x11^4&amp;\xd2\'3\t\'T?\xab\xc3\xe0\x95\'\xd4\x81Q\x85\x13\x99hG\xa2\xbaj\xe2\xf2\xf7N\xd4\xe0\x82\xeaFbd\xb9$\x14c\xff\x00Q.\xcd\xeeX\xe7\xed\xda\xb2\xcd\xcaL\xd9\x14\xa2\xb60n\xbc\x82\xeau\xb6M\xd2\xc89{\xe0F\x15\x07\x1c\x06=\xcf\xbb\x1a\x07\x07\xee\x1ak\xd8\xb9i\xb7m\xaa\xc5\x08\xb20\xb2\x05\xc2\xca\xcc_\xf1\xb8(\xe7\xeb\x9a\xb4\x03\xd0\xf6\xca[\xe8\xa4\xf0\x99\x80|\xe1F\x0e\xd2=q\xc5\x1aL[hwn\xb2\x02\xcd\x1d\xd6\xcc\xf0\xe13\xe5\xa6\xc6\xfeL\xf2\xfb\x89\xf4]3}\xe9hX\xbcy\xc8,NI\xf5$\x9eh\xa3\x0bd\x94\xe9\x1d\xd7\xe1\xae\xa7\r\xa5\xb7\xec\xd6\x1c\x9e\xec)\x90\\]\x18\xb3}\xad\x92|D\xd3\xfaj[Rn\xee\x92\x02\xdd\x86\x036\x7f\x1c\xd7?\xccX\xabl\xe8\x7f\x0f\x9enZVp\x8dn\xc7F\xb7f{Vi\x89\xc8R\xc3\x1f\x9cW\x9b\xc8\xa0\xba=\x9e)M\xf6U%\xb7m\xc7\x8a\xcek\x00\xbb\x81\x82\x9e*\x06\x8a\xde\xa6\x84)\xabE\xb2\x9d\xa9\x123Z""EOSv\xdckn3$\xca\xc5\xdc\x841\xad\xd1F\x190{w\xcd\xca\nd\xba\x16\x9e\xcb\xe6\x83\xc9J\xe2\xe6:\xb8\x8e\x93\xa0\x8c\x11\xc7\xb5rft\xe0]4\xcfJH\xd1\xca\x1f)4`\xb1\x06\xb0\xdeV\xfc\xd1\xa1r9\x87UI\x94j\xea`[99\xde\x8e7\xd5\xb2~\xacW\xa8\xf1Q\xe5\xfc\xa6sm@\x93!\xae\xfc:8\x13\x04\x14\xc1F\xc2\xa8$H\xb5A\x12)\xa0\t\x12\xa1\xa1a\x13)\xa0\x0c\x91Z\xa8\xb3p\xde\xd5D6\xddBY\xb0j\x85\xd9\xb8j\xa0\x8c\xee\x15D&lt;Z\xa1\rKT!\xff\xd1\xea\xf6\xe78\xaf\x933\xeb\xa3\x18[\x02\x84\xb3w\x93\x8a\xab"\x05\x95\xc5\x0b,S{&amp;3P\xb2\xbd\xa8\xc9\xe54H\xa6T\xf5\t95\xa6\x08C+W\xcf\xc95\xb2&amp;y\x01\xc6N\xdak\x01\x12\xc3\x9c\x83B\xcbA\x9d\x94R\xc3\t\xd3\xef\xae\xf4\xf9\xd2\xee\xcag\x82d&gt;Y#b\xac?"\xa9\x90x5-\'[\xc8\xd4\xc2\xe9\xd7\xcd\xda\xfe\x14\xff\x00\x97\x90\xff\x00\xe7D\xbf\xa4\x9f\xf1\'\xe5MP=t.\xd5\xac/\xf4\x97U\xbcO$\xa30\\#\x07\x86U\xf7G^\x08\xfe\xa3\xd6\xad"r\xb1,\xf3\x9c\x91\x9ar@6\x0c\xf2\x93F\x90,\x16R\xc4\x1e8\xa3H[\x17\xdcd\x9ab3\xc9\x02\x948\xc8\x1c{\xd1\x8a\xa0ym\xe4\x91Y\xd4d(\xc9\xfbS\x13\x16\xd0\x03\xa7 \xd3\x93\x12\xcb\xa7B|:\xd6z\xc2\xf6\t\xb4\xe8\xcaY+!\x9a\xeaN\x15H`\x18\x03\xeas\xdb\xde\xb0g\xce\xa3k\xdcd19o\xd8\xfb/\xe1\x7f\xc2\x0e\x8e\xf8~\xb2k:\x85\x8cf|\'\x83,\xa0&lt;\xf2)\x03\xca\x01\xe1\x06\x7f4\xac8[|\xb2m~\xfd\xbd\xbfRM\xa5\xa8w\xf2=\xf8\x8f\xf1V+\x1b\x15\xb0\xd2eH\n\xf9\xcc`n\xf10r\x88@\xc1\xceq]~|\x95-#&lt;0\xd3\xb7\xb3\xe3\x1f\x88\xfde\xaf\xea\xf34\xd77%\xd6\xe2gv\xb89W\xd8\xeaF\xe6\x19\xec7\xb6?\xa56\x18\x95\xd8\xf9M\xa5E\x7f\xa6\xca\xeao\r\xa4h\x12\x02L\xab\xc7*\x00;A\x1d\xf2W\xfa\x9c\xd3\xa7\xa1q\xd9g\xd3t\xa8\xfc\x08\xb4\xf8\x87\xcb\xc9i\xb3d\x8f\x81\x87pC\xb1=\xc8\xc1\x02\x95\xcb\x7fx\xda;\xaf\xc3\xae\x9e\x82\x1d\xd78\xcbnDW+\x8d\xa5\x93kc\xe9\x93\x9a\xd9\xe3\xc1vs\xbc\xbc\x8d*:\xaa\xacV0,l\xa3\x08\xa0\x0cWr*\x91\xe6\xa4\xdbg\x01\xf8\xe9\xd6\x92i\xfaU\xf6\xa3#\x95\x86\xcd]\xa1@\xdbAp\xa7\x9c\x9e\x01\'\x8a\x8d\x9a\xf1E-\x9f\x02O}/P\xeb\xcbs\xac\xdc\xfc\xb0\xbc\x9dE\xc5\xcb\x86q\x02H\xe3sm\x1eb\x10\x1c\xe0V\xb8%i{\x19\xe5\'\xb6Y\xf5&gt;\x83\xe9\xd7\xea\x99\xb4^\x93\xea8\xf5\x1d&lt;\xc4\xb3Yj\x93\xc1$\t9\x11\xef\x921\xb8\x0c\x15 \x8c\x903L\xcf\x18\xc1\xebhV)JQ\xfbJ\x99T\xd3\x8c\x96\xf3|\xd4o\xb5\xad\xd8\xb20\xee\xac\x9c\x83\x8fP{\x1a\xce\xd7\xb1\xa6\x16\xb6~\x8f\xff\x00f\xdb\t\xa7\xe9\xcbv\xba&lt;\xa8V\xda\xc3\xf4oP\xdb~\x9c\x9fzB\x8aD\xcf6\xd9\xdbuSk\x1c\r\x1c\xd1\xa4\xa4\x0c\x84+\x9c\xe3\xd7\xb7j^J\xa1x\xae\xceq\xaaI\x0f\xefV\xe6\x16\x0c\xc4\x1f\x10\x0f\r\xb9=\x94d\x90&gt;\xa7\x15\xcb\x9bH\xeecM\x95\xe94\xee\x9e\xf1\xa5k\xbbF|.\xd6gvs\x96\xf4\x199\x19\xfaP)!\xae.\x84=A\xf0\xf7\xa4u\x0bx\xe4M"\xd5\x04k\xc4\xb1(\x8d\xc2\x9c\x93\x92p\x01\xfa\xf7\xa2ru\xa2\xa1\xde\xc4\x96\xfd8\x9a2\x1f\xd8\xe4\x1b"B\xdc\xc3\xe1\tJ\x83\xfc@\x8c\x13\xf9\xac\xcdY\xb1J\x89\'\xd0\xecn\x8a\xb42Kj\xa5\x83\xdb\xcf\x08\n\x8c\xd8\xfe%\x1d\xaaq/\x91d\x8e\xd2x\xb4\xf8\xcc\xb1\xa6\xa4\xd1\x10\x19\xa4$\x95\xfeC\x8a-W\xc8\xa4\xed\xfc\r\xecu\x08P\x14\xbbO\x04c\x88\xf0x\xe3\xeb\xde\xab\x91N\x1f\x03\xdd\x07S\x82\x13!\x81I\xc7\xa9\x18\xc57\x14\xfe\x04e\x87\xc9\xd4~\x1d\xea6\xa9/\xcc]\x01\xb9\xf8\x04\xfbTM\xb9[\x15\x92)F\x91w\xea[xo\xec\xc9\xb7\xb5\x8d\xd8\x83\xb5\x9dG\xfa\xd0g\x8akI\x15\xe3M\xc6[l\xe1\xfdA\xa0C\x14\x92\xc9q,k(\xce"\x8d\xb7\x01\xf7#5\xe6r\xe3V\xee\xac\xf6\xb836\x95YO\x9e\xd4!&lt;\x83\xf5\x15\x89\xa3\xa4\x98\xae\xfa\xdcm"\xa84T\xf5x\x80\r\x9a\x886P\xf5\x95\xc6\xecV\x88\x19\xe4Su\x17$\x9a\xdd\x04c\x9b+\x17\xa7-[\xe0b\x91\x15\xa0\xcd\xca\xfd(\xa7\xd0\x11\xec\xe8\x1a\x00\xf3(\xfbW\x131\xd5\xc4t\x8d\x04\x1e+\x953\xa7\x02\xe9\xa6\xfb\xd2F\x8dA\xc4g\xedF\x0b+\x9a\xd4\x98F\xa3\x88\x99\x1c\xb7\xaa\xe5\xc0j\xeb\xf8\xe8\xe4y\x0c\xe3}U&amp;KW\xa9\xf1\x91\xe5\xfc\x96s\xdb\xd3\x99\rw#\xd1\xc2\x9f`\xd4b\xcd\x81\xaa\t\x12)\xaa\x08\x90P\xb2\xc9\x14\xd0\xb0\x89A\xa1,\xdc\x1a\x10\xcd\x83\xd5\x10\xd8=B\xcd\x83P\x96n\x1a\xa8\xb3;\xbd*\x10\xf6j\x10\xc1j\x84?\xff\xd2\xeb\x10q_%&gt;\xba\x16\x8c1TC\x12IB\x10,\xb2\xd5\x10Q{/z\x94Y]\xd4\xa4\xf2\xb5\x1a\x05\x95MBN\xf5\xae\x08\xcf"\xbdtrMk\x89\x9eDq\xaf\x92\xad\xb2\x91&lt;\t\xc84-\x84\x82\xcaqK\x0e\x8c\x01\x81VQ\x92x\xab(3N\xea\x0b\xfd*9-Se\xcd\x94\xc77\x16\x17\x0b\xe2A!\xf7\xda{7\xb3)\x0c=\xe8\xa8\x06\x8c\xcb\xa4\xe9z\xe9\xdf\xd3\x8em\xee\x9b\xbe\x8ft\xe3,\x7f\xf2&amp;l\x07\xff\x00\xa5\xb0\xdf\xf5S\x13\xae\xc5\xec\xaf\xdcA=\xb4\xafos\x1bE,gl\x91:\x95u#\xd0\x83\xc8\xa6"\x86\xfd?\xd4\xd6\xda\x0cr\xa4\xfatw\xc6L`\xc8q\xb7\x1fL\x1c\xd0J\x16\xfb%\x8f\xe3\xeb~\x90\xbc\\M\xa5\xdb\xd9J}f\xb4K\x88\xb3\xf5(Q\x80\xfc\x1a[\xc7?\x96\xff\x00\x12\xb4b\xeak\x17\x8d\xe5\x8b\xa6t\xddf\xcc\xaef\x9bH\x96Tp\xbe\xbb\xa2&gt;q\x8f\xfax\xf7\xa1]\xff\x00SO\xff\x00w\xfb\x06\x8a\xfbi]\x15q&lt;rh\xf7\xb2X-\xdeB[\xea 4E\x87\r\x1f\x8c\x83\xca\xc0\xff\x00\x88S\\\xf2.\xd5\xd7\xc7\xfa\x14\xe3\x11U\xdf\xc3\xcb\xbd3WC\xaaD\xc9\xa5\xf1#\xce\xbea\xe1\x9fEe\xc8?Lw\xa6\xff\x001q\xd7fg\x8a\x9e\xfa&gt;\xa9\xf8o\xd3v=\x0f\xd2\x96\xbdc\xd4Q\xad\xae\x99\x08\xf1\xb4}1\xc0\x0f\xb8\xe4,\xb2\x0e\xe5\xc8\xc1\xc7\xf0\xf6\x15&lt;\x7f\x1d\xcaJL\xbc\xb9iqBo\x88_\x18n&amp;\x83\xc0U03\xecb6\x93\xb1C\x82;\xfb\x0c\xd7ZX\xb6g\xc6\xd7g\x1c\xea.\xb5\x1a\x95\xe5\xad\xc0\xdd:\xa8\x10\xab\x96\xf5\x97$(?\xcc\xfe(\xd4h6\xec\x03T\xb3\x8bZ\xb3\xb9\x9b\x11\xbc\xae\xa7\nxV\x8e\x01\x83\xcf}\xbb\xbf\x9f5"\xdae5b\x0e\x8b\xb5\x1a&gt;\xabp\xb7\xd3\x87\x0c$\x98J1\x99\x01\x1bw\x0c\xf0\x14\x1f*\xfb\xe2\x9d\x91\xa6\x85\xc1Q\xd2"\xd2,\xe6\x82\x1f\n=\xb0\xc9\xe1\xb3\x9c\x0c\xc8q\x90\x07\xa9\xca\x8e\xf5\x9b\xdc\xd0\x9e\x8e\xed\xd1\x16\x11\xa5\xb2\x800\xac\xc2Q\x8fB\xa7\x00~A\xae\xc7\x8a\xb4y\xef6[\x18\xf5\x95\xf7\xca\xd8\xedS\xdcm\x00w\xc8\xef]S\x93\x05l\xf9?\xfbBOy\xaf\xe9st\xce\x97\x13\xcb,\xc0&lt;\x92\x8e\xdeS\x90\xbf\x93\xdc\x9a\\e\xf6\xce\xb2\xc6\xfd6|\xab7G\xf5jae\xd1\xee\xd5\x81\xc6&lt;\x07&lt;\xfd\xc05\xab\x929\xce\x12\xf8\x08\x8b\xa1z\xe6\xf1\x85\xbcZE\xd3l\xe0f2\xaa\xbe\xbc\xb3`U\xbc\x8b\xdd\x94\xb1\xcb\xe0\xe8?\r&gt;\x00u^\xbf\xad[\x9dN\xd1\x8ch\xe1\xda\xce!\xe23\xe0\xe7\xf7\x8c&lt;\xaa\x99\xef\xcf4\x89d\xbd!\xea\n;\x93?A~\x1bt\x92tf\x8d\x15\xbd\xdb)\x9b\xfb\xcb\x86\x07\x80\xc7\xd0zq\xda\xab\xa4d\x9c\xb9\xc8\xd3\xab\xba\xf6\xd6\xcaV\xb7\x03{\x9e#E=\xcf\xbes\\\xdc\xd9\xe9\x9dO\x1f\xc5\xb5e\x05\xeeF\xa5q\x8ce\\\xe6@\xbc\xe0\x0e\xdb\xcb6I\xfcV6\xf9\x1d4\x94Q\x90Sg\x83\x00S\xe1\xf2\xc5\x00\x00{~\xa0\x0eO\xbej\xb8\x91\xb3Y\'\xb2,\xf1\xa4\xa2Y\xca\x9f\x12\xdc\x1d\xb2\xaf\x1c\xf7\x03\x19\xfaf\x8fT\x06\xc0t\xfb\xe8\xe4\x12Cl\x15_\xb4\x9c`\xe7\xb7\x9b&lt;\x0e=\xe9?p\xfa\xf97[C\x01y\xec@\x91\x1c\x03*&amp;\xd6\\\xfb\x05&lt;\x1a\x96\xc9\xa2e\xb9\x91fV\xb61\xc1p\xd8V\x82e!\x1c\x7f\xd2O\x1f\x83@\xe4\xc2QTiv\x9a\x9cs\xf8\x91\xdc\xc4\x92\x83\x88\xd65\xdc\x01&gt;\x9b\x9b\xd0R\x9c\x9d\xf66)WC\x8d\x1fX\x8fM}\xba\x85\xc8\xb8\x9d\xf9rNq\xf4\x00Sa.=\x89\xc9\x0e]\x1d;\xa3\xa1\xbd\xd5\x99nb_\n\x01\x8cs\xc9\xfcQ\xac\xdc\xbaB\'\x89Em\x9d&gt;\xebQ{M+\xc3\x00\xb3\xed eX\x8e\xdfj\xbc\x99j"1b\xb9\x9cs\xa85\x1b\xeb\x8b\x89\x05\xc1\x00d\xe0*\x85\x03\xf9\n\xf39rJ\xf6{L\x18\xe2\x96\x8a\xc4\xc3w,sY\x99\xbd\n\xb5\x00\x02\x90(CE;Z\x1eV\xaa\x19\xecs\xddp\xe3u&gt;\x06y\x94\x8dI\xceH\xae\x8c\x11\x82l\xad\xdd&gt;Z\xb7E\x18\xe4\xcfX.n\x96\xa6O\xe9*=\x9d\x0f@O2\xfe+\x85\x99\x9d|GF\xd1\x06\x00\xaed\x8e\x8cK\x86\x9d\xda\x964dO\xee\xc9\xa2\x05\x95\x8dq\x88F4\xc8\x88\x99\xca\xba\xb1\xfc\xad]\x9f\x1d\x1c_ \xe3\xbdP\xf9s^\xa7\xc6G\x97\xf2YB\xbc9\x90\xd7j=\x1cYvCD\x01\x91T\x127Z\xa0\x89\x05Qd\x80\xd0\x96H\xa6\x85\x96l\rQf\xc1\xaa\x8b\xb3;\xaa\xa8\xbb6\rTY j\xaa,\xc85E\x99\xcdQ\x0c\x13VC\xff\xd3\xea\xc8q_$&gt;\xbaJ$\xaa,\x8eIj\x82\x05\x96Z\xa2\t\xef%\xefV\x8a+\xda\x9c\xbc\x1al@l\xaa\xdf\xc9\xc9\xadqB$\'\x9b\x92kB\x10\xcd\xe2L\xadSe\x85[\xc5\x93\x8a[a \xc3\x11\xc5\x05\x87Do\x16;Q&amp;\x08\xca\xdf]\xb6\x81\x12)\xb4k\x1b\x85\\d\xbcr\xab\xb6=\xdd%S\xcd\x12\x01\xa3\xd2j\x1d%t\xe4\xddh\x92\xdag\xd6\xc6\xf1\xb0&gt;\xbbnV_\xff\x00*bb\xea_$-\xa0\xf4\xe6\xa0\x7f\xf7F\xb7\xe0H\xd8\xdbm\xa9\xc0\xd0\xf3\xec%\x88\xc8\x9f\xcfm\x1d\x83o\xdd\x0en\xbak\xab\x96\xda;~\xaf\xd0\xaf/\xac\xc2\x81i\xac\xda\xc4f\x964\xf4)2\x06IS\xfc\xac~\xc5j$\xfb@r\x8f\xc9V\xd6\xfaZ\xfbI\x8c^\x0f\xf9\xab\t\x0e\xd8\xefcVU\r\xfe\t\x11\x86\xe8\xdf\xfc\xad\xf8\xcd\x15\x96 \x9a&lt;Q\xa6S@\xcb5\xc5\x9c\xab=\xb4\x8d\x14\x8ar\xae\x8cT\x8f\xc8\xa6i\xad\x80\xf4;\xb4\xea\r7\xa8#}\x13\xac\x14 \xb9*!\xd6b@&amp;\x82Q\xc2\xc9"\x8c\t\x17\x9c7\xf1c\xd6\x97\xc1\xc1\xdc\x7f!R\x95\xe9\x9d\x7f\xfb&gt;\xf4wR_k\xd7\x9d9\xd4o\r\xf7L\xe9\xaan/7\x9f\x12\'\x8dNCF\xc7\xf4\xe0\x81\x90pG\xad\x04a\x1c\x93\xb5\xf8\x8b\x94\x9cc\xbf\xc0\xe9\xddn\xcd\xd4W\xd1\xeb\xd6\xa8\xd7\xd6\x16\xed\xb6\xda\xc9I\xf0\xd4)\xdb\xc7\xd7\xb6Ev\xb1$\x97\xc1\x82M\xf4qn\xaa\xd1\xfa\x9fZ\xbd\xbdx\xec\xce%\xde\x12"\xcaX\x02\xc3=\x88&lt;\x008\xabya}\x8dQ\xa4s\x8b\xcd&gt;=&lt;,lY-"\x91~m\x98\x1d\xf1\x9ca\xbd\xb9\x03\xca\x07\xf9\xa8\xee\xcb\xaa,Z-\xd5\xbe\xa7oj\xb1C\xe0Z,\xa6\x0b\x86c\x96\x11D\xb8Q\x8e\xe7,O\x145E\xd8/PXC"i\x86\xedL&amp;\xeer\xdb@\t\xbe(\x9c\x02\x1cc\xf4\x85\xe7\xb5\x1a\xd1^\xe5\xd3\xa7uY.\xee\xe2\xbb\x996\xa4\xef\xe1X\xc4\xb8R\xdb\x80G\x94\x83\xc8\x18\xe1Ts\x8c{\xd0Qo\xa3\xb0\xf4\xf6\xa1\xf2e\xa1\x19UQ\x8f7\xa7\xbdt\xfcwZ8\xbeTof\xba\xad\x95\xce\xa0\xb2\xc9ur\\.\xd1\x1bF\xbcy\x863\x83\xda\xba\xb1j\x8e_L\xa6\xea\x1f\r\xe1\xb8\x91\xda\xe4b"[;\xf0\x030\xce\t8=\xfd3JqH\xd6\xb3\xbe\x84:\xb6\x8f\xd1\xfd&lt;\x93\x9b\x97\x92wL\x18\xd4\xc8\xc1\x14\x15\xc63\x1d"~B\x8e\x90\xfcx%=\xbe\x8a\x8d\xdfZ\xe8\xda{\xc6-\xf4U\xda\xa7\xc3\x0e\xca\x1b;\xb9\xef&amp;\x0f?j\xc2\xfc\xb9\xb3z\xf1#\xee\xc7\xfd=\xf1n\xf6\xca\x02\x96\xbb \x8c\x7f\n\x04Fo`\x02\xa0\'\xf3B\xbc\xb9\xfb\x95/\x07\x1b\x0e\xd4\xfe2\xea\xb7\x91\xac6\xf2"\x06\x18\x96L\xf9\xc1\x1d\xc1\x19c\xfd\x05I\xf9\x13h\xa8xx\xe2\xca\xeau\x1c\x17\xf7Q\xdc\xea\xb7\x84\xfa\x84C\xe6\xc6q\xfa\xb8P=\xf9&amp;\xb3[6Ui\r\xe2\xd4\xe7\xba\x02k\x14`\x831,\x91\x81\xb4q\x9f\xd7!\xe7&gt;\xf84i\x80\xd2"\x1a\xca\xfc\xd42j\x08\x14L\x1a)3#\t2\xa3\x1f\xbcgeU?a\xf9\xa2\xb0x\xfc\x1a\xc7#|\xc3\xc5\xe3$A\x95\x82G\xe3F\xe7#\x9es\xcb6;`\xd5\x16gJ\xd6\xed\x9eY$\x8eW\x967\x1b%o\x0b\x97\x94\x7f\x88\xaf\x19\xf7\xcd-\xba\x18\xa3ca\xa8\xbc\x12Eqb\xd2\xdb\xb1\xcf\x03\xf4n\x18\xc8`9\xaa\xe4N7\xa67\xb2\xd7\x84\xc0&amp;\xb5\n\x05b&lt;\x17\x0e\xa7\xf5\x1fA\x90A\xfb\x9a&gt;_"\xdc&gt;\x08\xb5\xee\x88\xd3uDY\xde\xe6\xe2\xd2)\x06\x01\xb7\x99\x91[\xee\x06{\xfd\xea8\xa2Fo\xa2]\'M\xd2\xba~\xd9a\xb5\x88\xb0^7\xc9\xe6\'\xeb\xefK\xd2\x19\xb6t~\x87\xeaa\xa7]Bdo\xdd\xe4\r\xb9\x1c\xff\x00\xda\x89HVHY\xdc\xa7\xbc\xb0\xd5\xf4\x95\x96&amp;$\x11\xce\x1b\x81\xf7\xe6\x9b\x91\xa9D\xc3\x89J\x139?S[\xd8-\xc3\x80A\xc6xR?\xfd\x9a\xf3\xd9R=\x7f\x8d)QI\xb9\n\x1c\x85\xed\x9e+\x03:\x88S\xa8c\x07\x14,j)\x9a\xdev\xb5R\r\xf4s\xcd{\x8d\xd5\xa7\x19\x9ae\x13R|\x16\x1e\xf5\xd3\x829\xd3ej\xe5\xbfxktQ\x8eL\x97Lbn\x87\xe2\x87*\xfb%\xc1\xec\xe8\xdd&gt;r\xcb\xf8\xae\x0ec\xb1\x88\xe8\xda\'\xe9S\\\xc9\x1d\x18\x96\xfd&lt;yicC\xdc\xe2\x13D\x01T\xd7[\xc8\xd4\xd8-\x99\xe6r\xae\xacn\x1c}\xeb\xb7\xe3#\x8b\xe43\x8fu3y\xda\xbdO\x8eyo \xa3]\x7fxk\xae\xba8\xf2\xec\x84Q\x02l*\x8bD\x8a\t\xaa\x0c\x91P\xd0\xb2\xc9V2hl\xb2E\x8c\xd0\xd9f\xc2#Ue\xd1\x9f\x0c\xd4\xb2Q\xed\xadP\xba&lt;\x01\xaa-\x1b\x02j\x8b2\x1a\xa1fw\xd5Q\x0c\x16\xab!\xff\xd4\xea\x1e&amp;+\xe4\x87\xd7L\x19j\x98H\x8aI\xbe\xb5E\x82\xcf/\x15\x08(\xbb\x9b\xbdZ\x05\x95\xddN^\r:(\x06Vo$\xcbV\xb8\x99\xe4k\xa6\xe9\x89\xa9\xbb\xf8\x97\xb6\xf6A1\xe6\xb9r\xb9\xcf\xb0PI\xa6\xd8\xa6Y\xedz\x1fOdV~\xa9\xd2\x90\x1cg\xf7\x93\x12?\x02:]\xdf\xba\xfd\x7f\xd1\\\x9a\xf6ck~\x89\xe9H\xff\x00\xf8\x8e\xb1\xb28\xf4\x86\xde\xe6L\xff\x005\x14\x0f\xef_\xaf\xfa"\x9c\xbf\xf4\xb0\xd1\xd3\x7f\x0e#\x1f\xf3=Oq.=-\xf4\xe6\xe7\xf2\xee(&gt;\xcf\xcf\xe9\xff\x00B\xe5\x93\xff\x00O\xeaG&amp;\x9f\xf0\xa2\x15\x19\xba\xd5\xee\x8f\xa8Xm\xe2\x1f\xd5\x9a\xa5\xaf\xaf\xe4\xbf\xdb\'\xff\x00S\xe8@d\xf8O\x17\x07K\xd5\xa7\xfa\x9b\xa8\x13\xfd\x10\xd1_\xdf\xf9\xaf\xf4SS\xfa\x19[\xdf\x83}\xa6\xd0\xb5q\xeeV\xfe/\xf7\x8e\xae\xdf\xed\xaf\xff\x00P\\g\xf2G)\xf86\xcc\xb2\xd8\xfe\xdd\xd3e\\\x14\x97u\xb4\xfb[\xdc~\x83\xfdh\x93\x97\xee\xbf\xe1U/\xa1\x1d\x9f\xca\xc1u\xf3=3\xd7r\xdaLF\x00\xd4Rx7\x0f\xf0\xb1F\x95\x08\xfb\x8cS9?\xdf\xed\x83(\xebh\xb2\xd8\xdfu\xa4q8\xba\x82=F\xdaE+5\xc6\x9d\xe1j\x962\xa69\x13\xd9\x13\xb8\x03\xef\x1e\xc2;\xe2\x89LS\x82+\x1a\x97\xc3k\x1e\xa3W\xb8\xe9fK+\xf7$&amp;\x8e\xf2\x16\xb6\xb8|d\xa5\xa5\xc4\x98e\x7f\xfc\x89\x82\xbf\xb1jl]\x83\xc9\xae\xceY\xa8X\xdc\xda\\Kiw\x13A&lt;,\xd1\xcd\x0c\x8aU\xd1\x94\xe0\xab)\xe4\x11LL\xb6G\xa6\xe8\xb7\xba\xd6\xa3o\xa5\xe9\xd0\x9b\x8b\xab\xa7X\xa0\x89FK;\x9c\x01\xfc\xe8\xb9\x08h\xfb\x93\xa6z\x03O\xf8i\xf0\xf2\xdf\xa75{\x943J\x04\xda\xec\xdb\xb1$\x8b\x1a\x7fv\xac;\x84\xfd?Q[\xf1aQ\xef\xb3\x9d&lt;\xceO\xec\xf4r\xae\xaa\xf8\xb2t=S\xf6M\x84)\x16\x8f**\x89\x10\xfe\xb8\x98\x80Y}\x15\x97\x9f\xc8\xa6\xba\x92\n0\xae\xcem\xd4w\x9a\xc6\x97\xac\x17\xb2\xbay\x13+skz\xcd\xb88\x91\x06\xd6\xfa\x80{\x8a\x90Q\x92\x1d&amp;\xd1?T\\h\xba\xa5\x81\xeaVE\x17\x1b\xe3\xb6\xd5a\'\xf5\x86Fd\x90/\xf9\x88&lt;\xfd\xbe\x94\x10N2\xe3\xed\xec[\xa7\x1b(\xfa^\xa5q\xd3W\x16Z\x97\x8ae\x82M\xd3\xba\x06\xfd\x05\x8f\x911\xdb\xd4s\xefZZ\xb1i\xe8\xb9Ia\x06\xa0b\xbb\xb9\xf1&amp;\x9e\xdc~\xe9W\xcb\x103a\x8eY\xb3\x90\x00\xff\x00Z\xab\xb4N\x98wE\xc8\x92j\xf2\xdf\xa8\x18\x83\x10\xc1r\xcc\n\xc5\x18\xc31B\xc0\x03\x93\xec*\xd2*OGE\xb8\xd6\xdfL\x965Q\x10\xc2x\xa7\xc7\x90!T\xcf&lt;\xb1\xc6I4\xf8\xbe,\xc6\xe2\xa4\x8a\xfe\xb5\xfd\xa0t\xfb\x03&amp;\x9e$\x89o9Y\xad\x8b\x02\xbcv\xf3\x80@\xcf\xda\x9b\xebO\xd8Z\xf1!\xeesMO\xe3\x1fRj\x17\x12\xf8R\xc4"\xda[\xf7R\x89\xd5\x978\xc6\x14\xf1\x8f\xbd%\xcaO\xdc\xd7\x1cp]"\xa7\xa8\xeb\xda\xbe\xa5 \x8e\xf92\xb2\x9f&gt;\xd9\x06\xc5V&gt;\xa4\xe4\x03KHm\x98\x86\x18\xd6WGuh\x97f\xfew\xbc\x83\xfc\xb9b\xc7\xb63\xc0\xa9E\xd8\xf5\xe3\xb7\xd3`1\x02`\xb8\x97\xfb\xb8\x89\\\x04\xc19b\xc3\nN1\xdf\x02\xaa\xac\xa6\xc8m\x12;\x94\x97R\xba&gt;)\x8b\x84\x8e\'c\x11\xce\x06\xd6\'\x18\xc69&gt;\xb5o\xe0\x14\x05e6\xa7}x[RtA\x0f\x96\xddaW G\xc9\xc2\xe7\x07\x03\xd4\x93\xcdIW\xb0Q\xfa\x97f\xb9\x10\xe9\xf1\x88\xedZhB\x15|1(\xed\x9cv\xc9\xc7\x1c\xd0\x17\xeef\xe3Z\xd3\x99\x03\xc4\xd3\xb4\xa1p#W\x85\x18\x1e0\x08\x94v\x1faQo\xb24\xc1\xee"\xb9\x8eh\xee\x96o\x02\xe12\xec\xef\x84\x0b\x8cq\xba&amp;&lt;\x1c\xf2q\x8a\xa4\xc9@m\xf3\xb6eu\x08\xa5h\x1d\xdd\x9a\xea\xd8\xc8\xc8\x18v\'\n\xbb[\x8eA\x00\x1a\x16\xefA\xa4]4\xaf\x03T\xb8\xb5\xb8\xb4\x9b\xc7\x8a\xee \xa8!|\xa9\xe3\x04\xee\x05pGn\x0e}\xc5R[)\xbd\x16Ca"0\xb5%\x1d6\x95u\x90\xef(}9\xcb\xae~\xf4\xda\x15f\x915\xc4\r&amp;\x98\xd1x\xb1E\x92\xa5\\\xa3q\xceJ\x1fO\xb5S/\xea-]y`\xd4\xdfO`\x19\xdcd#\xe3+\xf9%r?\x14\x87!\xea:\x1c\xe9\xda\xa41\xcd\xba\x00\x03\x7f\x88\x90y\xfc\x13AaQ\xdd&gt;\x1c\xeb\xf3j\xb6\x07I\xb8Eq\x8f!#\x83\xfe\xf4\xd8\xedS1\xe4\\_"\x1e\xa1\xe8\xedG\xc6v\x11\xa2 \xc9\xdf\xe2\xa8_\xc6y\xaen_\x1eW\xd7\xeav&lt;\x7f2\x15\xff\x00\n\x15\xfcF\xdd\x8c,\x81X\x1e\xfb\xb7\x1f\xe9\xc5sd\xa8\xedA\xde\xc4:\x93`\x1fz[\x1e\x8an\xb6K\x03T\x1b9\xee\xbd\x8f5i\xc6e\x99@\xd5\x0e7WW\x19\xcd\xc8Vn\t\xf1\ro\x8fF&amp;\x13\xa3\xf3t\x0f\xda\x95\x9b\xa0\xf1\xf6t\x8e\x9e\x1c\x8a\xe0\xe6;8\x8e\x8f\xa2\x8f*\xd72]\x9d(\x96\xeb\x0e\x12\x9606S\x88M\x10\x0c\xa8\xeb\xcd\xe4jt\x0c\xd9\x19\xca:\xb1\xb8j\xeex\xc7\x13\xc88\xff\x00R\x9c\xbb~k\xd4\xf8\xe7\x96\xf2;)W\x1f\xde\x1a\xea\xa3\x91.\xc8\xe8\x8a$D\xcdPh"8\xe8\x1b\x08!#\xcd\x03a\x12\xaa\n\x0b\r"e\x88P\xd9f\xe21\xedCd3\xe0\x8a\x96]\x1e1-BQ\xa1\x85}\xaa\xec\x94h\xd1\x00*Y\x08\x18`\xd1\x14k\xba\xac\x86\x0bT\xa2Y\xff\xd5\xe8\xa6\\W\xc9\x0f\xae\x9a\x19\xb8\xaa!\x0b\xcdT\x104\xb2\xf0j\xcb\x14\xdd\xcay\xa2@\x15\xcdJ^\xf4\xf8!r+\xb72rk\\Q\x9d\x82\x86\xcbS@\x19\xdbv\x14\x89\x0c\x1cY\xafjD\x86!\x97\x861K\x18F\xf1\x83\x9cQ\x02\r$c\xda\x8d\x02\x0e\xf1\n`\xb2\x17\x80Q\xa2\x9a\x07\x92 \x05\x1a`\x93iRi\xd6\x97"\xe6\xf6\xf6\xea\xc8\xa1\xf2\x9b\x14\r)\xfa\x86i\x10\n:\xb1r.\xfaw\xc5-\x1a\xdaS\x06\xa5=\xce\xabl\xe0F\xff\x00\xb5\xac\xe0\x95\xd93\xd9\xa5\xb7\x91d zguW\x03&lt;\xa2\xd9c\xd4t&gt;\x8b\xf8\xbbn\x92hw\xb6\xf2j\x91\x81\x1cov\xccg\xda\xa3\x0b\x1c\xb2y$\x91=\x15\x98\tS\xb7\xef\x17\x80V\xfa\xfd\xff\x00\xdf\xeegw\x0f\xb8\xbb\xfc3\xf8g\xa4\xfc\x13\xd0\xe6\xea\xee\xa0\x85 \xeak\xe4e\xb4\xb7\xb8\x91e[\x15\xe4yeU\xc6_\xbeH\xed\xeb]&lt;x\xf8+}\x98\xf2d\xf5\x1f\x18\xf5\xeesn\xb8\xf8\x87\xad\xea:\xaa\xc9s3\xa0\xb6f\xd8\x8ewnQ\x8e\x0e3\x90\xc3\x9e;\xd3\x12lbI\x14-b\xf6\xcfX\xb7\xb8\xb3(\x04p6\xeby?\x8e6\'\x05\t\xcf \x83\xcd1&amp;\x9d\x91\xf4W\xc5\xee\xb7e\xa5&amp;\x9bs*\xdeGl$[22r\x80\x15#?\xf5\x1f\xe9Z)]\x8a=\xabjQ\xdd[]Gb\xeb\xb6h\xd1e\xb7\x91\x82\x92\xea\x9b\x97q?\xe1 \xd4K\xab\xf6%\x8a\xad\xc6,\xee-\x19\x17\xf8\x08\x94\x9f\xf0\xf3\xb9q\xc6\xd0N\x07?Zk@Yq\xd0/\x9e{\x1b%\xbd\x99\x91\x90K\xfb\xb6\xf2\xf8\x8b\x8c\x80\xc0z\x1cz\xfaRkc\x1fA\xdd5\x05\xee\x9fsv\xd3\x15\xb3\x8aL8\xdd\xfd\xda\x95\xe7!\xe4\x0e\x08S\xdb\xeb\xefL\x16\xde\x85\xba\xaf\xc4\xb8\xfef\xebL\x91\xe3\xbei\x06\x16p\x08\x86\x05RFK;&amp;s\xdf\x83\xcd3\x83{\x17i\x14MN\xfbI\xd5\x97t\xc2\xde\xf8Z\x86\x8e\\C\xba1\x8cc\xf7\xa4\xb9\xc9\xc7\xa1\xa1Q\x94z\xb43\x94d\x05\x04z]\xab&lt;\xb1\x91i\x02\x82\xea\xbe\n&lt;h\xc3\x8eG\'\xf3\x8a\x8e\xdf\xd5\x93AVWQ_\x1f\x98{\xc8\xeeYA+\x1a\x91\xe1}\x80A\x82~\xbbj\x9a\xafj-;$\xb1\xea\xe8\xed\xae\xde\xdbL\xd3%\xe3\x05\xa7X\x99"l\xe3\x8c\x8d\xac\x07~\xe4\xd5\xbcn\xad\xb2\xb9\xab\xaa\x0bK\xadCW\xb8\xf2\xe9\xc6\x08\xe69\x8d\xdeE \x05\xfa\x96ns\xcf5\x1aIvKc\xae\x9fd\xb6\x92w\xbe\x99c\x90\x03\x0b#\x91\xb5\x07eg\xc6\x0e&gt;\xb4\xa61\x0e\xb4{)-n\xa5\x86\xc2/\x1c\x81\x93$\x8c\xae\xa4\x11\x9d\xc9\xb5\x87\x18\xf4\xa8\xf6D\xc7\xfa\xc2x\xd1ZL\xcfk\x18\x98bM\xa5\x99\x84\xab\xc0d\xfdh\xca=FG\xe2\xae\x81L\xa9\xea\xb3i\xb6\xd6\xe5m#KMF\xe0 Y\x83\x11\x14\x8er?Sg\xc3\x900\xf2\xee\xc8\xf4\xaa\xec1t7\x12\xbd\xbe\xdb\xb8\xe4\x92M\xc4?\x88\x8a\xb3\xe7\xb3yG\xf1r\x06G\x07\x8e\xe0\x8a[\xd3\x08\xb1=\xbd\xb4\x9a%\x96\xaf\x08\x92\xe5w \xf9\x98\xc1\x8aX\xd5&lt;\xbet^\x18\x01\xdf\x8c\xfd=h\x1fa!\xcd\x9d\xbc\xfatj\x96\xcf\x0b\xefo\x11\xb7.\xd58\xe4\x1e\x06A&gt;\xfd\xff\x00\xdc\xac\x16=\x82\xee\xf4|\xbaHw\\\xcaN-S\'\x03 p\xfb\x8f\xa7\xd6\xac\xad\x13jQ\x0b4\xb4\x90\x19m&amp;G!$\x96/\x15@\'\x91\xdc\x9f\xb6\x0f\xde\xad\x83\x1d\xb1\x17\\$\xac\x890\xbc\x8e\xe6X\xc0,\xf0\xe6\t\xe3\x1f\xc2q\x9e\x7f\x14\x12C \xcft\xe6\xa7u\xa8G\x1c\x93\x18fQ\xe5"@\xcb7\x1f^3\xf9\xa544\xee\x9f\n\xef-\xed\xeeD\xd7e\xe3T\xfd%\x06T\x7f\xb8\xaaN\x9d\xb1Y\x15\xaaE\xc7\xaeu\x0b\x19\xa1\x0f\x05\xc2O\x8e\xeb\xe27\xaf\xda\xb3y2\x8b\xe9\xd9\xab\xc2\x84\x97j\x8ec&lt;\x8a\xeeYx9\xfb\xd7!\x9e\x8a"\x8dD\x82\x0eiltJf\xb4H\xc8\xa8\x82e\x03]\x19\xddZq\x99fP\xb5Q\xc3\n\xeac9\xd9\n\xbd\xc0\xfd\xe1\xae\x84z0\xbe\xc34E\xcd\xc6~\xb4\xac\xdd\x0c\xc5\xd9\xd2zu{\x1a\xe0f\xec\xecb:.\x8c0\x8b\\\xd9\x1d\x18\x96\xdb,l\x06\x96\x860\xa9\xdb\x10\x1c\xd1\xa0\x19N\xd7\x9f\xca\xd8\xa7\xc0\xcd\x90\xe5=V\xe3\xcc+\xbb\xe3#\x85\xe43\x90\xf5\x19\xcb\xb7\xe6\xbdF\x0e\x8f/\xe42\x9b72\x1a\xea#\x94\xfb0\x8b\x93P\x88&amp;8\xe8[\x0c!\x12\x81\x84J\x89\xce(\x18D\xe2\x16\x03%h,3u\xa1! \xaa!\x9c\xf1P\xb3\x07\x9e*\x10\xce\xccT,\x8d\xd6\xac\x80\x92\x8a4\x0836\r\x1d\x01f\x86J\xba!\xff\xd6\xbc\x99k\xe4\x87\xd7M\x1a_\xadB\x10\xbc\xd5\x0b\xb0Y\xa6\xc05(\x82\x9b\xa9s\x93L@\xb2\xbd\xa8\xc9\xde\xb4DT\x84W\r\xc9\xad13\xb0x\xdb-L\x01\r\xad\x8e0+;\x1a\x876G\x91H\x90\xd42\xdd\xc6)A\x9b[B\xd7w\x11\xdb+\xaa4\x84(g8Q\x9fsF\x81e\xca\xdf\xe1D\x93\x04\xf9\x8dj\xd83\x8c\xf8v\xe9%\xc3\xfd\xb0\x82\x8d%\xee\xd7\xe7\x7f\xd9\x19\xa5\x9a\xbd\x86\xb6?\x05\xad\x8bo\xbb\xba\xba\x951\xfa~U\xa1S\xf5\xdc\xec\xb4\xd5\x1dw\xff\x00\xe2\xff\x00\xcd\x19\xdf\x90\x1a\xff\x00\x05:Bc\x88\xef\xee\xed\xc8\x1el\xcdb\xe0~\x1eE?\xd6\x8a\xe3\xf5\xfc\x97\xfb\x07\xd6\x9f\xd3\xf5!?\x004+\xac\xa5\xb6\xb9)ppQ\x85\xb6s\xec6\xc8\xc3\xfa\xd4\x8e\xfa\x7f\xa7\xff\x00\xd1=v\xbb@\x17?\xd9\xa9\xa6w\xf9mN\xee(\xd0\x16k\x99lC\xc0\xa0w\xcb\xc3!\xfe\x834\xf5\x19~\xd7\xfd`?"+\xb2\xbd\x07\xc2\x1e\x81id\xd3o\xfa\xf6\xde;\xc6m\x90*\xdaM\x11-\xecV\xe5\xa3\xc8\xfb`\xd5)/w\xfd\xff\x00\xcd\x15\xeaI\xed/\xd4\xb5\xfc3\xfe\xcf\x17ZoYA\xd4R\xea\xf6\xda\xa6\x81\xa6\xef\x9a\xf6H\tI\x1c\xc7\xe6X\x8a\xe5\x80\xcbc&lt;\xe6\xb6`\xc6\xe5-\xad#6o#\x8ck\xa6\xc3~+\xf5~\x95\xa8\xea\xb7WZ\xf6\xbd-\xb5\xaa\xe4\xdbYXG\xe2\\\xbe1\xe5l\xb2\xaa\x8e1\xdf\xf1[\x9d\xb7i\x19\xb1\xaaTq\xfdc\xaa\xfa2hV\xda\x1f\x9dF$\xc8\xb3\xbbA!\r\x8e\xe1US\x1b\xbd\x81\xa9\xf6\xaf\xd8rEJ\x1d\'^\xea+)d\xd0\xa0)\xa6\xca\x7fy\xa8\xcc\xa6\x08X\xf0@\xde\xe4s\xee)\x8f,`\xfe\xd3\xdf\xc186\xb4-\xbf\xb6\xd54\xe8\xa6\xb3\x12\xc6\xf3\x02\x1a\x06\x8aL\x87\xceC.x\xe7\x92i\xb1\x9a\x96\xc58\xb4U\xb5;\xe9\xe1\xb9\x84O\x16\xe9\x0f\x06LwT\xcbv\xecO&lt;\x1a\xd1\x1d\x8al\x99ua}2\x02\x1d_i\x1e\x16N\xd5H\xfb)4U@\xb6]:s\\\xb4\x9a\x10\xb1\xc3\x15\xc0\x89wM7\x88W\x04v\x00\x9e\xe0{\x01\xcd\x03\x8e\xcb\xe4\x18o\xa6\xb3\xb7\xbe\x82\xe6\xe1\xae\xa1e3[\x17c\xe2e\x94\xee^@\x04\xa8\xe4d\x11\xf4\xc53\x88\xbeE~\xf2\xd7R\x9e(\xec\xed\xe7i\xa5\x94\x07\x81\x84\x03\x03\xc4\x00\xe2M\xbeB\x18\x1e@\x00\xe6\xaa\x97e\xdb+\x16\xbaDw\x91\xdcOg\xba\xd2\xf1\x15\xbfhBF\xe4\x03\xf4\xab,c\xcc\x01?\xe5\xa2\x94\x9ai=\xafb(\xa7\xd0"t\xf6\xb3\x7fb\xb1`\\C\x03\x02\xd6\xf1\x02\x920\xc7\x99\xd7\x03w\x1fZ\xbei2\x9c[[\x1a\xd8iZB\xa5\x98\xb7\x9d\x11\x91^Y%t`6/l\xed\xc1\xe7\xd7\x1d\xa9rr\xdd\x8c\x8a^\xc5\xdfE\xba\x9a=\xb1H\xc2=\xab\x96\x8a&lt;\x1eG\x98\x07\xdf\xc9L{\x1a\xce\xe2\x87)\x1bk\xeb\x14\xda\x7f\x8doo\x13]HYm\xeeYJ\xaa\xb0\\\xe1\xb2\t\x1f\xcf\x9fz\x91t\xfe\x84\x92\xd1\x8e\x94\xd5!\x98\xc5q\xab\xdbo\x95\xa0f\x8f8\xc8D\x1bNp\t%_\x90s\x9cpA\xc7%$\x81M\xd1b\x8a[=b\xc9\x7fe)\x95\xd6B\xb2\xbc$\xc3";\xe3\x85\xdar;\x12\x06{\xfaUm:,\xdf\xa8\xef\xcc\xda-\xe5\x95\xf7\x83\xf3v\xec\xb1\xdd4\x8a\x12X\x89\xe5\x1c\x95\nFGf\xc05{M\x14\xa8\xa8\xa5\xa4\xaf|\xf6w-)]T\xec[\x94(\xc8\x1e1\xb8\xe7\x8c\x02@9\xc69\x14\x0f\xab^\xc1\xa2\xd5\xa4h\xaal\xe1\x96&amp;3\xf8/\xbe\x1b\x86 4l\x18\xee]\x84\x9e9\xc1\x1e\xdfQJ\x97c\x10tZ|\x02\xe6K\xab76\xb2\x97o\x17d\xe1\xad\xa6s\xfc2D\xc0\xe1\xc1\'\x04b\xae\xf5@\xfb\x8c\xd6[\x99\xa2\xf9\x1dFuWt\xc5\xb8\x0cc\'\x1e\x9c\xed_\x
[...]
<doc>Returns the contents of a specified file.</doc>
<arguments>
<arg>D:\\Work\\eclipse-workspace\\ZPetStoreAPI/PetUpdate.json</arg>
</arguments>
<assign>
<var>${body}</var>
</assign>
<msg timestamp="20200430 22:10:30.745" level="INFO" html="yes">Getting file '&lt;a href="file://D:\Work\eclipse-workspace\ZPetStoreAPI\PetUpdate.json"&gt;D:\Work\eclipse-workspace\ZPetStoreAPI\PetUpdate.json&lt;/a&gt;'.</msg>
<msg timestamp="20200430 22:10:30.746" level="INFO">${body} = {
  "id": 123,
  "category": {
    "id": 0,
    "name": "string"
  },
  "name": "doggie",
  "photoUrls": [
    "https://www.rspca.org.au/sites/default/files/website/2019/adopt-a-pet-adopting-a-small-a...</msg>
<status status="PASS" starttime="20200430 22:10:30.745" endtime="20200430 22:10:30.746"></status>
</kw>
<kw name="Create Dictionary" library="BuiltIn">
<doc>Creates and returns a dictionary based on the given ``items``.</doc>
<arguments>
<arg>Content-Type=application/json</arg>
</arguments>
<assign>
<var>&amp;{hdrs}</var>
</assign>
<msg timestamp="20200430 22:10:30.747" level="INFO">&amp;{hdrs} = { Content-Type=application/json }</msg>
<status status="PASS" starttime="20200430 22:10:30.746" endtime="20200430 22:10:30.747"></status>
</kw>
<kw name="Get Request" library="RequestsLibrary">
<doc>Send a GET request on the session object found using the
given `alias`</doc>
<arguments>
<arg>session</arg>
<arg>uri=/v2/pet/${resp.json()['id']}</arg>
<arg>headers=${hdrs}</arg>
</arguments>
<assign>
<var>${resp}</var>
</assign>
<msg timestamp="20200430 22:10:30.748" level="INFO">GET Request using : uri=/v2/pet/123, params=None, allow_redirects=True, timeout=None
headers={'User-Agent': 'python-requests/2.22.0', 'Accept-Encoding': 'gzip, deflate', 'Accept': '*/*', 'Connection': 'keep-alive', 'Content-Type': 'application/json'} 
data=None 
json=None</msg>
<msg timestamp="20200430 22:10:31.615" level="INFO">${resp} = &lt;Response [200]&gt;</msg>
<status status="PASS" starttime="20200430 22:10:30.747" endtime="20200430 22:10:31.616"></status>
</kw>
<kw name="Should Be Equal As Strings" library="BuiltIn">
<doc>Fails if objects are unequal after converting them to strings.</doc>
<arguments>
<arg>${resp.status_code}</arg>
<arg>200</arg>
<arg>msg=${resp.content}</arg>
</arguments>
<msg timestamp="20200430 22:10:31.617" level="INFO">Argument types are:
&lt;class 'int'&gt;
&lt;type 'unicode'&gt;</msg>
<status status="PASS" starttime="20200430 22:10:31.616" endtime="20200430 22:10:31.618"></status>
</kw>
<kw name="Log" library="BuiltIn">
<doc>Logs the given message with the given level.</doc>
<arguments>
<arg>${resp.content}</arg>
</arguments>
<msg timestamp="20200430 22:10:31.619" level="INFO">{"id":123,"category":{"id":13,"name":"dog"},"name":"pet0","photoUrls":["https://www.rspca.org.au/sites/default/files/website/2019/adopt-a-pet-adopting-a-dog-600x375.jpg","https://www.rspca.org.au/sites/default/files/website/2019/adopt-a-pet-adopting-a-dog-600x375.jpg"],"tags":[{"id":0,"name":"dog"},{"id":1,"name":"stil dog"}],"status":"good"}</msg>
<status status="PASS" starttime="20200430 22:10:31.618" endtime="20200430 22:10:31.619"></status>
</kw>
<kw name="Should Be Equal As Strings" library="BuiltIn">
<doc>Fails if objects are unequal after converting them to strings.</doc>
<arguments>
<arg>${resp.json()['name']}</arg>
<arg>pet0</arg>
<arg>msg=${resp.content}</arg>
</arguments>
<status status="PASS" starttime="20200430 22:10:31.619" endtime="20200430 22:10:31.620"></status>
</kw>
<status status="PASS" starttime="20200430 22:10:29.815" endtime="20200430 22:10:31.621" critical="yes"></status>
</test>
<test id="s1-s1-t8" name="Test Update pet form data">
<kw name="Create Session" library="RequestsLibrary" type="setup">
<doc>Create Session: create a HTTP session to a server</doc>
<arguments>
<arg>session</arg>
<arg>url=${Base}</arg>
<arg>verify=True</arg>
</arguments>
<msg timestamp="20200430 22:10:31.624" level="INFO">Creating Session using : alias=session, url=https://petstore.swagger.io, headers={},                     cookies={}, auth=None, timeout=None, proxies=None, verify=True,                     debug=0 </msg>
<status status="PASS" starttime="20200430 22:10:31.622" endtime="20200430 22:10:31.625"></status>
</kw>
<kw name="Add a pet">
<assign>
<var>${resp}</var>
</assign>
<kw name="Get File" library="OperatingSystem">
<doc>Returns the contents of a specified file.</doc>
<arguments>
<arg>D:\\Work\\eclipse-workspace\\ZPetStoreAPI/PetSample.json</arg>
</arguments>
<assign>
<var>${body}</var>
</assign>
<msg timestamp="20200430 22:10:31.626" level="INFO" html="yes">Getting file '&lt;a href="file://D:\Work\eclipse-workspace\ZPetStoreAPI\PetSample.json"&gt;D:\Work\eclipse-workspace\ZPetStoreAPI\PetSample.json&lt;/a&gt;'.</msg>
<msg timestamp="20200430 22:10:31.626" level="INFO">${body} = {
    "name": "pet0",
    "photoUrls": [
        "https://www.rspca.org.au/sites/default/files/website/2019/adopt-a-pet-adopting-a-dog-600x375.jpg",
        "https://www.rspca.org.au/sites/default/fil...</msg>
<status status="PASS" starttime="20200430 22:10:31.625" endtime="20200430 22:10:31.627"></status>
</kw>
<kw name="Create Dictionary" library="BuiltIn">
<doc>Creates and returns a dictionary based on the given ``items``.</doc>
<arguments>
<arg>Content-Type=application/json</arg>
</arguments>
<assign>
<var>&amp;{hdrs}</var>
</assign>
<msg timestamp="20200430 22:10:31.628" level="INFO">&amp;{hdrs} = { Content-Type=application/json }</msg>
<status status="PASS" starttime="20200430 22:10:31.627" endtime="20200430 22:10:31.628"></status>
</kw>
<kw name="Post Request" library="RequestsLibrary">
<doc>Send a POST request on the session object found using the
given `alias`</doc>
<arguments>
<arg>session</arg>
<arg>uri=/v2/pet</arg>
<arg>headers=${hdrs}</arg>
<arg>data=${body}</arg>
</arguments>
<assign>
<var>${resp}</var>
</assign>
<msg timestamp="20200430 22:10:31.629" level="INFO">POST Request using : uri=/v2/pet, params=None, files=None, allow_redirects=True, timeout=None
headers={'User-Agent': 'python-requests/2.22.0', 'Accept-Encoding': 'gzip, deflate', 'Accept': '*/*', 'Connection': 'keep-alive', 'Content-Type': 'application/json'} 
data={
    "name": "pet0",
    "photoUrls": [
        "https://www.rspca.org.au/sites/default/files/website/2019/adopt-a-pet-adopting-a-dog-600x375.jpg",
        "https://www.rspca.org.au/sites/default/files/website/2019/adopt-a-pet-adopting-a-dog-600x375.jpg"
    ],
    "id": "123",
    "category": {
        "id": "13",
        "name": "dog"
    },
    "tags": [
        {
            "id": "0",
            "name": "dog"
        },
        {
            "id": "1",
            "name": "stil dog"
        }
    ],
    "status": "good"
} 
json=None</msg>
<msg timestamp="20200430 22:10:32.624" level="INFO">${resp} = &lt;Response [200]&gt;</msg>
<status status="PASS" starttime="20200430 22:10:31.628" endtime="20200430 22:10:32.625"></status>
</kw>
<msg timestamp="20200430 22:10:32.625" level="INFO">${resp} = &lt;Response [200]&gt;</msg>
<status status="PASS" starttime="20200430 22:10:31.625" endtime="20200430 22:10:32.625"></status>
</kw>
<kw name="Should Be Equal As Strings" library="BuiltIn">
<doc>Fails if objects are unequal after converting them to strings.</doc>
<arguments>
<arg>${resp.status_code}</arg>
<arg>200</arg>
<arg>msg=Failed to add a pet :${resp.content}</arg>
</arguments>
<msg timestamp="20200430 22:10:32.627" level="INFO">Argument types are:
&lt;class 'int'&gt;
&lt;type 'unicode'&gt;</msg>
<status status="PASS" starttime="20200430 22:10:32.626" endtime="20200430 22:10:32.627"></status>
</kw>
<kw name="Log" library="BuiltIn">
<doc>Logs the given message with the given level.</doc>
<arguments>
<arg>${resp.json()['id']}</arg>
</arguments>
<msg timestamp="20200430 22:10:32.628" level="INFO">123</msg>
<status status="PASS" starttime="20200430 22:10:32.628" endtime="20200430 22:10:32.628"></status>
</kw>
<kw name="Set Variable" library="BuiltIn">
<doc>Returns the given values which can then be assigned to a variables.</doc>
<arguments>
<arg>${resp.json()['id']}</arg>
</arguments>
<assign>
<var>${id}</var>
</assign>
<msg timestamp="20200430 22:10:32.629" level="INFO">${id} = 123</msg>
<status status="PASS" starttime="20200430 22:10:32.629" endtime="20200430 22:10:32.630"></status>
</kw>
<kw name="Create Dictionary" library="BuiltIn">
<doc>Creates and returns a dictionary based on the given ``items``.</doc>
<arguments>
<arg>name=pet0update</arg>
<arg>status=pending</arg>
</arguments>
<assign>
<var>&amp;{body}</var>
</assign>
<msg timestamp="20200430 22:10:32.630" level="INFO">&amp;{body} = { name=pet0update | status=pending }</msg>
<status status="PASS" starttime="20200430 22:10:32.630" endtime="20200430 22:10:32.631"></status>
</kw>
<kw name="Create Dictionary" library="BuiltIn">
<doc>Creates and returns a dictionary based on the given ``items``.</doc>
<arguments>
<arg>Content-Type=application/x-www-form-urlencoded</arg>
</arguments>
<assign>
<var>&amp;{hdrs}</var>
</assign>
<msg timestamp="20200430 22:10:32.631" level="INFO">&amp;{hdrs} = { Content-Type=application/x-www-form-urlencoded }</msg>
<status status="PASS" starttime="20200430 22:10:32.631" endtime="20200430 22:10:32.632"></status>
</kw>
<kw name="Post Request" library="RequestsLibrary">
<doc>Send a POST request on the session object found using the
given `alias`</doc>
<arguments>
<arg>session</arg>
<arg>uri=/v2/pet/${id}</arg>
<arg>headers=${hdrs}</arg>
<arg>data=${body}</arg>
</arguments>
<assign>
<var>${resp}</var>
</assign>
<msg timestamp="20200430 22:10:32.633" level="INFO">POST Request using : uri=/v2/pet/123, params=None, files=None, allow_redirects=True, timeout=None
headers={'User-Agent': 'python-requests/2.22.0', 'Accept-Encoding': 'gzip, deflate', 'Accept': '*/*', 'Connection': 'keep-alive', 'Content-Type': 'application/x-www-form-urlencoded'} 
data=name=pet0update&amp;status=pending 
json=None</msg>
<msg timestamp="20200430 22:10:33.596" level="INFO">${resp} = &lt;Response [200]&gt;</msg>
<status status="PASS" starttime="20200430 22:10:32.632" endtime="20200430 22:10:33.597"></status>
</kw>
<kw name="Should Be Equal As Strings" library="BuiltIn">
<doc>Fails if objects are unequal after converting them to strings.</doc>
<arguments>
<arg>${resp.status_code}</arg>
<arg>200</arg>
<arg>msg=${resp.content}</arg>
</arguments>
<msg timestamp="20200430 22:10:33.598" level="INFO">Argument types are:
&lt;class 'int'&gt;
&lt;type 'unicode'&gt;</msg>
<status status="PASS" starttime="20200430 22:10:33.597" endtime="20200430 22:10:33.598"></status>
</kw>
<kw name="Log" library="BuiltIn">
<doc>Logs the given message with the given level.</doc>
<arguments>
<arg>${resp.content}</arg>
</arguments>
<msg timestamp="20200430 22:10:33.599" level="INFO">{"code":200,"type":"unknown","message":"123"}</msg>
<status status="PASS" starttime="20200430 22:10:33.599" endtime="20200430 22:10:33.599"></status>
</kw>
<kw name="Should Be Equal As Strings" library="BuiltIn">
<doc>Fails if objects are unequal after converting them to strings.</doc>
<arguments>
<arg>${resp.json()['code']}</arg>
<arg>200</arg>
<arg>msg=Faile to update the name: ${resp.content}</arg>
</arguments>
<msg timestamp="20200430 22:10:33.601" level="INFO">Argument types are:
&lt;class 'int'&gt;
&lt;type 'unicode'&gt;</msg>
<status status="PASS" starttime="20200430 22:10:33.600" endtime="20200430 22:10:33.601"></status>
</kw>
<kw name="Should Be Equal As Strings" library="BuiltIn">
<doc>Fails if objects are unequal after converting them to strings.</doc>
<arguments>
<arg>${resp.json()['message']}</arg>
<arg>${id}</arg>
<arg>msg=Faile to update the status: ${resp.content}</arg>
</arguments>
<msg timestamp="20200430 22:10:33.602" level="INFO">Argument types are:
&lt;type 'unicode'&gt;
&lt;class 'int'&gt;</msg>
<status status="PASS" starttime="20200430 22:10:33.601" endtime="20200430 22:10:33.602"></status>
</kw>
<status status="PASS" starttime="20200430 22:10:31.621" endtime="20200430 22:10:33.602" critical="yes"></status>
</test>
<test id="s1-s1-t9" name="Test Delete a pet">
<kw name="Create Session" library="RequestsLibrary" type="setup">
<doc>Create Session: create a HTTP session to a server</doc>
<arguments>
<arg>session</arg>
<arg>url=${Base}</arg>
<arg>verify=True</arg>
</arguments>
<msg timestamp="20200430 22:10:33.604" level="INFO">Creating Session using : alias=session, url=https://petstore.swagger.io, headers={},                     cookies={}, auth=None, timeout=None, proxies=None, verify=True,                     debug=0 </msg>
<status status="PASS" starttime="20200430 22:10:33.603" endtime="20200430 22:10:33.605"></status>
</kw>
<kw name="Add a pet">
<assign>
<var>${resp}</var>
</assign>
<kw name="Get File" library="OperatingSystem">
<doc>Returns the contents of a specified file.</doc>
<arguments>
<arg>D:\\Work\\eclipse-workspace\\ZPetStoreAPI/PetSample.json</arg>
</arguments>
<assign>
<var>${body}</var>
</assign>
<msg timestamp="20200430 22:10:33.607" level="INFO" html="yes">Getting file '&lt;a href="file://D:\Work\eclipse-workspace\ZPetStoreAPI\PetSample.json"&gt;D:\Work\eclipse-workspace\ZPetStoreAPI\PetSample.json&lt;/a&gt;'.</msg>
<msg timestamp="20200430 22:10:33.608" level="INFO">${body} = {
    "name": "pet0",
    "photoUrls": [
        "https://www.rspca.org.au/sites/default/files/website/2019/adopt-a-pet-adopting-a-dog-600x375.jpg",
        "https://www.rspca.org.au/sites/default/fil...</msg>
<status status="PASS" starttime="20200430 22:10:33.606" endtime="20200430 22:10:33.608"></status>
</kw>
<kw name="Create Dictionary" library="BuiltIn">
<doc>Creates and returns a dictionary based on the given ``items``.</doc>
<arguments>
<arg>Content-Type=application/json</arg>
</arguments>
<assign>
<var>&amp;{hdrs}</var>
</assign>
<msg timestamp="20200430 22:10:33.609" level="INFO">&amp;{hdrs} = { Content-Type=application/json }</msg>
<status status="PASS" starttime="20200430 22:10:33.608" endtime="20200430 22:10:33.609"></status>
</kw>
<kw name="Post Request" library="RequestsLibrary">
<doc>Send a POST request on the session object found using the
given `alias`</doc>
<arguments>
<arg>session</arg>
<arg>uri=/v2/pet</arg>
<arg>headers=${hdrs}</arg>
<arg>data=${body}</arg>
</arguments>
<assign>
<var>${resp}</var>
</assign>
<msg timestamp="20200430 22:10:33.610" level="INFO">POST Request using : uri=/v2/pet, params=None, files=None, allow_redirects=True, timeout=None
headers={'User-Agent': 'python-requests/2.22.0', 'Accept-Encoding': 'gzip, deflate', 'Accept': '*/*', 'Connection': 'keep-alive', 'Content-Type': 'application/json'} 
data={
    "name": "pet0",
    "photoUrls": [
        "https://www.rspca.org.au/sites/default/files/website/2019/adopt-a-pet-adopting-a-dog-600x375.jpg",
        "https://www.rspca.org.au/sites/default/files/website/2019/adopt-a-pet-adopting-a-dog-600x375.jpg"
    ],
    "id": "123",
    "category": {
        "id": "13",
        "name": "dog"
    },
    "tags": [
        {
            "id": "0",
            "name": "dog"
        },
        {
            "id": "1",
            "name": "stil dog"
        }
    ],
    "status": "good"
} 
json=None</msg>
<msg timestamp="20200430 22:10:34.527" level="INFO">${resp} = &lt;Response [200]&gt;</msg>
<status status="PASS" starttime="20200430 22:10:33.609" endtime="20200430 22:10:34.527"></status>
</kw>
<msg timestamp="20200430 22:10:34.527" level="INFO">${resp} = &lt;Response [200]&gt;</msg>
<status status="PASS" starttime="20200430 22:10:33.605" endtime="20200430 22:10:34.527"></status>
</kw>
<kw name="Should Be Equal As Strings" library="BuiltIn">
<doc>Fails if objects are unequal after converting them to strings.</doc>
<arguments>
<arg>${resp.status_code}</arg>
<arg>200</arg>
<arg>msg=Failed to add a pet :${resp.content}</arg>
</arguments>
<msg timestamp="20200430 22:10:34.528" level="INFO">Argument types are:
&lt;class 'int'&gt;
&lt;type 'unicode'&gt;</msg>
<status status="PASS" starttime="20200430 22:10:34.528" endtime="20200430 22:10:34.529"></status>
</kw>
<kw name="Log" library="BuiltIn">
<doc>Logs the given message with the given level.</doc>
<arguments>
<arg>${resp.json()['id']}</arg>
</arguments>
<msg timestamp="20200430 22:10:34.529" level="INFO">123</msg>
<status status="PASS" starttime="20200430 22:10:34.529" endtime="20200430 22:10:34.529"></status>
</kw>
<kw name="Set Variable" library="BuiltIn">
<doc>Returns the given values which can then be assigned to a variables.</doc>
<arguments>
<arg>${resp.json()['id']}</arg>
</arguments>
<assign>
<var>${id}</var>
</assign>
<msg timestamp="20200430 22:10:34.530" level="INFO">${id} = 123</msg>
<status status="PASS" starttime="20200430 22:10:34.530" endtime="20200430 22:10:34.530"></status>
</kw>
<kw name="Create Dictionary" library="BuiltIn">
<doc>Creates and returns a dictionary based on the given ``items``.</doc>
<arguments>
<arg>Content-Type=application/json</arg>
<arg>api_key=${MyAPIkey}</arg>
</arguments>
<assign>
<var>&amp;{hdrs}</var>
</assign>
<msg timestamp="20200430 22:10:34.531" level="INFO">&amp;{hdrs} = { Content-Type=application/json | api_key=MyAPIkey }</msg>
<status status="PASS" starttime="20200430 22:10:34.530" endtime="20200430 22:10:34.531"></status>
</kw>
<kw name="Delete Request" library="RequestsLibrary">
<doc>Send a DELETE request on the session object found using the
given `alias`</doc>
<arguments>
<arg>session</arg>
<arg>uri=/v2/pet/123</arg>
<arg>headers=${hdrs}</arg>
</arguments>
<assign>
<var>${resp}</var>
</assign>
<msg timestamp="20200430 22:10:34.532" level="INFO">DELETE Request using : uri=/v2/pet/123, params=None, allow_redirects=True, timeout=None
headers={'User-Agent': 'python-requests/2.22.0', 'Accept-Encoding': 'gzip, deflate', 'Accept': '*/*', 'Connection': 'keep-alive', 'Content-Type': 'application/json', 'api_key': 'MyAPIkey'} 
data=None 
json=None</msg>
<msg timestamp="20200430 22:10:35.459" level="INFO">${resp} = &lt;Response [200]&gt;</msg>
<status status="PASS" starttime="20200430 22:10:34.531" endtime="20200430 22:10:35.459"></status>
</kw>
<kw name="Should Be Equal As Strings" library="BuiltIn">
<doc>Fails if objects are unequal after converting them to strings.</doc>
<arguments>
<arg>${resp.status_code}</arg>
<arg>200</arg>
<arg>msg=${resp.content}</arg>
</arguments>
<msg timestamp="20200430 22:10:35.460" level="INFO">Argument types are:
&lt;class 'int'&gt;
&lt;type 'unicode'&gt;</msg>
<status status="PASS" starttime="20200430 22:10:35.459" endtime="20200430 22:10:35.460"></status>
</kw>
<kw name="Log" library="BuiltIn">
<doc>Logs the given message with the given level.</doc>
<arguments>
<arg>${resp.content}</arg>
</arguments>
<msg timestamp="20200430 22:10:35.461" level="INFO">{"code":200,"type":"unknown","message":"123"}</msg>
<status status="PASS" starttime="20200430 22:10:35.460" endtime="20200430 22:10:35.461"></status>
</kw>
<status status="PASS" starttime="20200430 22:10:33.602" endtime="20200430 22:10:35.462" critical="yes"></status>
</test>
<status status="FAIL" starttime="20200430 22:10:17.718" endtime="20200430 22:10:35.463"></status>
</suite>
<status status="FAIL" starttime="20200430 22:10:17.669" endtime="20200430 22:10:35.470"></status>
</suite>
<statistics>
<total>
<stat pass="8" fail="1">Critical Tests</stat>
<stat pass="8" fail="1">All Tests</stat>
</total>
<tag>
</tag>
<suite>
<stat pass="8" fail="1" id="s1" name="ZPetStoreAPI">ZPetStoreAPI</stat>
<stat pass="8" fail="1" id="s1-s1" name="SmokeTests">ZPetStoreAPI.SmokeTests</stat>
</suite>
</statistics>
<errors>
</errors>
</robot>
