<?xml version="1.0" encoding="UTF-8"?>
<robot generator="Robot 3.1.2 (Python 3.7.3 on win32)" generated="20200321 19:59:56.452" rpa="false">
<suite id="s1" name="ZPetStoreAPI" source="D:\Work\eclipse-workspace\ZPetStoreAPI">
<suite id="s1-s1" name="SmokeTests" source="D:\Work\eclipse-workspace\ZPetStoreAPI\SmokeTests.robot">
<test id="s1-s1-t1" name="Test add pet">
<kw name="Create Session" library="RequestsLibrary" type="setup">
<doc>Create Session: create a HTTP session to a server</doc>
<arguments>
<arg>session</arg>
<arg>url=${Base}</arg>
<arg>verify=True</arg>
</arguments>
<msg timestamp="20200321 19:59:56.845" level="INFO">Creating Session using : alias=session, url=https://petstore.swagger.io, headers={},                     cookies={}, auth=None, timeout=None, proxies=None, verify=True,                     debug=0 </msg>
<status status="PASS" starttime="20200321 19:59:56.845" endtime="20200321 19:59:56.846"></status>
</kw>
<kw name="Add a pet">
<assign>
<var>${resp}</var>
</assign>
<kw name="Get File" library="OperatingSystem">
<doc>Returns the contents of a specified file.</doc>
<arguments>
<arg>D:\\Work\\eclipse-workspace\\ZPetStoreAPI/PetSample.json</arg>
</arguments>
<assign>
<var>${body}</var>
</assign>
<msg timestamp="20200321 19:59:56.846" level="INFO" html="yes">Getting file '&lt;a href="file://D:\Work\eclipse-workspace\ZPetStoreAPI\PetSample.json"&gt;D:\Work\eclipse-workspace\ZPetStoreAPI\PetSample.json&lt;/a&gt;'.</msg>
<msg timestamp="20200321 19:59:56.847" level="INFO">${body} = {
    "name": "pet0",
    "photoUrls": [
        "https://www.rspca.org.au/sites/default/files/website/2019/adopt-a-pet-adopting-a-dog-600x375.jpg",
        "https://www.rspca.org.au/sites/default/fil...</msg>
<status status="PASS" starttime="20200321 19:59:56.846" endtime="20200321 19:59:56.847"></status>
</kw>
<kw name="Create Dictionary" library="BuiltIn">
<doc>Creates and returns a dictionary based on the given ``items``.</doc>
<arguments>
<arg>Content-Type=application/json</arg>
</arguments>
<assign>
<var>&amp;{hdrs}</var>
</assign>
<msg timestamp="20200321 19:59:56.848" level="INFO">&amp;{hdrs} = { Content-Type=application/json }</msg>
<status status="PASS" starttime="20200321 19:59:56.847" endtime="20200321 19:59:56.848"></status>
</kw>
<kw name="Post Request" library="RequestsLibrary">
<doc>Send a POST request on the session object found using the
given `alias`</doc>
<arguments>
<arg>session</arg>
<arg>uri=/v2/pet</arg>
<arg>headers=${hdrs}</arg>
<arg>data=${body}</arg>
</arguments>
<assign>
<var>${resp}</var>
</assign>
<msg timestamp="20200321 19:59:56.848" level="INFO">POST Request using : uri=/v2/pet, params=None, files=None, allow_redirects=True, timeout=None
headers={'User-Agent': 'python-requests/2.22.0', 'Accept-Encoding': 'gzip, deflate', 'Accept': '*/*', 'Connection': 'keep-alive', 'Content-Type': 'application/json'} 
data={
    "name": "pet0",
    "photoUrls": [
        "https://www.rspca.org.au/sites/default/files/website/2019/adopt-a-pet-adopting-a-dog-600x375.jpg",
        "https://www.rspca.org.au/sites/default/files/website/2019/adopt-a-pet-adopting-a-dog-600x375.jpg"
    ],
    "id": "123",
    "category": {
        "id": "13",
        "name": "dog"
    },
    "tags": [
        {
            "id": "0",
            "name": "dog"
        },
        {
            "id": "1",
            "name": "stil dog"
        }
    ],
    "status": "good"
} 
json=None</msg>
<msg timestamp="20200321 19:59:58.097" level="INFO">${resp} = &lt;Response [200]&gt;</msg>
<status status="PASS" starttime="20200321 19:59:56.848" endtime="20200321 19:59:58.098"></status>
</kw>
<msg timestamp="20200321 19:59:58.099" level="INFO">${resp} = &lt;Response [200]&gt;</msg>
<status status="PASS" starttime="20200321 19:59:56.846" endtime="20200321 19:59:58.099"></status>
</kw>
<kw name="Should Be Equal As Strings" library="BuiltIn">
<doc>Fails if objects are unequal after converting them to strings.</doc>
<arguments>
<arg>${resp.status_code}</arg>
<arg>200</arg>
</arguments>
<msg timestamp="20200321 19:59:58.101" level="INFO">Argument types are:
&lt;class 'int'&gt;
&lt;type 'unicode'&gt;</msg>
<status status="PASS" starttime="20200321 19:59:58.100" endtime="20200321 19:59:58.102"></status>
</kw>
<kw name="Log" library="BuiltIn">
<doc>Logs the given message with the given level.</doc>
<arguments>
<arg>${resp.json()['id']}</arg>
</arguments>
<msg timestamp="20200321 19:59:58.103" level="INFO">123</msg>
<status status="PASS" starttime="20200321 19:59:58.102" endtime="20200321 19:59:58.104"></status>
</kw>
<status status="PASS" starttime="20200321 19:59:56.844" endtime="20200321 19:59:58.105" critical="yes"></status>
</test>
<test id="s1-s1-t2" name="Test uppload pet image">
<kw name="Create Session" library="RequestsLibrary" type="setup">
<doc>Create Session: create a HTTP session to a server</doc>
<arguments>
<arg>session</arg>
<arg>url=${Base}</arg>
<arg>verify=True</arg>
</arguments>
<msg timestamp="20200321 19:59:58.108" level="INFO">Creating Session using : alias=session, url=https://petstore.swagger.io, headers={},                     cookies={}, auth=None, timeout=None, proxies=None, verify=True,                     debug=0 </msg>
<status status="PASS" starttime="20200321 19:59:58.107" endtime="20200321 19:59:58.109"></status>
</kw>
<kw name="Add a pet">
<assign>
<var>${resp}</var>
</assign>
<kw name="Get File" library="OperatingSystem">
<doc>Returns the contents of a specified file.</doc>
<arguments>
<arg>D:\\Work\\eclipse-workspace\\ZPetStoreAPI/PetSample.json</arg>
</arguments>
<assign>
<var>${body}</var>
</assign>
<msg timestamp="20200321 19:59:58.112" level="INFO" html="yes">Getting file '&lt;a href="file://D:\Work\eclipse-workspace\ZPetStoreAPI\PetSample.json"&gt;D:\Work\eclipse-workspace\ZPetStoreAPI\PetSample.json&lt;/a&gt;'.</msg>
<msg timestamp="20200321 19:59:58.112" level="INFO">${body} = {
    "name": "pet0",
    "photoUrls": [
        "https://www.rspca.org.au/sites/default/files/website/2019/adopt-a-pet-adopting-a-dog-600x375.jpg",
        "https://www.rspca.org.au/sites/default/fil...</msg>
<status status="PASS" starttime="20200321 19:59:58.111" endtime="20200321 19:59:58.113"></status>
</kw>
<kw name="Create Dictionary" library="BuiltIn">
<doc>Creates and returns a dictionary based on the given ``items``.</doc>
<arguments>
<arg>Content-Type=application/json</arg>
</arguments>
<assign>
<var>&amp;{hdrs}</var>
</assign>
<msg timestamp="20200321 19:59:58.114" level="INFO">&amp;{hdrs} = { Content-Type=application/json }</msg>
<status status="PASS" starttime="20200321 19:59:58.113" endtime="20200321 19:59:58.114"></status>
</kw>
<kw name="Post Request" library="RequestsLibrary">
<doc>Send a POST request on the session object found using the
given `alias`</doc>
<arguments>
<arg>session</arg>
<arg>uri=/v2/pet</arg>
<arg>headers=${hdrs}</arg>
<arg>data=${body}</arg>
</arguments>
<assign>
<var>${resp}</var>
</assign>
<msg timestamp="20200321 19:59:58.116" level="INFO">POST Request using : uri=/v2/pet, params=None, files=None, allow_redirects=True, timeout=None
headers={'User-Agent': 'python-requests/2.22.0', 'Accept-Encoding': 'gzip, deflate', 'Accept': '*/*', 'Connection': 'keep-alive', 'Content-Type': 'application/json'} 
data={
    "name": "pet0",
    "photoUrls": [
        "https://www.rspca.org.au/sites/default/files/website/2019/adopt-a-pet-adopting-a-dog-600x375.jpg",
        "https://www.rspca.org.au/sites/default/files/website/2019/adopt-a-pet-adopting-a-dog-600x375.jpg"
    ],
    "id": "123",
    "category": {
        "id": "13",
        "name": "dog"
    },
    "tags": [
        {
            "id": "0",
            "name": "dog"
        },
        {
            "id": "1",
            "name": "stil dog"
        }
    ],
    "status": "good"
} 
json=None</msg>
<msg timestamp="20200321 19:59:59.059" level="INFO">${resp} = &lt;Response [200]&gt;</msg>
<status status="PASS" starttime="20200321 19:59:58.115" endtime="20200321 19:59:59.059"></status>
</kw>
<msg timestamp="20200321 19:59:59.060" level="INFO">${resp} = &lt;Response [200]&gt;</msg>
<status status="PASS" starttime="20200321 19:59:58.110" endtime="20200321 19:59:59.060"></status>
</kw>
<kw name="Should Be Equal As Strings" library="BuiltIn">
<doc>Fails if objects are unequal after converting them to strings.</doc>
<arguments>
<arg>${resp.status_code}</arg>
<arg>200</arg>
</arguments>
<msg timestamp="20200321 19:59:59.061" level="INFO">Argument types are:
&lt;class 'int'&gt;
&lt;type 'unicode'&gt;</msg>
<status status="PASS" starttime="20200321 19:59:59.060" endtime="20200321 19:59:59.061"></status>
</kw>
<kw name="Log" library="BuiltIn">
<doc>Logs the given message with the given level.</doc>
<arguments>
<arg>${resp.json()['id']}</arg>
</arguments>
<msg timestamp="20200321 19:59:59.062" level="INFO">123</msg>
<status status="PASS" starttime="20200321 19:59:59.062" endtime="20200321 19:59:59.062"></status>
</kw>
<kw name="Upload Image" library="upload">
<arguments>
<arg>${Base}/v2/pet/123/uploadImage</arg>
<arg>file_path=D:\\Work\\eclipse-workspace\\ZPetStoreAPI${/}petimage.jpeg</arg>
</arguments>
<assign>
<var>${resp}</var>
</assign>
<msg timestamp="20200321 20:00:00.768" level="INFO">${resp} = &lt;Response [400]&gt;</msg>
<status status="PASS" starttime="20200321 19:59:59.063" endtime="20200321 20:00:00.768"></status>
</kw>
<kw name="Should Be Equal As Strings" library="BuiltIn">
<doc>Fails if objects are unequal after converting them to strings.</doc>
<arguments>
<arg>${resp.status_code}</arg>
<arg>200</arg>
<arg>msg=${resp.content}</arg>
</arguments>
<msg timestamp="20200321 20:00:00.769" level="INFO">Argument types are:
&lt;class 'int'&gt;
&lt;type 'unicode'&gt;</msg>
<msg timestamp="20200321 20:00:00.769" level="FAIL">b'{"code":400,"type":"unknown","message":"org.jvnet.mimepull.MIMEParsingException: Missing start boundary"}': 400 != 200</msg>
<status status="FAIL" starttime="20200321 20:00:00.768" endtime="20200321 20:00:00.769"></status>
</kw>
<status status="FAIL" starttime="20200321 19:59:58.106" endtime="20200321 20:00:00.770" critical="yes">b'{"code":400,"type":"unknown","message":"org.jvnet.mimepull.MIMEParsingException: Missing start boundary"}': 400 != 200</status>
</test>
<test id="s1-s1-t3" name="Test Update pet data">
<kw name="Create Session" library="RequestsLibrary" type="setup">
<doc>Create Session: create a HTTP session to a server</doc>
<arguments>
<arg>session</arg>
<arg>url=${Base}</arg>
<arg>verify=True</arg>
</arguments>
<msg timestamp="20200321 20:00:00.771" level="INFO">Creating Session using : alias=session, url=https://petstore.swagger.io, headers={},                     cookies={}, auth=None, timeout=None, proxies=None, verify=True,                     debug=0 </msg>
<status status="PASS" starttime="20200321 20:00:00.771" endtime="20200321 20:00:00.772"></status>
</kw>
<kw name="Add a pet">
<assign>
<var>${resp}</var>
</assign>
<kw name="Get File" library="OperatingSystem">
<doc>Returns the contents of a specified file.</doc>
<arguments>
<arg>D:\\Work\\eclipse-workspace\\ZPetStoreAPI/PetSample.json</arg>
</arguments>
<assign>
<var>${body}</var>
</assign>
<msg timestamp="20200321 20:00:00.773" level="INFO" html="yes">Getting file '&lt;a href="file://D:\Work\eclipse-workspace\ZPetStoreAPI\PetSample.json"&gt;D:\Work\eclipse-workspace\ZPetStoreAPI\PetSample.json&lt;/a&gt;'.</msg>
<msg timestamp="20200321 20:00:00.773" level="INFO">${body} = {
    "name": "pet0",
    "photoUrls": [
        "https://www.rspca.org.au/sites/default/files/website/2019/adopt-a-pet-adopting-a-dog-600x375.jpg",
        "https://www.rspca.org.au/sites/default/fil...</msg>
<status status="PASS" starttime="20200321 20:00:00.772" endtime="20200321 20:00:00.774"></status>
</kw>
<kw name="Create Dictionary" library="BuiltIn">
<doc>Creates and returns a dictionary based on the given ``items``.</doc>
<arguments>
<arg>Content-Type=application/json</arg>
</arguments>
<assign>
<var>&amp;{hdrs}</var>
</assign>
<msg timestamp="20200321 20:00:00.774" level="INFO">&amp;{hdrs} = { Content-Type=application/json }</msg>
<status status="PASS" starttime="20200321 20:00:00.774" endtime="20200321 20:00:00.775"></status>
</kw>
<kw name="Post Request" library="RequestsLibrary">
<doc>Send a POST request on the session object found using the
given `alias`</doc>
<arguments>
<arg>session</arg>
<arg>uri=/v2/pet</arg>
<arg>headers=${hdrs}</arg>
<arg>data=${body}</arg>
</arguments>
<assign>
<var>${resp}</var>
</assign>
<msg timestamp="20200321 20:00:00.775" level="INFO">POST Request using : uri=/v2/pet, params=None, files=None, allow_redirects=True, timeout=None
headers={'User-Agent': 'python-requests/2.22.0', 'Accept-Encoding': 'gzip, deflate', 'Accept': '*/*', 'Connection': 'keep-alive', 'Content-Type': 'application/json'} 
data={
    "name": "pet0",
    "photoUrls": [
        "https://www.rspca.org.au/sites/default/files/website/2019/adopt-a-pet-adopting-a-dog-600x375.jpg",
        "https://www.rspca.org.au/sites/default/files/website/2019/adopt-a-pet-adopting-a-dog-600x375.jpg"
    ],
    "id": "123",
    "category": {
        "id": "13",
        "name": "dog"
    },
    "tags": [
        {
            "id": "0",
            "name": "dog"
        },
        {
            "id": "1",
            "name": "stil dog"
        }
    ],
    "status": "good"
} 
json=None</msg>
<msg timestamp="20200321 20:00:01.658" level="INFO">${resp} = &lt;Response [200]&gt;</msg>
<status status="PASS" starttime="20200321 20:00:00.775" endtime="20200321 20:00:01.658"></status>
</kw>
<msg timestamp="20200321 20:00:01.658" level="INFO">${resp} = &lt;Response [200]&gt;</msg>
<status status="PASS" starttime="20200321 20:00:00.772" endtime="20200321 20:00:01.658"></status>
</kw>
<kw name="Should Be Equal As Strings" library="BuiltIn">
<doc>Fails if objects are unequal after converting them to strings.</doc>
<arguments>
<arg>${resp.status_code}</arg>
<arg>200</arg>
<arg>msg=Failed to add a pet :${resp.content}</arg>
</arguments>
<msg timestamp="20200321 20:00:01.659" level="INFO">Argument types are:
&lt;class 'int'&gt;
&lt;type 'unicode'&gt;</msg>
<status status="PASS" starttime="20200321 20:00:01.659" endtime="20200321 20:00:01.660"></status>
</kw>
<kw name="Log" library="BuiltIn">
<doc>Logs the given message with the given level.</doc>
<arguments>
<arg>${resp.json()['id']}</arg>
</arguments>
<msg timestamp="20200321 20:00:01.660" level="INFO">123</msg>
<status status="PASS" starttime="20200321 20:00:01.660" endtime="20200321 20:00:01.660"></status>
</kw>
<kw name="Get File" library="OperatingSystem">
<doc>Returns the contents of a specified file.</doc>
<arguments>
<arg>D:\\Work\\eclipse-workspace\\ZPetStoreAPI/PetUpdate.json</arg>
</arguments>
<assign>
<var>${body}</var>
</assign>
<msg timestamp="20200321 20:00:01.661" level="INFO" html="yes">Getting file '&lt;a href="file://D:\Work\eclipse-workspace\ZPetStoreAPI\PetUpdate.json"&gt;D:\Work\eclipse-workspace\ZPetStoreAPI\PetUpdate.json&lt;/a&gt;'.</msg>
<msg timestamp="20200321 20:00:01.661" level="INFO">${body} = {
  "id": 123,
  "category": {
    "id": 0,
    "name": "string"
  },
  "name": "doggie",
  "photoUrls": [
    "https://www.rspca.org.au/sites/default/files/website/2019/adopt-a-pet-adopting-a-small-a...</msg>
<status status="PASS" starttime="20200321 20:00:01.660" endtime="20200321 20:00:01.662"></status>
</kw>
<kw name="Create Dictionary" library="BuiltIn">
<doc>Creates and returns a dictionary based on the given ``items``.</doc>
<arguments>
<arg>Content-Type=application/json</arg>
</arguments>
<assign>
<var>&amp;{hdrs}</var>
</assign>
<msg timestamp="20200321 20:00:01.662" level="INFO">&amp;{hdrs} = { Content-Type=application/json }</msg>
<status status="PASS" starttime="20200321 20:00:01.662" endtime="20200321 20:00:01.663"></status>
</kw>
<kw name="Put Request" library="RequestsLibrary">
<doc>Send a PUT request on the session object found using the
given `alias`</doc>
<arguments>
<arg>session</arg>
<arg>uri=/v2/pet</arg>
<arg>headers=${hdrs}</arg>
<arg>data=${body}</arg>
</arguments>
<assign>
<var>${resp}</var>
</assign>
<msg timestamp="20200321 20:00:01.663" level="INFO">PUT Request using : uri=/v2/pet, params=None, files=None, allow_redirects=True, timeout=None
headers={'User-Agent': 'python-requests/2.22.0', 'Accept-Encoding': 'gzip, deflate', 'Accept': '*/*', 'Connection': 'keep-alive', 'Content-Type': 'application/json'} 
data={
  "id": 123,
  "category": {
    "id": 0,
    "name": "string"
  },
  "name": "doggie",
  "photoUrls": [
    "https://www.rspca.org.au/sites/default/files/website/2019/adopt-a-pet-adopting-a-small-animal-600x375.jpg"
  ],
  "tags": [
    {
      "id": 0,
      "name": "string"
    }
  ],
  "status": "Sold"
} 
json=None</msg>
<msg timestamp="20200321 20:00:02.521" level="INFO">${resp} = &lt;Response [200]&gt;</msg>
<status status="PASS" starttime="20200321 20:00:01.663" endtime="20200321 20:00:02.521"></status>
</kw>
<kw name="Should Be Equal As Strings" library="BuiltIn">
<doc>Fails if objects are unequal after converting them to strings.</doc>
<arguments>
<arg>${resp.status_code}</arg>
<arg>200</arg>
<arg>msg=${resp.content}</arg>
</arguments>
<msg timestamp="20200321 20:00:02.522" level="INFO">Argument types are:
&lt;class 'int'&gt;
&lt;type 'unicode'&gt;</msg>
<status status="PASS" starttime="20200321 20:00:02.521" endtime="20200321 20:00:02.522"></status>
</kw>
<kw name="Log" library="BuiltIn">
<doc>Logs the given message with the given level.</doc>
<arguments>
<arg>${resp.content}</arg>
</arguments>
<msg timestamp="20200321 20:00:02.523" level="INFO">{"id":123,"category":{"id":0,"name":"string"},"name":"doggie","photoUrls":["https://www.rspca.org.au/sites/default/files/website/2019/adopt-a-pet-adopting-a-small-animal-600x375.jpg"],"tags":[{"id":0,"name":"string"}],"status":"Sold"}</msg>
<status status="PASS" starttime="20200321 20:00:02.523" endtime="20200321 20:00:02.524"></status>
</kw>
<kw name="Should Be Equal As Strings" library="BuiltIn">
<doc>Fails if objects are unequal after converting them to strings.</doc>
<arguments>
<arg>${resp.json()['status']}</arg>
<arg>Sold</arg>
<arg>msg=${resp.content}</arg>
</arguments>
<status status="PASS" starttime="20200321 20:00:02.524" endtime="20200321 20:00:02.525"></status>
</kw>
<status status="PASS" starttime="20200321 20:00:00.770" endtime="20200321 20:00:02.526" critical="yes"></status>
</test>
<test id="s1-s1-t4" name="Test find pet by status available">
<kw name="Create Session" library="RequestsLibrary" type="setup">
<doc>Create Session: create a HTTP session to a server</doc>
<arguments>
<arg>session</arg>
<arg>url=${Base}</arg>
<arg>verify=True</arg>
</arguments>
<msg timestamp="20200321 20:00:02.528" level="INFO">Creating Session using : alias=session, url=https://petstore.swagger.io, headers={},                     cookies={}, auth=None, timeout=None, proxies=None, verify=True,                     debug=0 </msg>
<status status="PASS" starttime="20200321 20:00:02.527" endtime="20200321 20:00:02.529"></status>
</kw>
<kw name="Create Dictionary" library="BuiltIn">
<doc>Creates and returns a dictionary based on the given ``items``.</doc>
<arguments>
<arg>Content-Type=application/json</arg>
</arguments>
<assign>
<var>&amp;{hdrs}</var>
</assign>
<msg timestamp="20200321 20:00:02.530" level="INFO">&amp;{hdrs} = { Content-Type=application/json }</msg>
<status status="PASS" starttime="20200321 20:00:02.529" endtime="20200321 20:00:02.530"></status>
</kw>
<kw name="Get Request" library="RequestsLibrary">
<doc>Send a GET request on the session object found using the
given `alias`</doc>
<arguments>
<arg>session</arg>
<arg>uri=/v2/pet/findByStatus?status=available</arg>
</arguments>
<assign>
<var>${resp}</var>
</assign>
<msg timestamp="20200321 20:00:02.531" level="INFO">GET Request using : uri=/v2/pet/findByStatus?status=available, params=None, allow_redirects=True, timeout=None
headers={'User-Agent': 'python-requests/2.22.0', 'Accept-Encoding': 'gzip, deflate', 'Accept': '*/*', 'Connection': 'keep-alive'} 
data=None 
json=None</msg>
<msg timestamp="20200321 20:00:04.587" level="INFO">${resp} = &lt;Response [200]&gt;</msg>
<status status="PASS" starttime="20200321 20:00:02.530" endtime="20200321 20:00:04.587"></status>
</kw>
<kw name="Should Be Equal As Strings" library="BuiltIn">
<doc>Fails if objects are unequal after converting them to strings.</doc>
<arguments>
<arg>${resp.status_code}</arg>
<arg>200</arg>
<arg>msg=${resp.content}</arg>
</arguments>
<msg timestamp="20200321 20:00:04.588" level="INFO">Argument types are:
&lt;class 'int'&gt;
&lt;type 'unicode'&gt;</msg>
<status status="PASS" starttime="20200321 20:00:04.587" endtime="20200321 20:00:04.588"></status>
</kw>
<status status="PASS" starttime="20200321 20:00:02.526" endtime="20200321 20:00:04.589" critical="yes"></status>
</test>
<test id="s1-s1-t5" name="Test find pet by status pending">
<kw name="Create Session" library="RequestsLibrary" type="setup">
<doc>Create Session: create a HTTP session to a server</doc>
<arguments>
<arg>session</arg>
<arg>url=${Base}</arg>
<arg>verify=True</arg>
</arguments>
<msg timestamp="20200321 20:00:04.591" level="INFO">Creating Session using : alias=session, url=https://petstore.swagger.io, headers={},                     cookies={}, auth=None, timeout=None, proxies=None, verify=True,                     debug=0 </msg>
<status status="PASS" starttime="20200321 20:00:04.590" endtime="20200321 20:00:04.591"></status>
</kw>
<kw name="Create Dictionary" library="BuiltIn">
<doc>Creates and returns a dictionary based on the given ``items``.</doc>
<arguments>
<arg>Content-Type=application/json</arg>
</arguments>
<assign>
<var>&amp;{hdrs}</var>
</assign>
<msg timestamp="20200321 20:00:04.592" level="INFO">&amp;{hdrs} = { Content-Type=application/json }</msg>
<status status="PASS" starttime="20200321 20:00:04.592" endtime="20200321 20:00:04.592"></status>
</kw>
<kw name="Get Request" library="RequestsLibrary">
<doc>Send a GET request on the session object found using the
given `alias`</doc>
<arguments>
<arg>session</arg>
<arg>uri=/v2/pet/findByStatus?status=pending</arg>
</arguments>
<assign>
<var>${resp}</var>
</assign>
<msg timestamp="20200321 20:00:04.593" level="INFO">GET Request using : uri=/v2/pet/findByStatus?status=pending, params=None, allow_redirects=True, timeout=None
headers={'User-Agent': 'python-requests/2.22.0', 'Accept-Encoding': 'gzip, deflate', 'Accept': '*/*', 'Connection': 'keep-alive'} 
data=None 
json=None</msg>
<msg timestamp="20200321 20:00:05.997" level="INFO">${resp} = &lt;Response [200]&gt;</msg>
<status status="PASS" starttime="20200321 20:00:04.592" endtime="20200321 20:00:05.997"></status>
</kw>
<kw name="Should Be Equal As Strings" library="BuiltIn">
<doc>Fails if objects are unequal after converting them to strings.</doc>
<arguments>
<arg>${resp.status_code}</arg>
<arg>200</arg>
<arg>msg=${resp.content}</arg>
</arguments>
<msg timestamp="20200321 20:00:06.000" level="INFO">Argument types are:
&lt;class 'int'&gt;
&lt;type 'unicode'&gt;</msg>
<status status="PASS" starttime="20200321 20:00:05.998" endtime="20200321 20:00:06.001"></status>
</kw>
<status status="PASS" starttime="20200321 20:00:04.589" endtime="20200321 20:00:06.002" critical="yes"></status>
</test>
<test id="s1-s1-t6" name="Test find pet by status sold">
<kw name="Create Session" library="RequestsLibrary" type="setup">
<doc>Create Session: create a HTTP session to a server</doc>
<arguments>
<arg>session</arg>
<arg>url=${Base}</arg>
<arg>verify=True</arg>
</arguments>
<msg timestamp="20200321 20:00:06.006" level="INFO">Creating Session using : alias=session, url=https://petstore.swagger.io, headers={},                     cookies={}, auth=None, timeout=None, proxies=None, verify=True,                     debug=0 </msg>
<status status="PASS" starttime="20200321 20:00:06.005" endtime="20200321 20:00:06.007"></status>
</kw>
<kw name="Create Dictionary" library="BuiltIn">
<doc>Creates and returns a dictionary based on the given ``items``.</doc>
<arguments>
<arg>Content-Type=application/json</arg>
</arguments>
<assign>
<var>&amp;{hdrs}</var>
</assign>
<msg timestamp="20200321 20:00:06.010" level="INFO">&amp;{hdrs} = { Content-Type=application/json }</msg>
<status status="PASS" starttime="20200321 20:00:06.008" endtime="20200321 20:00:06.010"></status>
</kw>
<kw name="Get Request" library="RequestsLibrary">
<doc>Send a GET request on the session object found using the
given `alias`</doc>
<arguments>
<arg>session</arg>
<arg>uri=/v2/pet/findByStatus?status=sold</arg>
</arguments>
<assign>
<var>${resp}</var>
</assign>
<msg timestamp="20200321 20:00:06.012" level="INFO">GET Request using : uri=/v2/pet/findByStatus?status=sold, params=None, allow_redirects=True, timeout=None
headers={'User-Agent': 'python-requests/2.22.0', 'Accept-Encoding': 'gzip, deflate', 'Accept': '*/*', 'Connection': 'keep-alive'} 
data=None 
json=None</msg>
<msg timestamp="20200321 20:00:07.242" level="INFO">${resp} = &lt;Response [200]&gt;</msg>
<status status="PASS" starttime="20200321 20:00:06.011" endtime="20200321 20:00:07.242"></status>
</kw>
<kw name="Should Be Equal As Strings" library="BuiltIn">
<doc>Fails if objects are unequal after converting them to strings.</doc>
<arguments>
<arg>${resp.status_code}</arg>
<arg>200</arg>
<arg>msg=${resp.content}</arg>
</arguments>
<msg timestamp="20200321 20:00:07.245" level="INFO">Argument types are:
&lt;class 'int'&gt;
&lt;type 'unicode'&gt;</msg>
<status status="PASS" starttime="20200321 20:00:07.243" endtime="20200321 20:00:07.246"></status>
</kw>
<status status="PASS" starttime="20200321 20:00:06.003" endtime="20200321 20:00:07.246" critical="yes"></status>
</test>
<test id="s1-s1-t7" name="Get Pet by Id">
<kw name="Create Session" library="RequestsLibrary" type="setup">
<doc>Create Session: create a HTTP session to a server</doc>
<arguments>
<arg>session</arg>
<arg>url=${Base}</arg>
<arg>verify=True</arg>
</arguments>
<msg timestamp="20200321 20:00:07.250" level="INFO">Creating Session using : alias=session, url=https://petstore.swagger.io, headers={},                     cookies={}, auth=None, timeout=None, proxies=None, verify=True,                     debug=0 </msg>
<status status="PASS" starttime="20200321 20:00:07.249" endtime="20200321 20:00:07.250"></status>
</kw>
<kw name="Add a pet">
<assign>
<var>${resp}</var>
</assign>
<kw name="Get File" library="OperatingSystem">
<doc>Returns the contents of a specified file.</doc>
<arguments>
<arg>D:\\Work\\eclipse-workspace\\ZPetStoreAPI/PetSample.json</arg>
</arguments>
<assign>
<var>${body}</var>
</assign>
<msg timestamp="20200321 20:00:07.252" level="INFO" html="yes">Getting file '&lt;a href="file://D:\Work\eclipse-workspace\ZPetStoreAPI\PetSample.json"&gt;D:\Work\eclipse-workspace\ZPetStoreAPI\PetSample.json&lt;/a&gt;'.</msg>
<msg timestamp="20200321 20:00:07.253" level="INFO">${body} = {
    "name": "pet0",
    "photoUrls": [
        "https://www.rspca.org.au/sites/default/files/website/2019/adopt-a-pet-adopting-a-dog-600x375.jpg",
        "https://www.rspca.org.au/sites/default/fil...</msg>
<status status="PASS" starttime="20200321 20:00:07.252" endtime="20200321 20:00:07.253"></status>
</kw>
<kw name="Create Dictionary" library="BuiltIn">
<doc>Creates and returns a dictionary based on the given ``items``.</doc>
<arguments>
<arg>Content-Type=application/json</arg>
</arguments>
<assign>
<var>&amp;{hdrs}</var>
</assign>
<msg timestamp="20200321 20:00:07.255" level="INFO">&amp;{hdrs} = { Content-Type=application/json }</msg>
<status status="PASS" starttime="20200321 20:00:07.254" endtime="20200321 20:00:07.255"></status>
</kw>
<kw name="Post Request" library="RequestsLibrary">
<doc>Send a POST request on the session object found using the
given `alias`</doc>
<arguments>
<arg>session</arg>
<arg>uri=/v2/pet</arg>
<arg>headers=${hdrs}</arg>
<arg>data=${body}</arg>
</arguments>
<assign>
<var>${resp}</var>
</assign>
<msg timestamp="20200321 20:00:07.256" level="INFO">POST Request using : uri=/v2/pet, params=None, files=None, allow_redirects=True, timeout=None
headers={'User-Agent': 'python-requests/2.22.0', 'Accept-Encoding': 'gzip, deflate', 'Accept': '*/*', 'Connection': 'keep-alive', 'Content-Type': 'application/json'} 
data={
    "name": "pet0",
    "photoUrls": [
        "https://www.rspca.org.au/sites/default/files/website/2019/adopt-a-pet-adopting-a-dog-600x375.jpg",
        "https://www.rspca.org.au/sites/default/files/website/2019/adopt-a-pet-adopting-a-dog-600x375.jpg"
    ],
    "id": "123",
    "category": {
        "id": "13",
        "name": "dog"
    },
    "tags": [
        {
            "id": "0",
            "name": "dog"
        },
        {
            "id": "1",
            "name": "stil dog"
        }
    ],
    "status": "good"
} 
json=None</msg>
<msg timestamp="20200321 20:00:08.246" level="INFO">${resp} = &lt;Response [200]&gt;</msg>
<status status="PASS" starttime="20200321 20:00:07.255" endtime="20200321 20:00:08.247"></status>
</kw>
<msg timestamp="20200321 20:00:08.248" level="INFO">${resp} = &lt;Response [200]&gt;</msg>
<status status="PASS" starttime="20200321 20:00:07.251" endtime="20200321 20:00:08.249"></status>
</kw>
<kw name="Should Be Equal As Strings" library="BuiltIn">
<doc>Fails if objects are unequal after converting them to strings.</doc>
<arguments>
<arg>${resp.status_code}</arg>
<arg>200</arg>
<arg>msg=Failed to add a pet :${resp.content}</arg>
</arguments>
<msg timestamp="20200321 20:00:08.252" level="INFO">Argument types are:
&lt;class 'int'&gt;
&lt;type 'unicode'&gt;</msg>
<status status="PASS" starttime="20200321 20:00:08.250" endtime="20200321 20:00:08.253"></status>
</kw>
<kw name="Log" library="BuiltIn">
<doc>Logs the given message with the given level.</doc>
<arguments>
<arg>${resp.json()['id']}</arg>
</arguments>
<msg timestamp="20200321 20:00:08.256" level="INFO">123</msg>
<status status="PASS" starttime="20200321 20:00:08.254" endtime="20200321 20:00:08.256"></status>
</kw>
<kw name="Get File" library="OperatingSystem">
<doc>Returns the contents of a specified file.</doc>
<arguments>
<arg>D:\\Work\\eclipse-workspace\\ZPetStoreAPI/PetUpdate.json</arg>
</arguments>
<assign>
<var>${body}</var>
</assign>
<msg timestamp="20200321 20:00:08.258" level="INFO" html="yes">Getting file '&lt;a href="file://D:\Work\eclipse-workspace\ZPetStoreAPI\PetUpdate.json"&gt;D:\Work\eclipse-workspace\ZPetStoreAPI\PetUpdate.json&lt;/a&gt;'.</msg>
<msg timestamp="20200321 20:00:08.259" level="INFO">${body} = {
  "id": 123,
  "category": {
    "id": 0,
    "name": "string"
  },
  "name": "doggie",
  "photoUrls": [
    "https://www.rspca.org.au/sites/default/files/website/2019/adopt-a-pet-adopting-a-small-a...</msg>
<status status="PASS" starttime="20200321 20:00:08.257" endtime="20200321 20:00:08.259"></status>
</kw>
<kw name="Create Dictionary" library="BuiltIn">
<doc>Creates and returns a dictionary based on the given ``items``.</doc>
<arguments>
<arg>Content-Type=application/json</arg>
</arguments>
<assign>
<var>&amp;{hdrs}</var>
</assign>
<msg timestamp="20200321 20:00:08.261" level="INFO">&amp;{hdrs} = { Content-Type=application/json }</msg>
<status status="PASS" starttime="20200321 20:00:08.260" endtime="20200321 20:00:08.261"></status>
</kw>
<kw name="Get Request" library="RequestsLibrary">
<doc>Send a GET request on the session object found using the
given `alias`</doc>
<arguments>
<arg>session</arg>
<arg>uri=/v2/pet/${resp.json()['id']}</arg>
<arg>headers=${hdrs}</arg>
</arguments>
<assign>
<var>${resp}</var>
</assign>
<msg timestamp="20200321 20:00:08.262" level="INFO">GET Request using : uri=/v2/pet/123, params=None, allow_redirects=True, timeout=None
headers={'User-Agent': 'python-requests/2.22.0', 'Accept-Encoding': 'gzip, deflate', 'Accept': '*/*', 'Connection': 'keep-alive', 'Content-Type': 'application/json'} 
data=None 
json=None</msg>
<msg timestamp="20200321 20:00:09.197" level="INFO">${resp} = &lt;Response [200]&gt;</msg>
<status status="PASS" starttime="20200321 20:00:08.261" endtime="20200321 20:00:09.198"></status>
</kw>
<kw name="Should Be Equal As Strings" library="BuiltIn">
<doc>Fails if objects are unequal after converting them to strings.</doc>
<arguments>
<arg>${resp.status_code}</arg>
<arg>200</arg>
<arg>msg=${resp.content}</arg>
</arguments>
<msg timestamp="20200321 20:00:09.199" level="INFO">Argument types are:
&lt;class 'int'&gt;
&lt;type 'unicode'&gt;</msg>
<status status="PASS" starttime="20200321 20:00:09.198" endtime="20200321 20:00:09.199"></status>
</kw>
<kw name="Log" library="BuiltIn">
<doc>Logs the given message with the given level.</doc>
<arguments>
<arg>${resp.content}</arg>
</arguments>
<msg timestamp="20200321 20:00:09.200" level="INFO">{"id":123,"category":{"id":13,"name":"dog"},"name":"pet0","photoUrls":["https://www.rspca.org.au/sites/default/files/website/2019/adopt-a-pet-adopting-a-dog-600x375.jpg","https://www.rspca.org.au/sites/default/files/website/2019/adopt-a-pet-adopting-a-dog-600x375.jpg"],"tags":[{"id":0,"name":"dog"},{"id":1,"name":"stil dog"}],"status":"good"}</msg>
<status status="PASS" starttime="20200321 20:00:09.200" endtime="20200321 20:00:09.200"></status>
</kw>
<kw name="Should Be Equal As Strings" library="BuiltIn">
<doc>Fails if objects are unequal after converting them to strings.</doc>
<arguments>
<arg>${resp.json()['name']}</arg>
<arg>pet0</arg>
<arg>msg=${resp.content}</arg>
</arguments>
<status status="PASS" starttime="20200321 20:00:09.201" endtime="20200321 20:00:09.201"></status>
</kw>
<status status="PASS" starttime="20200321 20:00:07.247" endtime="20200321 20:00:09.202" critical="yes"></status>
</test>
<test id="s1-s1-t8" name="Test Update pet form data">
<kw name="Create Session" library="RequestsLibrary" type="setup">
<doc>Create Session: create a HTTP session to a server</doc>
<arguments>
<arg>session</arg>
<arg>url=${Base}</arg>
<arg>verify=True</arg>
</arguments>
<msg timestamp="20200321 20:00:09.204" level="INFO">Creating Session using : alias=session, url=https://petstore.swagger.io, headers={},                     cookies={}, auth=None, timeout=None, proxies=None, verify=True,                     debug=0 </msg>
<status status="PASS" starttime="20200321 20:00:09.203" endtime="20200321 20:00:09.204"></status>
</kw>
<kw name="Add a pet">
<assign>
<var>${resp}</var>
</assign>
<kw name="Get File" library="OperatingSystem">
<doc>Returns the contents of a specified file.</doc>
<arguments>
<arg>D:\\Work\\eclipse-workspace\\ZPetStoreAPI/PetSample.json</arg>
</arguments>
<assign>
<var>${body}</var>
</assign>
<msg timestamp="20200321 20:00:09.206" level="INFO" html="yes">Getting file '&lt;a href="file://D:\Work\eclipse-workspace\ZPetStoreAPI\PetSample.json"&gt;D:\Work\eclipse-workspace\ZPetStoreAPI\PetSample.json&lt;/a&gt;'.</msg>
<msg timestamp="20200321 20:00:09.207" level="INFO">${body} = {
    "name": "pet0",
    "photoUrls": [
        "https://www.rspca.org.au/sites/default/files/website/2019/adopt-a-pet-adopting-a-dog-600x375.jpg",
        "https://www.rspca.org.au/sites/default/fil...</msg>
<status status="PASS" starttime="20200321 20:00:09.205" endtime="20200321 20:00:09.207"></status>
</kw>
<kw name="Create Dictionary" library="BuiltIn">
<doc>Creates and returns a dictionary based on the given ``items``.</doc>
<arguments>
<arg>Content-Type=application/json</arg>
</arguments>
<assign>
<var>&amp;{hdrs}</var>
</assign>
<msg timestamp="20200321 20:00:09.208" level="INFO">&amp;{hdrs} = { Content-Type=application/json }</msg>
<status status="PASS" starttime="20200321 20:00:09.207" endtime="20200321 20:00:09.208"></status>
</kw>
<kw name="Post Request" library="RequestsLibrary">
<doc>Send a POST request on the session object found using the
given `alias`</doc>
<arguments>
<arg>session</arg>
<arg>uri=/v2/pet</arg>
<arg>headers=${hdrs}</arg>
<arg>data=${body}</arg>
</arguments>
<assign>
<var>${resp}</var>
</assign>
<msg timestamp="20200321 20:00:09.209" level="INFO">POST Request using : uri=/v2/pet, params=None, files=None, allow_redirects=True, timeout=None
headers={'User-Agent': 'python-requests/2.22.0', 'Accept-Encoding': 'gzip, deflate', 'Accept': '*/*', 'Connection': 'keep-alive', 'Content-Type': 'application/json'} 
data={
    "name": "pet0",
    "photoUrls": [
        "https://www.rspca.org.au/sites/default/files/website/2019/adopt-a-pet-adopting-a-dog-600x375.jpg",
        "https://www.rspca.org.au/sites/default/files/website/2019/adopt-a-pet-adopting-a-dog-600x375.jpg"
    ],
    "id": "123",
    "category": {
        "id": "13",
        "name": "dog"
    },
    "tags": [
        {
            "id": "0",
            "name": "dog"
        },
        {
            "id": "1",
            "name": "stil dog"
        }
    ],
    "status": "good"
} 
json=None</msg>
<msg timestamp="20200321 20:00:10.055" level="INFO">${resp} = &lt;Response [200]&gt;</msg>
<status status="PASS" starttime="20200321 20:00:09.209" endtime="20200321 20:00:10.056"></status>
</kw>
<msg timestamp="20200321 20:00:10.056" level="INFO">${resp} = &lt;Response [200]&gt;</msg>
<status status="PASS" starttime="20200321 20:00:09.205" endtime="20200321 20:00:10.057"></status>
</kw>
<kw name="Should Be Equal As Strings" library="BuiltIn">
<doc>Fails if objects are unequal after converting them to strings.</doc>
<arguments>
<arg>${resp.status_code}</arg>
<arg>200</arg>
<arg>msg=Failed to add a pet :${resp.content}</arg>
</arguments>
<msg timestamp="20200321 20:00:10.058" level="INFO">Argument types are:
&lt;class 'int'&gt;
&lt;type 'unicode'&gt;</msg>
<status status="PASS" starttime="20200321 20:00:10.057" endtime="20200321 20:00:10.058"></status>
</kw>
<kw name="Log" library="BuiltIn">
<doc>Logs the given message with the given level.</doc>
<arguments>
<arg>${resp.json()['id']}</arg>
</arguments>
<msg timestamp="20200321 20:00:10.059" level="INFO">123</msg>
<status status="PASS" starttime="20200321 20:00:10.058" endtime="20200321 20:00:10.059"></status>
</kw>
<kw name="Set Variable" library="BuiltIn">
<doc>Returns the given values which can then be assigned to a variables.</doc>
<arguments>
<arg>${resp.json()['id']}</arg>
</arguments>
<assign>
<var>${id}</var>
</assign>
<msg timestamp="20200321 20:00:10.060" level="INFO">${id} = 123</msg>
<status status="PASS" starttime="20200321 20:00:10.059" endtime="20200321 20:00:10.060"></status>
</kw>
<kw name="Create Dictionary" library="BuiltIn">
<doc>Creates and returns a dictionary based on the given ``items``.</doc>
<arguments>
<arg>name=pet0update</arg>
<arg>status=pending</arg>
</arguments>
<assign>
<var>&amp;{body}</var>
</assign>
<msg timestamp="20200321 20:00:10.061" level="INFO">&amp;{body} = { name=pet0update | status=pending }</msg>
<status status="PASS" starttime="20200321 20:00:10.060" endtime="20200321 20:00:10.061"></status>
</kw>
<kw name="Create Dictionary" library="BuiltIn">
<doc>Creates and returns a dictionary based on the given ``items``.</doc>
<arguments>
<arg>Content-Type=application/json</arg>
</arguments>
<assign>
<var>&amp;{hdrs}</var>
</assign>
<msg timestamp="20200321 20:00:10.062" level="INFO">&amp;{hdrs} = { Content-Type=application/json }</msg>
<status status="PASS" starttime="20200321 20:00:10.061" endtime="20200321 20:00:10.062"></status>
</kw>
<kw name="Post Request" library="RequestsLibrary">
<doc>Send a POST request on the session object found using the
given `alias`</doc>
<arguments>
<arg>session</arg>
<arg>uri=/v2/pet/${resp.json()['id']}</arg>
<arg>headers=${hdrs}</arg>
<arg>data=${body}</arg>
</arguments>
<assign>
<var>${resp}</var>
</assign>
<msg timestamp="20200321 20:00:10.063" level="INFO">POST Request using : uri=/v2/pet/123, params=None, files=None, allow_redirects=True, timeout=None
headers={'User-Agent': 'python-requests/2.22.0', 'Accept-Encoding': 'gzip, deflate', 'Accept': '*/*', 'Connection': 'keep-alive', 'Content-Type': 'application/json'} 
data={"name": "pet0update", "status": "pending"} 
json=None</msg>
<msg timestamp="20200321 20:00:10.893" level="INFO">${resp} = &lt;Response [415]&gt;</msg>
<status status="PASS" starttime="20200321 20:00:10.062" endtime="20200321 20:00:10.894"></status>
</kw>
<kw name="Should Be Equal As Strings" library="BuiltIn">
<doc>Fails if objects are unequal after converting them to strings.</doc>
<arguments>
<arg>${resp.status_code}</arg>
<arg>200</arg>
<arg>msg=${resp.content}</arg>
</arguments>
<msg timestamp="20200321 20:00:10.897" level="INFO">Argument types are:
&lt;class 'int'&gt;
&lt;type 'unicode'&gt;</msg>
<msg timestamp="20200321 20:00:10.898" level="FAIL">b'&lt;?xml version="1.0" encoding="UTF-8" standalone="yes"?&gt;&lt;apiResponse&gt;&lt;type&gt;unknown&lt;/type&gt;&lt;/apiResponse&gt;': 415 != 200</msg>
<status status="FAIL" starttime="20200321 20:00:10.895" endtime="20200321 20:00:10.899"></status>
</kw>
<status status="FAIL" starttime="20200321 20:00:09.202" endtime="20200321 20:00:10.900" critical="yes">b'&lt;?xml version="1.0" encoding="UTF-8" standalone="yes"?&gt;&lt;apiResponse&gt;&lt;type&gt;unknown&lt;/type&gt;&lt;/apiResponse&gt;': 415 != 200</status>
</test>
<test id="s1-s1-t9" name="Test Delete a pet">
<kw name="Create Session" library="RequestsLibrary" type="setup">
<doc>Create Session: create a HTTP session to a server</doc>
<arguments>
<arg>session</arg>
<arg>url=${Base}</arg>
<arg>verify=True</arg>
</arguments>
<msg timestamp="20200321 20:00:10.906" level="INFO">Creating Session using : alias=session, url=https://petstore.swagger.io, headers={},                     cookies={}, auth=None, timeout=None, proxies=None, verify=True,                     debug=0 </msg>
<status status="PASS" starttime="20200321 20:00:10.904" endtime="20200321 20:00:10.907"></status>
</kw>
<kw name="Add a pet">
<assign>
<var>${resp}</var>
</assign>
<kw name="Get File" library="OperatingSystem">
<doc>Returns the contents of a specified file.</doc>
<arguments>
<arg>D:\\Work\\eclipse-workspace\\ZPetStoreAPI/PetSample.json</arg>
</arguments>
<assign>
<var>${body}</var>
</assign>
<msg timestamp="20200321 20:00:10.909" level="INFO" html="yes">Getting file '&lt;a href="file://D:\Work\eclipse-workspace\ZPetStoreAPI\PetSample.json"&gt;D:\Work\eclipse-workspace\ZPetStoreAPI\PetSample.json&lt;/a&gt;'.</msg>
<msg timestamp="20200321 20:00:10.910" level="INFO">${body} = {
    "name": "pet0",
    "photoUrls": [
        "https://www.rspca.org.au/sites/default/files/website/2019/adopt-a-pet-adopting-a-dog-600x375.jpg",
        "https://www.rspca.org.au/sites/default/fil...</msg>
<status status="PASS" starttime="20200321 20:00:10.908" endtime="20200321 20:00:10.911"></status>
</kw>
<kw name="Create Dictionary" library="BuiltIn">
<doc>Creates and returns a dictionary based on the given ``items``.</doc>
<arguments>
<arg>Content-Type=application/json</arg>
</arguments>
<assign>
<var>&amp;{hdrs}</var>
</assign>
<msg timestamp="20200321 20:00:10.912" level="INFO">&amp;{hdrs} = { Content-Type=application/json }</msg>
<status status="PASS" starttime="20200321 20:00:10.911" endtime="20200321 20:00:10.912"></status>
</kw>
<kw name="Post Request" library="RequestsLibrary">
<doc>Send a POST request on the session object found using the
given `alias`</doc>
<arguments>
<arg>session</arg>
<arg>uri=/v2/pet</arg>
<arg>headers=${hdrs}</arg>
<arg>data=${body}</arg>
</arguments>
<assign>
<var>${resp}</var>
</assign>
<msg timestamp="20200321 20:00:10.914" level="INFO">POST Request using : uri=/v2/pet, params=None, files=None, allow_redirects=True, timeout=None
headers={'User-Agent': 'python-requests/2.22.0', 'Accept-Encoding': 'gzip, deflate', 'Accept': '*/*', 'Connection': 'keep-alive', 'Content-Type': 'application/json'} 
data={
    "name": "pet0",
    "photoUrls": [
        "https://www.rspca.org.au/sites/default/files/website/2019/adopt-a-pet-adopting-a-dog-600x375.jpg",
        "https://www.rspca.org.au/sites/default/files/website/2019/adopt-a-pet-adopting-a-dog-600x375.jpg"
    ],
    "id": "123",
    "category": {
        "id": "13",
        "name": "dog"
    },
    "tags": [
        {
            "id": "0",
            "name": "dog"
        },
        {
            "id": "1",
            "name": "stil dog"
        }
    ],
    "status": "good"
} 
json=None</msg>
<msg timestamp="20200321 20:00:11.760" level="INFO">${resp} = &lt;Response [200]&gt;</msg>
<status status="PASS" starttime="20200321 20:00:10.913" endtime="20200321 20:00:11.761"></status>
</kw>
<msg timestamp="20200321 20:00:11.762" level="INFO">${resp} = &lt;Response [200]&gt;</msg>
<status status="PASS" starttime="20200321 20:00:10.907" endtime="20200321 20:00:11.762"></status>
</kw>
<kw name="Should Be Equal As Strings" library="BuiltIn">
<doc>Fails if objects are unequal after converting them to strings.</doc>
<arguments>
<arg>${resp.status_code}</arg>
<arg>200</arg>
<arg>msg=Failed to add a pet :${resp.content}</arg>
</arguments>
<msg timestamp="20200321 20:00:11.764" level="INFO">Argument types are:
&lt;class 'int'&gt;
&lt;type 'unicode'&gt;</msg>
<status status="PASS" starttime="20200321 20:00:11.763" endtime="20200321 20:00:11.765"></status>
</kw>
<kw name="Log" library="BuiltIn">
<doc>Logs the given message with the given level.</doc>
<arguments>
<arg>${resp.json()['id']}</arg>
</arguments>
<msg timestamp="20200321 20:00:11.767" level="INFO">123</msg>
<status status="PASS" starttime="20200321 20:00:11.766" endtime="20200321 20:00:11.767"></status>
</kw>
<kw name="Set Variable" library="BuiltIn">
<doc>Returns the given values which can then be assigned to a variables.</doc>
<arguments>
<arg>${resp.json()['id']}</arg>
</arguments>
<assign>
<var>${id}</var>
</assign>
<msg timestamp="20200321 20:00:11.769" level="INFO">${id} = 123</msg>
<status status="PASS" starttime="20200321 20:00:11.768" endtime="20200321 20:00:11.769"></status>
</kw>
<kw name="Create Dictionary" library="BuiltIn">
<doc>Creates and returns a dictionary based on the given ``items``.</doc>
<arguments>
<arg>Content-Type=application/json</arg>
<arg>api_key=${MyAPIkey}</arg>
</arguments>
<assign>
<var>&amp;{hdrs}</var>
</assign>
<msg timestamp="20200321 20:00:11.771" level="INFO">&amp;{hdrs} = { Content-Type=application/json | api_key=MyAPIkey }</msg>
<status status="PASS" starttime="20200321 20:00:11.770" endtime="20200321 20:00:11.771"></status>
</kw>
<kw name="Delete Request" library="RequestsLibrary">
<doc>Send a DELETE request on the session object found using the
given `alias`</doc>
<arguments>
<arg>session</arg>
<arg>uri=/v2/pet/123</arg>
<arg>headers=${hdrs}</arg>
</arguments>
<assign>
<var>${resp}</var>
</assign>
<msg timestamp="20200321 20:00:11.773" level="INFO">DELETE Request using : uri=/v2/pet/123, params=None, allow_redirects=True, timeout=None
headers={'User-Agent': 'python-requests/2.22.0', 'Accept-Encoding': 'gzip, deflate', 'Accept': '*/*', 'Connection': 'keep-alive', 'Content-Type': 'application/json', 'api_key': 'MyAPIkey'} 
data=None 
json=None</msg>
<msg timestamp="20200321 20:00:12.656" level="INFO">${resp} = &lt;Response [200]&gt;</msg>
<status status="PASS" starttime="20200321 20:00:11.772" endtime="20200321 20:00:12.656"></status>
</kw>
<kw name="Should Be Equal As Strings" library="BuiltIn">
<doc>Fails if objects are unequal after converting them to strings.</doc>
<arguments>
<arg>${resp.status_code}</arg>
<arg>200</arg>
<arg>msg=${resp.content}</arg>
</arguments>
<msg timestamp="20200321 20:00:12.661" level="INFO">Argument types are:
&lt;class 'int'&gt;
&lt;type 'unicode'&gt;</msg>
<status status="PASS" starttime="20200321 20:00:12.658" endtime="20200321 20:00:12.662"></status>
</kw>
<kw name="Log" library="BuiltIn">
<doc>Logs the given message with the given level.</doc>
<arguments>
<arg>${resp.content}</arg>
</arguments>
<msg timestamp="20200321 20:00:12.664" level="INFO">{"code":200,"type":"unknown","message":"123"}</msg>
<status status="PASS" starttime="20200321 20:00:12.663" endtime="20200321 20:00:12.665"></status>
</kw>
<status status="PASS" starttime="20200321 20:00:10.902" endtime="20200321 20:00:12.666" critical="yes"></status>
</test>
<status status="FAIL" starttime="20200321 19:59:56.511" endtime="20200321 20:00:12.670"></status>
</suite>
<status status="FAIL" starttime="20200321 19:59:56.487" endtime="20200321 20:00:12.680"></status>
</suite>
<statistics>
<total>
<stat pass="7" fail="2">Critical Tests</stat>
<stat pass="7" fail="2">All Tests</stat>
</total>
<tag>
</tag>
<suite>
<stat pass="7" fail="2" id="s1" name="ZPetStoreAPI">ZPetStoreAPI</stat>
<stat pass="7" fail="2" id="s1-s1" name="SmokeTests">ZPetStoreAPI.SmokeTests</stat>
</suite>
</statistics>
<errors>
</errors>
</robot>
