<?xml version="1.0" encoding="UTF-8"?>
<robot generator="Robot 3.1.2 (Python 3.7.3 on win32)" generated="20200321 20:13:05.842" rpa="false">
<suite id="s1" name="ZPetStoreAPI" source="D:\Work\eclipse-workspace\ZPetStoreAPI">
<suite id="s1-s1" name="SmokeTests" source="D:\Work\eclipse-workspace\ZPetStoreAPI\SmokeTests.robot">
<test id="s1-s1-t1" name="Test add pet">
<kw name="Create Session" library="RequestsLibrary" type="setup">
<doc>Create Session: create a HTTP session to a server</doc>
<arguments>
<arg>session</arg>
<arg>url=${Base}</arg>
<arg>verify=True</arg>
</arguments>
<msg timestamp="20200321 20:13:06.171" level="INFO">Creating Session using : alias=session, url=https://petstore.swagger.io, headers={},                     cookies={}, auth=None, timeout=None, proxies=None, verify=True,                     debug=0 </msg>
<status status="PASS" starttime="20200321 20:13:06.171" endtime="20200321 20:13:06.172"></status>
</kw>
<kw name="Add a pet">
<assign>
<var>${resp}</var>
</assign>
<kw name="Get File" library="OperatingSystem">
<doc>Returns the contents of a specified file.</doc>
<arguments>
<arg>D:\\Work\\eclipse-workspace\\ZPetStoreAPI/PetSample.json</arg>
</arguments>
<assign>
<var>${body}</var>
</assign>
<msg timestamp="20200321 20:13:06.173" level="INFO" html="yes">Getting file '&lt;a href="file://D:\Work\eclipse-workspace\ZPetStoreAPI\PetSample.json"&gt;D:\Work\eclipse-workspace\ZPetStoreAPI\PetSample.json&lt;/a&gt;'.</msg>
<msg timestamp="20200321 20:13:06.173" level="INFO">${body} = {
    "name": "pet0",
    "photoUrls": [
        "https://www.rspca.org.au/sites/default/files/website/2019/adopt-a-pet-adopting-a-dog-600x375.jpg",
        "https://www.rspca.org.au/sites/default/fil...</msg>
<status status="PASS" starttime="20200321 20:13:06.172" endtime="20200321 20:13:06.173"></status>
</kw>
<kw name="Create Dictionary" library="BuiltIn">
<doc>Creates and returns a dictionary based on the given ``items``.</doc>
<arguments>
<arg>Content-Type=application/json</arg>
</arguments>
<assign>
<var>&amp;{hdrs}</var>
</assign>
<msg timestamp="20200321 20:13:06.174" level="INFO">&amp;{hdrs} = { Content-Type=application/json }</msg>
<status status="PASS" starttime="20200321 20:13:06.173" endtime="20200321 20:13:06.174"></status>
</kw>
<kw name="Post Request" library="RequestsLibrary">
<doc>Send a POST request on the session object found using the
given `alias`</doc>
<arguments>
<arg>session</arg>
<arg>uri=/v2/pet</arg>
<arg>headers=${hdrs}</arg>
<arg>data=${body}</arg>
</arguments>
<assign>
<var>${resp}</var>
</assign>
<msg timestamp="20200321 20:13:06.174" level="INFO">POST Request using : uri=/v2/pet, params=None, files=None, allow_redirects=True, timeout=None
headers={'User-Agent': 'python-requests/2.22.0', 'Accept-Encoding': 'gzip, deflate', 'Accept': '*/*', 'Connection': 'keep-alive', 'Content-Type': 'application/json'} 
data={
    "name": "pet0",
    "photoUrls": [
        "https://www.rspca.org.au/sites/default/files/website/2019/adopt-a-pet-adopting-a-dog-600x375.jpg",
        "https://www.rspca.org.au/sites/default/files/website/2019/adopt-a-pet-adopting-a-dog-600x375.jpg"
    ],
    "id": "123",
    "category": {
        "id": "13",
        "name": "dog"
    },
    "tags": [
        {
            "id": "0",
            "name": "dog"
        },
        {
            "id": "1",
            "name": "stil dog"
        }
    ],
    "status": "good"
} 
json=None</msg>
<msg timestamp="20200321 20:13:07.304" level="INFO">${resp} = &lt;Response [200]&gt;</msg>
<status status="PASS" starttime="20200321 20:13:06.174" endtime="20200321 20:13:07.305"></status>
</kw>
<msg timestamp="20200321 20:13:07.307" level="INFO">${resp} = &lt;Response [200]&gt;</msg>
<status status="PASS" starttime="20200321 20:13:06.172" endtime="20200321 20:13:07.307"></status>
</kw>
<kw name="Should Be Equal As Strings" library="BuiltIn">
<doc>Fails if objects are unequal after converting them to strings.</doc>
<arguments>
<arg>${resp.status_code}</arg>
<arg>200</arg>
</arguments>
<msg timestamp="20200321 20:13:07.310" level="INFO">Argument types are:
&lt;class 'int'&gt;
&lt;type 'unicode'&gt;</msg>
<status status="PASS" starttime="20200321 20:13:07.308" endtime="20200321 20:13:07.311"></status>
</kw>
<kw name="Log" library="BuiltIn">
<doc>Logs the given message with the given level.</doc>
<arguments>
<arg>${resp.json()['id']}</arg>
</arguments>
<msg timestamp="20200321 20:13:07.313" level="INFO">123</msg>
<status status="PASS" starttime="20200321 20:13:07.312" endtime="20200321 20:13:07.313"></status>
</kw>
<status status="PASS" starttime="20200321 20:13:06.170" endtime="20200321 20:13:07.314" critical="yes"></status>
</test>
<test id="s1-s1-t2" name="Test uppload pet image">
<kw name="Create Session" library="RequestsLibrary" type="setup">
<doc>Create Session: create a HTTP session to a server</doc>
<arguments>
<arg>session</arg>
<arg>url=${Base}</arg>
<arg>verify=True</arg>
</arguments>
<msg timestamp="20200321 20:13:07.317" level="INFO">Creating Session using : alias=session, url=https://petstore.swagger.io, headers={},                     cookies={}, auth=None, timeout=None, proxies=None, verify=True,                     debug=0 </msg>
<status status="PASS" starttime="20200321 20:13:07.317" endtime="20200321 20:13:07.318"></status>
</kw>
<kw name="Add a pet">
<assign>
<var>${resp}</var>
</assign>
<kw name="Get File" library="OperatingSystem">
<doc>Returns the contents of a specified file.</doc>
<arguments>
<arg>D:\\Work\\eclipse-workspace\\ZPetStoreAPI/PetSample.json</arg>
</arguments>
<assign>
<var>${body}</var>
</assign>
<msg timestamp="20200321 20:13:07.320" level="INFO" html="yes">Getting file '&lt;a href="file://D:\Work\eclipse-workspace\ZPetStoreAPI\PetSample.json"&gt;D:\Work\eclipse-workspace\ZPetStoreAPI\PetSample.json&lt;/a&gt;'.</msg>
<msg timestamp="20200321 20:13:07.321" level="INFO">${body} = {
    "name": "pet0",
    "photoUrls": [
        "https://www.rspca.org.au/sites/default/files/website/2019/adopt-a-pet-adopting-a-dog-600x375.jpg",
        "https://www.rspca.org.au/sites/default/fil...</msg>
<status status="PASS" starttime="20200321 20:13:07.319" endtime="20200321 20:13:07.321"></status>
</kw>
<kw name="Create Dictionary" library="BuiltIn">
<doc>Creates and returns a dictionary based on the given ``items``.</doc>
<arguments>
<arg>Content-Type=application/json</arg>
</arguments>
<assign>
<var>&amp;{hdrs}</var>
</assign>
<msg timestamp="20200321 20:13:07.323" level="INFO">&amp;{hdrs} = { Content-Type=application/json }</msg>
<status status="PASS" starttime="20200321 20:13:07.322" endtime="20200321 20:13:07.323"></status>
</kw>
<kw name="Post Request" library="RequestsLibrary">
<doc>Send a POST request on the session object found using the
given `alias`</doc>
<arguments>
<arg>session</arg>
<arg>uri=/v2/pet</arg>
<arg>headers=${hdrs}</arg>
<arg>data=${body}</arg>
</arguments>
<assign>
<var>${resp}</var>
</assign>
<msg timestamp="20200321 20:13:07.324" level="INFO">POST Request using : uri=/v2/pet, params=None, files=None, allow_redirects=True, timeout=None
headers={'User-Agent': 'python-requests/2.22.0', 'Accept-Encoding': 'gzip, deflate', 'Accept': '*/*', 'Connection': 'keep-alive', 'Content-Type': 'application/json'} 
data={
    "name": "pet0",
    "photoUrls": [
        "https://www.rspca.org.au/sites/default/files/website/2019/adopt-a-pet-adopting-a-dog-600x375.jpg",
        "https://www.rspca.org.au/sites/default/files/website/2019/adopt-a-pet-adopting-a-dog-600x375.jpg"
    ],
    "id": "123",
    "category": {
        "id": "13",
        "name": "dog"
    },
    "tags": [
        {
            "id": "0",
            "name": "dog"
        },
        {
            "id": "1",
            "name": "stil dog"
        }
    ],
    "status": "good"
} 
json=None</msg>
<msg timestamp="20200321 20:13:08.161" level="INFO">${resp} = &lt;Response [200]&gt;</msg>
<status status="PASS" starttime="20200321 20:13:07.323" endtime="20200321 20:13:08.161"></status>
</kw>
<msg timestamp="20200321 20:13:08.162" level="INFO">${resp} = &lt;Response [200]&gt;</msg>
<status status="PASS" starttime="20200321 20:13:07.319" endtime="20200321 20:13:08.162"></status>
</kw>
<kw name="Should Be Equal As Strings" library="BuiltIn">
<doc>Fails if objects are unequal after converting them to strings.</doc>
<arguments>
<arg>${resp.status_code}</arg>
<arg>200</arg>
</arguments>
<msg timestamp="20200321 20:13:08.163" level="INFO">Argument types are:
&lt;class 'int'&gt;
&lt;type 'unicode'&gt;</msg>
<status status="PASS" starttime="20200321 20:13:08.162" endtime="20200321 20:13:08.163"></status>
</kw>
<kw name="Log" library="BuiltIn">
<doc>Logs the given message with the given level.</doc>
<arguments>
<arg>${resp.json()['id']}</arg>
</arguments>
<msg timestamp="20200321 20:13:08.164" level="INFO">123</msg>
<status status="PASS" starttime="20200321 20:13:08.164" endtime="20200321 20:13:08.164"></status>
</kw>
<kw name="Upload Image" library="upload">
<arguments>
<arg>${Base}/v2/pet/123/uploadImage</arg>
<arg>file_path=D:\\Work\\eclipse-workspace\\ZPetStoreAPI${/}petimage.jpeg</arg>
</arguments>
<assign>
<var>${resp}</var>
</assign>
<msg timestamp="20200321 20:13:09.807" level="INFO">${resp} = &lt;Response [400]&gt;</msg>
<status status="PASS" starttime="20200321 20:13:08.164" endtime="20200321 20:13:09.807"></status>
</kw>
<kw name="Should Be Equal As Strings" library="BuiltIn">
<doc>Fails if objects are unequal after converting them to strings.</doc>
<arguments>
<arg>${resp.status_code}</arg>
<arg>200</arg>
<arg>msg=${resp.content}</arg>
</arguments>
<msg timestamp="20200321 20:13:09.808" level="INFO">Argument types are:
&lt;class 'int'&gt;
&lt;type 'unicode'&gt;</msg>
<msg timestamp="20200321 20:13:09.808" level="FAIL">b'{"code":400,"type":"unknown","message":"org.jvnet.mimepull.MIMEParsingException: Missing start boundary"}': 400 != 200</msg>
<status status="FAIL" starttime="20200321 20:13:09.808" endtime="20200321 20:13:09.809"></status>
</kw>
<status status="FAIL" starttime="20200321 20:13:07.315" endtime="20200321 20:13:09.809" critical="yes">b'{"code":400,"type":"unknown","message":"org.jvnet.mimepull.MIMEParsingException: Missing start boundary"}': 400 != 200</status>
</test>
<test id="s1-s1-t3" name="Test Update pet data">
<kw name="Create Session" library="RequestsLibrary" type="setup">
<doc>Create Session: create a HTTP session to a server</doc>
<arguments>
<arg>session</arg>
<arg>url=${Base}</arg>
<arg>verify=True</arg>
</arguments>
<msg timestamp="20200321 20:13:09.810" level="INFO">Creating Session using : alias=session, url=https://petstore.swagger.io, headers={},                     cookies={}, auth=None, timeout=None, proxies=None, verify=True,                     debug=0 </msg>
<status status="PASS" starttime="20200321 20:13:09.810" endtime="20200321 20:13:09.811"></status>
</kw>
<kw name="Add a pet">
<assign>
<var>${resp}</var>
</assign>
<kw name="Get File" library="OperatingSystem">
<doc>Returns the contents of a specified file.</doc>
<arguments>
<arg>D:\\Work\\eclipse-workspace\\ZPetStoreAPI/PetSample.json</arg>
</arguments>
<assign>
<var>${body}</var>
</assign>
<msg timestamp="20200321 20:13:09.812" level="INFO" html="yes">Getting file '&lt;a href="file://D:\Work\eclipse-workspace\ZPetStoreAPI\PetSample.json"&gt;D:\Work\eclipse-workspace\ZPetStoreAPI\PetSample.json&lt;/a&gt;'.</msg>
<msg timestamp="20200321 20:13:09.812" level="INFO">${body} = {
    "name": "pet0",
    "photoUrls": [
        "https://www.rspca.org.au/sites/default/files/website/2019/adopt-a-pet-adopting-a-dog-600x375.jpg",
        "https://www.rspca.org.au/sites/default/fil...</msg>
<status status="PASS" starttime="20200321 20:13:09.811" endtime="20200321 20:13:09.812"></status>
</kw>
<kw name="Create Dictionary" library="BuiltIn">
<doc>Creates and returns a dictionary based on the given ``items``.</doc>
<arguments>
<arg>Content-Type=application/json</arg>
</arguments>
<assign>
<var>&amp;{hdrs}</var>
</assign>
<msg timestamp="20200321 20:13:09.813" level="INFO">&amp;{hdrs} = { Content-Type=application/json }</msg>
<status status="PASS" starttime="20200321 20:13:09.812" endtime="20200321 20:13:09.813"></status>
</kw>
<kw name="Post Request" library="RequestsLibrary">
<doc>Send a POST request on the session object found using the
given `alias`</doc>
<arguments>
<arg>session</arg>
<arg>uri=/v2/pet</arg>
<arg>headers=${hdrs}</arg>
<arg>data=${body}</arg>
</arguments>
<assign>
<var>${resp}</var>
</assign>
<msg timestamp="20200321 20:13:09.814" level="INFO">POST Request using : uri=/v2/pet, params=None, files=None, allow_redirects=True, timeout=None
headers={'User-Agent': 'python-requests/2.22.0', 'Accept-Encoding': 'gzip, deflate', 'Accept': '*/*', 'Connection': 'keep-alive', 'Content-Type': 'application/json'} 
data={
    "name": "pet0",
    "photoUrls": [
        "https://www.rspca.org.au/sites/default/files/website/2019/adopt-a-pet-adopting-a-dog-600x375.jpg",
        "https://www.rspca.org.au/sites/default/files/website/2019/adopt-a-pet-adopting-a-dog-600x375.jpg"
    ],
    "id": "123",
    "category": {
        "id": "13",
        "name": "dog"
    },
    "tags": [
        {
            "id": "0",
            "name": "dog"
        },
        {
            "id": "1",
            "name": "stil dog"
        }
    ],
    "status": "good"
} 
json=None</msg>
<msg timestamp="20200321 20:13:10.632" level="INFO">${resp} = &lt;Response [200]&gt;</msg>
<status status="PASS" starttime="20200321 20:13:09.813" endtime="20200321 20:13:10.633"></status>
</kw>
<msg timestamp="20200321 20:13:10.634" level="INFO">${resp} = &lt;Response [200]&gt;</msg>
<status status="PASS" starttime="20200321 20:13:09.811" endtime="20200321 20:13:10.635"></status>
</kw>
<kw name="Should Be Equal As Strings" library="BuiltIn">
<doc>Fails if objects are unequal after converting them to strings.</doc>
<arguments>
<arg>${resp.status_code}</arg>
<arg>200</arg>
<arg>msg=Failed to add a pet :${resp.content}</arg>
</arguments>
<msg timestamp="20200321 20:13:10.639" level="INFO">Argument types are:
&lt;class 'int'&gt;
&lt;type 'unicode'&gt;</msg>
<status status="PASS" starttime="20200321 20:13:10.636" endtime="20200321 20:13:10.640"></status>
</kw>
<kw name="Log" library="BuiltIn">
<doc>Logs the given message with the given level.</doc>
<arguments>
<arg>${resp.json()['id']}</arg>
</arguments>
<msg timestamp="20200321 20:13:10.641" level="INFO">123</msg>
<status status="PASS" starttime="20200321 20:13:10.640" endtime="20200321 20:13:10.642"></status>
</kw>
<kw name="Get File" library="OperatingSystem">
<doc>Returns the contents of a specified file.</doc>
<arguments>
<arg>D:\\Work\\eclipse-workspace\\ZPetStoreAPI/PetUpdate.json</arg>
</arguments>
<assign>
<var>${body}</var>
</assign>
<msg timestamp="20200321 20:13:10.643" level="INFO" html="yes">Getting file '&lt;a href="file://D:\Work\eclipse-workspace\ZPetStoreAPI\PetUpdate.json"&gt;D:\Work\eclipse-workspace\ZPetStoreAPI\PetUpdate.json&lt;/a&gt;'.</msg>
<msg timestamp="20200321 20:13:10.645" level="INFO">${body} = {
  "id": 123,
  "category": {
    "id": 0,
    "name": "string"
  },
  "name": "doggie",
  "photoUrls": [
    "https://www.rspca.org.au/sites/default/files/website/2019/adopt-a-pet-adopting-a-small-a...</msg>
<status status="PASS" starttime="20200321 20:13:10.643" endtime="20200321 20:13:10.645"></status>
</kw>
<kw name="Create Dictionary" library="BuiltIn">
<doc>Creates and returns a dictionary based on the given ``items``.</doc>
<arguments>
<arg>Content-Type=application/json</arg>
</arguments>
<assign>
<var>&amp;{hdrs}</var>
</assign>
<msg timestamp="20200321 20:13:10.646" level="INFO">&amp;{hdrs} = { Content-Type=application/json }</msg>
<status status="PASS" starttime="20200321 20:13:10.645" endtime="20200321 20:13:10.647"></status>
</kw>
<kw name="Put Request" library="RequestsLibrary">
<doc>Send a PUT request on the session object found using the
given `alias`</doc>
<arguments>
<arg>session</arg>
<arg>uri=/v2/pet</arg>
<arg>headers=${hdrs}</arg>
<arg>data=${body}</arg>
</arguments>
<assign>
<var>${resp}</var>
</assign>
<msg timestamp="20200321 20:13:10.648" level="INFO">PUT Request using : uri=/v2/pet, params=None, files=None, allow_redirects=True, timeout=None
headers={'User-Agent': 'python-requests/2.22.0', 'Accept-Encoding': 'gzip, deflate', 'Accept': '*/*', 'Connection': 'keep-alive', 'Content-Type': 'application/json'} 
data={
  "id": 123,
  "category": {
    "id": 0,
    "name": "string"
  },
  "name": "doggie",
  "photoUrls": [
    "https://www.rspca.org.au/sites/default/files/website/2019/adopt-a-pet-adopting-a-small-animal-600x375.jpg"
  ],
  "tags": [
    {
      "id": 0,
      "name": "string"
    }
  ],
  "status": "Sold"
} 
json=None</msg>
<msg timestamp="20200321 20:13:11.446" level="INFO">${resp} = &lt;Response [200]&gt;</msg>
<status status="PASS" starttime="20200321 20:13:10.647" endtime="20200321 20:13:11.446"></status>
</kw>
<kw name="Should Be Equal As Strings" library="BuiltIn">
<doc>Fails if objects are unequal after converting them to strings.</doc>
<arguments>
<arg>${resp.status_code}</arg>
<arg>200</arg>
<arg>msg=${resp.content}</arg>
</arguments>
<msg timestamp="20200321 20:13:11.447" level="INFO">Argument types are:
&lt;class 'int'&gt;
&lt;type 'unicode'&gt;</msg>
<status status="PASS" starttime="20200321 20:13:11.446" endtime="20200321 20:13:11.447"></status>
</kw>
<kw name="Log" library="BuiltIn">
<doc>Logs the given message with the given level.</doc>
<arguments>
<arg>${resp.content}</arg>
</arguments>
<msg timestamp="20200321 20:13:11.447" level="INFO">{"id":123,"category":{"id":0,"name":"string"},"name":"doggie","photoUrls":["https://www.rspca.org.au/sites/default/files/website/2019/adopt-a-pet-adopting-a-small-animal-600x375.jpg"],"tags":[{"id":0,"name":"string"}],"status":"Sold"}</msg>
<status status="PASS" starttime="20200321 20:13:11.447" endtime="20200321 20:13:11.448"></status>
</kw>
<kw name="Should Be Equal As Strings" library="BuiltIn">
<doc>Fails if objects are unequal after converting them to strings.</doc>
<arguments>
<arg>${resp.json()['status']}</arg>
<arg>Sold</arg>
<arg>msg=${resp.content}</arg>
</arguments>
<status status="PASS" starttime="20200321 20:13:11.448" endtime="20200321 20:13:11.449"></status>
</kw>
<status status="PASS" starttime="20200321 20:13:09.809" endtime="20200321 20:13:11.449" critical="yes"></status>
</test>
<test id="s1-s1-t4" name="Test find pet by status available">
<kw name="Create Session" library="RequestsLibrary" type="setup">
<doc>Create Session: create a HTTP session to a server</doc>
<arguments>
<arg>session</arg>
<arg>url=${Base}</arg>
<arg>verify=True</arg>
</arguments>
<msg timestamp="20200321 20:13:11.450" level="INFO">Creating Session using : alias=session, url=https://petstore.swagger.io, headers={},                     cookies={}, auth=None, timeout=None, proxies=None, verify=True,                     debug=0 </msg>
<status status="PASS" starttime="20200321 20:13:11.450" endtime="20200321 20:13:11.451"></status>
</kw>
<kw name="Create Dictionary" library="BuiltIn">
<doc>Creates and returns a dictionary based on the given ``items``.</doc>
<arguments>
<arg>Content-Type=application/json</arg>
</arguments>
<assign>
<var>&amp;{hdrs}</var>
</assign>
<msg timestamp="20200321 20:13:11.451" level="INFO">&amp;{hdrs} = { Content-Type=application/json }</msg>
<status status="PASS" starttime="20200321 20:13:11.451" endtime="20200321 20:13:11.452"></status>
</kw>
<kw name="Get Request" library="RequestsLibrary">
<doc>Send a GET request on the session object found using the
given `alias`</doc>
<arguments>
<arg>session</arg>
<arg>uri=/v2/pet/findByStatus?status=available</arg>
</arguments>
<assign>
<var>${resp}</var>
</assign>
<msg timestamp="20200321 20:13:11.452" level="INFO">GET Request using : uri=/v2/pet/findByStatus?status=available, params=None, allow_redirects=True, timeout=None
headers={'User-Agent': 'python-requests/2.22.0', 'Accept-Encoding': 'gzip, deflate', 'Accept': '*/*', 'Connection': 'keep-alive'} 
data=None 
json=None</msg>
<msg timestamp="20200321 20:13:12.886" level="INFO">${resp} = &lt;Response [200]&gt;</msg>
<status status="PASS" starttime="20200321 20:13:11.452" endtime="20200321 20:13:12.887"></status>
</kw>
<kw name="Should Be Equal As Strings" library="BuiltIn">
<doc>Fails if objects are unequal after converting them to strings.</doc>
<arguments>
<arg>${resp.status_code}</arg>
<arg>200</arg>
<arg>msg=${resp.content}</arg>
</arguments>
<msg timestamp="20200321 20:13:12.888" level="INFO">Argument types are:
&lt;class 'int'&gt;
&lt;type 'unicode'&gt;</msg>
<status status="PASS" starttime="20200321 20:13:12.887" endtime="20200321 20:13:12.888"></status>
</kw>
<status status="PASS" starttime="20200321 20:13:11.450" endtime="20200321 20:13:12.889" critical="yes"></status>
</test>
<test id="s1-s1-t5" name="Test find pet by status pending">
<kw name="Create Session" library="RequestsLibrary" type="setup">
<doc>Create Session: create a HTTP session to a server</doc>
<arguments>
<arg>session</arg>
<arg>url=${Base}</arg>
<arg>verify=True</arg>
</arguments>
<msg timestamp="20200321 20:13:12.891" level="INFO">Creating Session using : alias=session, url=https://petstore.swagger.io, headers={},                     cookies={}, auth=None, timeout=None, proxies=None, verify=True,                     debug=0 </msg>
<status status="PASS" starttime="20200321 20:13:12.890" endtime="20200321 20:13:12.891"></status>
</kw>
<kw name="Create Dictionary" library="BuiltIn">
<doc>Creates and returns a dictionary based on the given ``items``.</doc>
<arguments>
<arg>Content-Type=application/json</arg>
</arguments>
<assign>
<var>&amp;{hdrs}</var>
</assign>
<msg timestamp="20200321 20:13:12.892" level="INFO">&amp;{hdrs} = { Content-Type=application/json }</msg>
<status status="PASS" starttime="20200321 20:13:12.891" endtime="20200321 20:13:12.892"></status>
</kw>
<kw name="Get Request" library="RequestsLibrary">
<doc>Send a GET request on the session object found using the
given `alias`</doc>
<arguments>
<arg>session</arg>
<arg>uri=/v2/pet/findByStatus?status=pending</arg>
</arguments>
<assign>
<var>${resp}</var>
</assign>
<msg timestamp="20200321 20:13:12.893" level="INFO">GET Request using : uri=/v2/pet/findByStatus?status=pending, params=None, allow_redirects=True, timeout=None
headers={'User-Agent': 'python-requests/2.22.0', 'Accept-Encoding': 'gzip, deflate', 'Accept': '*/*', 'Connection': 'keep-alive'} 
data=None 
json=None</msg>
<msg timestamp="20200321 20:13:14.206" level="INFO">${resp} = &lt;Response [200]&gt;</msg>
<status status="PASS" starttime="20200321 20:13:12.892" endtime="20200321 20:13:14.207"></status>
</kw>
<kw name="Should Be Equal As Strings" library="BuiltIn">
<doc>Fails if objects are unequal after converting them to strings.</doc>
<arguments>
<arg>${resp.status_code}</arg>
<arg>200</arg>
<arg>msg=${resp.content}</arg>
</arguments>
<msg timestamp="20200321 20:13:14.208" level="INFO">Argument types are:
&lt;class 'int'&gt;
&lt;type 'unicode'&gt;</msg>
<status status="PASS" starttime="20200321 20:13:14.207" endtime="20200321 20:13:14.208"></status>
</kw>
<status status="PASS" starttime="20200321 20:13:12.889" endtime="20200321 20:13:14.208" critical="yes"></status>
</test>
<test id="s1-s1-t6" name="Test find pet by status sold">
<kw name="Create Session" library="RequestsLibrary" type="setup">
<doc>Create Session: create a HTTP session to a server</doc>
<arguments>
<arg>session</arg>
<arg>url=${Base}</arg>
<arg>verify=True</arg>
</arguments>
<msg timestamp="20200321 20:13:14.210" level="INFO">Creating Session using : alias=session, url=https://petstore.swagger.io, headers={},                     cookies={}, auth=None, timeout=None, proxies=None, verify=True,                     debug=0 </msg>
<status status="PASS" starttime="20200321 20:13:14.209" endtime="20200321 20:13:14.210"></status>
</kw>
<kw name="Create Dictionary" library="BuiltIn">
<doc>Creates and returns a dictionary based on the given ``items``.</doc>
<arguments>
<arg>Content-Type=application/json</arg>
</arguments>
<assign>
<var>&amp;{hdrs}</var>
</assign>
<msg timestamp="20200321 20:13:14.211" level="INFO">&amp;{hdrs} = { Content-Type=application/json }</msg>
<status status="PASS" starttime="20200321 20:13:14.211" endtime="20200321 20:13:14.212"></status>
</kw>
<kw name="Get Request" library="RequestsLibrary">
<doc>Send a GET request on the session object found using the
given `alias`</doc>
<arguments>
<arg>session</arg>
<arg>uri=/v2/pet/findByStatus?status=sold</arg>
</arguments>
<assign>
<var>${resp}</var>
</assign>
<msg timestamp="20200321 20:13:14.212" level="INFO">GET Request using : uri=/v2/pet/findByStatus?status=sold, params=None, allow_redirects=True, timeout=None
headers={'User-Agent': 'python-requests/2.22.0', 'Accept-Encoding': 'gzip, deflate', 'Accept': '*/*', 'Connection': 'keep-alive'} 
data=None 
json=None</msg>
<msg timestamp="20200321 20:13:15.455" level="INFO">${resp} = &lt;Response [200]&gt;</msg>
<status status="PASS" starttime="20200321 20:13:14.212" endtime="20200321 20:13:15.455"></status>
</kw>
<kw name="Should Be Equal As Strings" library="BuiltIn">
<doc>Fails if objects are unequal after converting them to strings.</doc>
<arguments>
<arg>${resp.status_code}</arg>
<arg>200</arg>
<arg>msg=${resp.content}</arg>
</arguments>
<msg timestamp="20200321 20:13:15.458" level="INFO">Argument types are:
&lt;class 'int'&gt;
&lt;type 'unicode'&gt;</msg>
<status status="PASS" starttime="20200321 20:13:15.456" endtime="20200321 20:13:15.458"></status>
</kw>
<status status="PASS" starttime="20200321 20:13:14.209" endtime="20200321 20:13:15.459" critical="yes"></status>
</test>
<test id="s1-s1-t7" name="Get Pet by Id">
<kw name="Create Session" library="RequestsLibrary" type="setup">
<doc>Create Session: create a HTTP session to a server</doc>
<arguments>
<arg>session</arg>
<arg>url=${Base}</arg>
<arg>verify=True</arg>
</arguments>
<msg timestamp="20200321 20:13:15.462" level="INFO">Creating Session using : alias=session, url=https://petstore.swagger.io, headers={},                     cookies={}, auth=None, timeout=None, proxies=None, verify=True,                     debug=0 </msg>
<status status="PASS" starttime="20200321 20:13:15.461" endtime="20200321 20:13:15.463"></status>
</kw>
<kw name="Add a pet">
<assign>
<var>${resp}</var>
</assign>
<kw name="Get File" library="OperatingSystem">
<doc>Returns the contents of a specified file.</doc>
<arguments>
<arg>D:\\Work\\eclipse-workspace\\ZPetStoreAPI/PetSample.json</arg>
</arguments>
<assign>
<var>${body}</var>
</assign>
<msg timestamp="20200321 20:13:15.465" level="INFO" html="yes">Getting file '&lt;a href="file://D:\Work\eclipse-workspace\ZPetStoreAPI\PetSample.json"&gt;D:\Work\eclipse-workspace\ZPetStoreAPI\PetSample.json&lt;/a&gt;'.</msg>
<msg timestamp="20200321 20:13:15.466" level="INFO">${body} = {
    "name": "pet0",
    "photoUrls": [
        "https://www.rspca.org.au/sites/default/files/website/2019/adopt-a-pet-adopting-a-dog-600x375.jpg",
        "https://www.rspca.org.au/sites/default/fil...</msg>
<status status="PASS" starttime="20200321 20:13:15.465" endtime="20200321 20:13:15.467"></status>
</kw>
<kw name="Create Dictionary" library="BuiltIn">
<doc>Creates and returns a dictionary based on the given ``items``.</doc>
<arguments>
<arg>Content-Type=application/json</arg>
</arguments>
<assign>
<var>&amp;{hdrs}</var>
</assign>
<msg timestamp="20200321 20:13:15.468" level="INFO">&amp;{hdrs} = { Content-Type=application/json }</msg>
<status status="PASS" starttime="20200321 20:13:15.467" endtime="20200321 20:13:15.468"></status>
</kw>
<kw name="Post Request" library="RequestsLibrary">
<doc>Send a POST request on the session object found using the
given `alias`</doc>
<arguments>
<arg>session</arg>
<arg>uri=/v2/pet</arg>
<arg>headers=${hdrs}</arg>
<arg>data=${body}</arg>
</arguments>
<assign>
<var>${resp}</var>
</assign>
<msg timestamp="20200321 20:13:15.470" level="INFO">POST Request using : uri=/v2/pet, params=None, files=None, allow_redirects=True, timeout=None
headers={'User-Agent': 'python-requests/2.22.0', 'Accept-Encoding': 'gzip, deflate', 'Accept': '*/*', 'Connection': 'keep-alive', 'Content-Type': 'application/json'} 
data={
    "name": "pet0",
    "photoUrls": [
        "https://www.rspca.org.au/sites/default/files/website/2019/adopt-a-pet-adopting-a-dog-600x375.jpg",
        "https://www.rspca.org.au/sites/default/files/website/2019/adopt-a-pet-adopting-a-dog-600x375.jpg"
    ],
    "id": "123",
    "category": {
        "id": "13",
        "name": "dog"
    },
    "tags": [
        {
            "id": "0",
            "name": "dog"
        },
        {
            "id": "1",
            "name": "stil dog"
        }
    ],
    "status": "good"
} 
json=None</msg>
<msg timestamp="20200321 20:13:16.303" level="INFO">${resp} = &lt;Response [200]&gt;</msg>
<status status="PASS" starttime="20200321 20:13:15.469" endtime="20200321 20:13:16.303"></status>
</kw>
<msg timestamp="20200321 20:13:16.304" level="INFO">${resp} = &lt;Response [200]&gt;</msg>
<status status="PASS" starttime="20200321 20:13:15.464" endtime="20200321 20:13:16.304"></status>
</kw>
<kw name="Should Be Equal As Strings" library="BuiltIn">
<doc>Fails if objects are unequal after converting them to strings.</doc>
<arguments>
<arg>${resp.status_code}</arg>
<arg>200</arg>
<arg>msg=Failed to add a pet :${resp.content}</arg>
</arguments>
<msg timestamp="20200321 20:13:16.305" level="INFO">Argument types are:
&lt;class 'int'&gt;
&lt;type 'unicode'&gt;</msg>
<status status="PASS" starttime="20200321 20:13:16.304" endtime="20200321 20:13:16.305"></status>
</kw>
<kw name="Log" library="BuiltIn">
<doc>Logs the given message with the given level.</doc>
<arguments>
<arg>${resp.json()['id']}</arg>
</arguments>
<msg timestamp="20200321 20:13:16.306" level="INFO">123</msg>
<status status="PASS" starttime="20200321 20:13:16.305" endtime="20200321 20:13:16.306"></status>
</kw>
<kw name="Get File" library="OperatingSystem">
<doc>Returns the contents of a specified file.</doc>
<arguments>
<arg>D:\\Work\\eclipse-workspace\\ZPetStoreAPI/PetUpdate.json</arg>
</arguments>
<assign>
<var>${body}</var>
</assign>
<msg timestamp="20200321 20:13:16.307" level="INFO" html="yes">Getting file '&lt;a href="file://D:\Work\eclipse-workspace\ZPetStoreAPI\PetUpdate.json"&gt;D:\Work\eclipse-workspace\ZPetStoreAPI\PetUpdate.json&lt;/a&gt;'.</msg>
<msg timestamp="20200321 20:13:16.307" level="INFO">${body} = {
  "id": 123,
  "category": {
    "id": 0,
    "name": "string"
  },
  "name": "doggie",
  "photoUrls": [
    "https://www.rspca.org.au/sites/default/files/website/2019/adopt-a-pet-adopting-a-small-a...</msg>
<status status="PASS" starttime="20200321 20:13:16.306" endtime="20200321 20:13:16.307"></status>
</kw>
<kw name="Create Dictionary" library="BuiltIn">
<doc>Creates and returns a dictionary based on the given ``items``.</doc>
<arguments>
<arg>Content-Type=application/json</arg>
</arguments>
<assign>
<var>&amp;{hdrs}</var>
</assign>
<msg timestamp="20200321 20:13:16.308" level="INFO">&amp;{hdrs} = { Content-Type=application/json }</msg>
<status status="PASS" starttime="20200321 20:13:16.307" endtime="20200321 20:13:16.308"></status>
</kw>
<kw name="Get Request" library="RequestsLibrary">
<doc>Send a GET request on the session object found using the
given `alias`</doc>
<arguments>
<arg>session</arg>
<arg>uri=/v2/pet/${resp.json()['id']}</arg>
<arg>headers=${hdrs}</arg>
</arguments>
<assign>
<var>${resp}</var>
</assign>
<msg timestamp="20200321 20:13:16.309" level="INFO">GET Request using : uri=/v2/pet/123, params=None, allow_redirects=True, timeout=None
headers={'User-Agent': 'python-requests/2.22.0', 'Accept-Encoding': 'gzip, deflate', 'Accept': '*/*', 'Connection': 'keep-alive', 'Content-Type': 'application/json'} 
data=None 
json=None</msg>
<msg timestamp="20200321 20:13:17.235" level="INFO">${resp} = &lt;Response [200]&gt;</msg>
<status status="PASS" starttime="20200321 20:13:16.308" endtime="20200321 20:13:17.235"></status>
</kw>
<kw name="Should Be Equal As Strings" library="BuiltIn">
<doc>Fails if objects are unequal after converting them to strings.</doc>
<arguments>
<arg>${resp.status_code}</arg>
<arg>200</arg>
<arg>msg=${resp.content}</arg>
</arguments>
<msg timestamp="20200321 20:13:17.236" level="INFO">Argument types are:
&lt;class 'int'&gt;
&lt;type 'unicode'&gt;</msg>
<status status="PASS" starttime="20200321 20:13:17.235" endtime="20200321 20:13:17.236"></status>
</kw>
<kw name="Log" library="BuiltIn">
<doc>Logs the given message with the given level.</doc>
<arguments>
<arg>${resp.content}</arg>
</arguments>
<msg timestamp="20200321 20:13:17.237" level="INFO">{"id":123,"category":{"id":13,"name":"dog"},"name":"pet0","photoUrls":["https://www.rspca.org.au/sites/default/files/website/2019/adopt-a-pet-adopting-a-dog-600x375.jpg","https://www.rspca.org.au/sites/default/files/website/2019/adopt-a-pet-adopting-a-dog-600x375.jpg"],"tags":[{"id":0,"name":"dog"},{"id":1,"name":"stil dog"}],"status":"good"}</msg>
<status status="PASS" starttime="20200321 20:13:17.237" endtime="20200321 20:13:17.238"></status>
</kw>
<kw name="Should Be Equal As Strings" library="BuiltIn">
<doc>Fails if objects are unequal after converting them to strings.</doc>
<arguments>
<arg>${resp.json()['name']}</arg>
<arg>pet0</arg>
<arg>msg=${resp.content}</arg>
</arguments>
<status status="PASS" starttime="20200321 20:13:17.238" endtime="20200321 20:13:17.239"></status>
</kw>
<status status="PASS" starttime="20200321 20:13:15.460" endtime="20200321 20:13:17.239" critical="yes"></status>
</test>
<test id="s1-s1-t8" name="Test Update pet form data">
<kw name="Create Session" library="RequestsLibrary" type="setup">
<doc>Create Session: create a HTTP session to a server</doc>
<arguments>
<arg>session</arg>
<arg>url=${Base}</arg>
<arg>verify=True</arg>
</arguments>
<msg timestamp="20200321 20:13:17.241" level="INFO">Creating Session using : alias=session, url=https://petstore.swagger.io, headers={},                     cookies={}, auth=None, timeout=None, proxies=None, verify=True,                     debug=0 </msg>
<status status="PASS" starttime="20200321 20:13:17.240" endtime="20200321 20:13:17.241"></status>
</kw>
<kw name="Add a pet">
<assign>
<var>${resp}</var>
</assign>
<kw name="Get File" library="OperatingSystem">
<doc>Returns the contents of a specified file.</doc>
<arguments>
<arg>D:\\Work\\eclipse-workspace\\ZPetStoreAPI/PetSample.json</arg>
</arguments>
<assign>
<var>${body}</var>
</assign>
<msg timestamp="20200321 20:13:17.242" level="INFO" html="yes">Getting file '&lt;a href="file://D:\Work\eclipse-workspace\ZPetStoreAPI\PetSample.json"&gt;D:\Work\eclipse-workspace\ZPetStoreAPI\PetSample.json&lt;/a&gt;'.</msg>
<msg timestamp="20200321 20:13:17.243" level="INFO">${body} = {
    "name": "pet0",
    "photoUrls": [
        "https://www.rspca.org.au/sites/default/files/website/2019/adopt-a-pet-adopting-a-dog-600x375.jpg",
        "https://www.rspca.org.au/sites/default/fil...</msg>
<status status="PASS" starttime="20200321 20:13:17.242" endtime="20200321 20:13:17.243"></status>
</kw>
<kw name="Create Dictionary" library="BuiltIn">
<doc>Creates and returns a dictionary based on the given ``items``.</doc>
<arguments>
<arg>Content-Type=application/json</arg>
</arguments>
<assign>
<var>&amp;{hdrs}</var>
</assign>
<msg timestamp="20200321 20:13:17.244" level="INFO">&amp;{hdrs} = { Content-Type=application/json }</msg>
<status status="PASS" starttime="20200321 20:13:17.243" endtime="20200321 20:13:17.244"></status>
</kw>
<kw name="Post Request" library="RequestsLibrary">
<doc>Send a POST request on the session object found using the
given `alias`</doc>
<arguments>
<arg>session</arg>
<arg>uri=/v2/pet</arg>
<arg>headers=${hdrs}</arg>
<arg>data=${body}</arg>
</arguments>
<assign>
<var>${resp}</var>
</assign>
<msg timestamp="20200321 20:13:17.245" level="INFO">POST Request using : uri=/v2/pet, params=None, files=None, allow_redirects=True, timeout=None
headers={'User-Agent': 'python-requests/2.22.0', 'Accept-Encoding': 'gzip, deflate', 'Accept': '*/*', 'Connection': 'keep-alive', 'Content-Type': 'application/json'} 
data={
    "name": "pet0",
    "photoUrls": [
        "https://www.rspca.org.au/sites/default/files/website/2019/adopt-a-pet-adopting-a-dog-600x375.jpg",
        "https://www.rspca.org.au/sites/default/files/website/2019/adopt-a-pet-adopting-a-dog-600x375.jpg"
    ],
    "id": "123",
    "category": {
        "id": "13",
        "name": "dog"
    },
    "tags": [
        {
            "id": "0",
            "name": "dog"
        },
        {
            "id": "1",
            "name": "stil dog"
        }
    ],
    "status": "good"
} 
json=None</msg>
<msg timestamp="20200321 20:13:18.108" level="INFO">${resp} = &lt;Response [200]&gt;</msg>
<status status="PASS" starttime="20200321 20:13:17.244" endtime="20200321 20:13:18.108"></status>
</kw>
<msg timestamp="20200321 20:13:18.109" level="INFO">${resp} = &lt;Response [200]&gt;</msg>
<status status="PASS" starttime="20200321 20:13:17.242" endtime="20200321 20:13:18.109"></status>
</kw>
<kw name="Should Be Equal As Strings" library="BuiltIn">
<doc>Fails if objects are unequal after converting them to strings.</doc>
<arguments>
<arg>${resp.status_code}</arg>
<arg>200</arg>
<arg>msg=Failed to add a pet :${resp.content}</arg>
</arguments>
<msg timestamp="20200321 20:13:18.110" level="INFO">Argument types are:
&lt;class 'int'&gt;
&lt;type 'unicode'&gt;</msg>
<status status="PASS" starttime="20200321 20:13:18.109" endtime="20200321 20:13:18.110"></status>
</kw>
<kw name="Log" library="BuiltIn">
<doc>Logs the given message with the given level.</doc>
<arguments>
<arg>${resp.json()['id']}</arg>
</arguments>
<msg timestamp="20200321 20:13:18.111" level="INFO">123</msg>
<status status="PASS" starttime="20200321 20:13:18.111" endtime="20200321 20:13:18.111"></status>
</kw>
<kw name="Set Variable" library="BuiltIn">
<doc>Returns the given values which can then be assigned to a variables.</doc>
<arguments>
<arg>${resp.json()['id']}</arg>
</arguments>
<assign>
<var>${id}</var>
</assign>
<msg timestamp="20200321 20:13:18.112" level="INFO">${id} = 123</msg>
<status status="PASS" starttime="20200321 20:13:18.111" endtime="20200321 20:13:18.112"></status>
</kw>
<kw name="Create Dictionary" library="BuiltIn">
<doc>Creates and returns a dictionary based on the given ``items``.</doc>
<arguments>
<arg>name=pet0update</arg>
<arg>status=pending</arg>
</arguments>
<assign>
<var>&amp;{body}</var>
</assign>
<msg timestamp="20200321 20:13:18.113" level="INFO">&amp;{body} = { name=pet0update | status=pending }</msg>
<status status="PASS" starttime="20200321 20:13:18.112" endtime="20200321 20:13:18.113"></status>
</kw>
<kw name="Create Dictionary" library="BuiltIn">
<doc>Creates and returns a dictionary based on the given ``items``.</doc>
<arguments>
<arg>Content-Type=application/x-www-form-urlencoded</arg>
</arguments>
<assign>
<var>&amp;{hdrs}</var>
</assign>
<msg timestamp="20200321 20:13:18.114" level="INFO">&amp;{hdrs} = { Content-Type=application/x-www-form-urlencoded }</msg>
<status status="PASS" starttime="20200321 20:13:18.113" endtime="20200321 20:13:18.114"></status>
</kw>
<kw name="Post Request" library="RequestsLibrary">
<doc>Send a POST request on the session object found using the
given `alias`</doc>
<arguments>
<arg>session</arg>
<arg>uri=/v2/pet/${id}</arg>
<arg>headers=${hdrs}</arg>
<arg>data=${body}</arg>
</arguments>
<assign>
<var>${resp}</var>
</assign>
<msg timestamp="20200321 20:13:18.115" level="INFO">POST Request using : uri=/v2/pet/123, params=None, files=None, allow_redirects=True, timeout=None
headers={'User-Agent': 'python-requests/2.22.0', 'Accept-Encoding': 'gzip, deflate', 'Accept': '*/*', 'Connection': 'keep-alive', 'Content-Type': 'application/x-www-form-urlencoded'} 
data=name=pet0update&amp;status=pending 
json=None</msg>
<msg timestamp="20200321 20:13:18.998" level="INFO">${resp} = &lt;Response [200]&gt;</msg>
<status status="PASS" starttime="20200321 20:13:18.115" endtime="20200321 20:13:18.999"></status>
</kw>
<kw name="Should Be Equal As Strings" library="BuiltIn">
<doc>Fails if objects are unequal after converting them to strings.</doc>
<arguments>
<arg>${resp.status_code}</arg>
<arg>200</arg>
<arg>msg=${resp.content}</arg>
</arguments>
<msg timestamp="20200321 20:13:19.003" level="INFO">Argument types are:
&lt;class 'int'&gt;
&lt;type 'unicode'&gt;</msg>
<status status="PASS" starttime="20200321 20:13:19.000" endtime="20200321 20:13:19.003"></status>
</kw>
<kw name="Log" library="BuiltIn">
<doc>Logs the given message with the given level.</doc>
<arguments>
<arg>${resp.content}</arg>
</arguments>
<msg timestamp="20200321 20:13:19.006" level="INFO">{"code":200,"type":"unknown","message":"123"}</msg>
<status status="PASS" starttime="20200321 20:13:19.005" endtime="20200321 20:13:19.007"></status>
</kw>
<kw name="Should Be Equal As Strings" library="BuiltIn">
<doc>Fails if objects are unequal after converting them to strings.</doc>
<arguments>
<arg>${resp.json()['code']}</arg>
<arg>200</arg>
<arg>msg=Faile to update the name: ${resp.content}</arg>
</arguments>
<msg timestamp="20200321 20:13:19.009" level="INFO">Argument types are:
&lt;class 'int'&gt;
&lt;type 'unicode'&gt;</msg>
<status status="PASS" starttime="20200321 20:13:19.008" endtime="20200321 20:13:19.010"></status>
</kw>
<kw name="Should Be Equal As Strings" library="BuiltIn">
<doc>Fails if objects are unequal after converting them to strings.</doc>
<arguments>
<arg>${resp.json()['message']}</arg>
<arg>${id}</arg>
<arg>msg=Faile to update the status: ${resp.content}</arg>
</arguments>
<msg timestamp="20200321 20:13:19.012" level="INFO">Argument types are:
&lt;type 'unicode'&gt;
&lt;class 'int'&gt;</msg>
<status status="PASS" starttime="20200321 20:13:19.011" endtime="20200321 20:13:19.013"></status>
</kw>
<status status="PASS" starttime="20200321 20:13:17.240" endtime="20200321 20:13:19.013" critical="yes"></status>
</test>
<test id="s1-s1-t9" name="Test Delete a pet">
<kw name="Create Session" library="RequestsLibrary" type="setup">
<doc>Create Session: create a HTTP session to a server</doc>
<arguments>
<arg>session</arg>
<arg>url=${Base}</arg>
<arg>verify=True</arg>
</arguments>
<msg timestamp="20200321 20:13:19.016" level="INFO">Creating Session using : alias=session, url=https://petstore.swagger.io, headers={},                     cookies={}, auth=None, timeout=None, proxies=None, verify=True,                     debug=0 </msg>
<status status="PASS" starttime="20200321 20:13:19.015" endtime="20200321 20:13:19.017"></status>
</kw>
<kw name="Add a pet">
<assign>
<var>${resp}</var>
</assign>
<kw name="Get File" library="OperatingSystem">
<doc>Returns the contents of a specified file.</doc>
<arguments>
<arg>D:\\Work\\eclipse-workspace\\ZPetStoreAPI/PetSample.json</arg>
</arguments>
<assign>
<var>${body}</var>
</assign>
<msg timestamp="20200321 20:13:19.019" level="INFO" html="yes">Getting file '&lt;a href="file://D:\Work\eclipse-workspace\ZPetStoreAPI\PetSample.json"&gt;D:\Work\eclipse-workspace\ZPetStoreAPI\PetSample.json&lt;/a&gt;'.</msg>
<msg timestamp="20200321 20:13:19.019" level="INFO">${body} = {
    "name": "pet0",
    "photoUrls": [
        "https://www.rspca.org.au/sites/default/files/website/2019/adopt-a-pet-adopting-a-dog-600x375.jpg",
        "https://www.rspca.org.au/sites/default/fil...</msg>
<status status="PASS" starttime="20200321 20:13:19.018" endtime="20200321 20:13:19.019"></status>
</kw>
<kw name="Create Dictionary" library="BuiltIn">
<doc>Creates and returns a dictionary based on the given ``items``.</doc>
<arguments>
<arg>Content-Type=application/json</arg>
</arguments>
<assign>
<var>&amp;{hdrs}</var>
</assign>
<msg timestamp="20200321 20:13:19.020" level="INFO">&amp;{hdrs} = { Content-Type=application/json }</msg>
<status status="PASS" starttime="20200321 20:13:19.020" endtime="20200321 20:13:19.021"></status>
</kw>
<kw name="Post Request" library="RequestsLibrary">
<doc>Send a POST request on the session object found using the
given `alias`</doc>
<arguments>
<arg>session</arg>
<arg>uri=/v2/pet</arg>
<arg>headers=${hdrs}</arg>
<arg>data=${body}</arg>
</arguments>
<assign>
<var>${resp}</var>
</assign>
<msg timestamp="20200321 20:13:19.022" level="INFO">POST Request using : uri=/v2/pet, params=None, files=None, allow_redirects=True, timeout=None
headers={'User-Agent': 'python-requests/2.22.0', 'Accept-Encoding': 'gzip, deflate', 'Accept': '*/*', 'Connection': 'keep-alive', 'Content-Type': 'application/json'} 
data={
    "name": "pet0",
    "photoUrls": [
        "https://www.rspca.org.au/sites/default/files/website/2019/adopt-a-pet-adopting-a-dog-600x375.jpg",
        "https://www.rspca.org.au/sites/default/files/website/2019/adopt-a-pet-adopting-a-dog-600x375.jpg"
    ],
    "id": "123",
    "category": {
        "id": "13",
        "name": "dog"
    },
    "tags": [
        {
            "id": "0",
            "name": "dog"
        },
        {
            "id": "1",
            "name": "stil dog"
        }
    ],
    "status": "good"
} 
json=None</msg>
<msg timestamp="20200321 20:13:19.875" level="INFO">${resp} = &lt;Response [200]&gt;</msg>
<status status="PASS" starttime="20200321 20:13:19.021" endtime="20200321 20:13:19.875"></status>
</kw>
<msg timestamp="20200321 20:13:19.875" level="INFO">${resp} = &lt;Response [200]&gt;</msg>
<status status="PASS" starttime="20200321 20:13:19.017" endtime="20200321 20:13:19.875"></status>
</kw>
<kw name="Should Be Equal As Strings" library="BuiltIn">
<doc>Fails if objects are unequal after converting them to strings.</doc>
<arguments>
<arg>${resp.status_code}</arg>
<arg>200</arg>
<arg>msg=Failed to add a pet :${resp.content}</arg>
</arguments>
<msg timestamp="20200321 20:13:19.876" level="INFO">Argument types are:
&lt;class 'int'&gt;
&lt;type 'unicode'&gt;</msg>
<status status="PASS" starttime="20200321 20:13:19.876" endtime="20200321 20:13:19.876"></status>
</kw>
<kw name="Log" library="BuiltIn">
<doc>Logs the given message with the given level.</doc>
<arguments>
<arg>${resp.json()['id']}</arg>
</arguments>
<msg timestamp="20200321 20:13:19.877" level="INFO">123</msg>
<status status="PASS" starttime="20200321 20:13:19.877" endtime="20200321 20:13:19.877"></status>
</kw>
<kw name="Set Variable" library="BuiltIn">
<doc>Returns the given values which can then be assigned to a variables.</doc>
<arguments>
<arg>${resp.json()['id']}</arg>
</arguments>
<assign>
<var>${id}</var>
</assign>
<msg timestamp="20200321 20:13:19.878" level="INFO">${id} = 123</msg>
<status status="PASS" starttime="20200321 20:13:19.878" endtime="20200321 20:13:19.878"></status>
</kw>
<kw name="Create Dictionary" library="BuiltIn">
<doc>Creates and returns a dictionary based on the given ``items``.</doc>
<arguments>
<arg>Content-Type=application/json</arg>
<arg>api_key=${MyAPIkey}</arg>
</arguments>
<assign>
<var>&amp;{hdrs}</var>
</assign>
<msg timestamp="20200321 20:13:19.879" level="INFO">&amp;{hdrs} = { Content-Type=application/json | api_key=MyAPIkey }</msg>
<status status="PASS" starttime="20200321 20:13:19.879" endtime="20200321 20:13:19.879"></status>
</kw>
<kw name="Delete Request" library="RequestsLibrary">
<doc>Send a DELETE request on the session object found using the
given `alias`</doc>
<arguments>
<arg>session</arg>
<arg>uri=/v2/pet/123</arg>
<arg>headers=${hdrs}</arg>
</arguments>
<assign>
<var>${resp}</var>
</assign>
<msg timestamp="20200321 20:13:19.880" level="INFO">DELETE Request using : uri=/v2/pet/123, params=None, allow_redirects=True, timeout=None
headers={'User-Agent': 'python-requests/2.22.0', 'Accept-Encoding': 'gzip, deflate', 'Accept': '*/*', 'Connection': 'keep-alive', 'Content-Type': 'application/json', 'api_key': 'MyAPIkey'} 
data=None 
json=None</msg>
<msg timestamp="20200321 20:13:20.689" level="INFO">${resp} = &lt;Response [200]&gt;</msg>
<status status="PASS" starttime="20200321 20:13:19.880" endtime="20200321 20:13:20.689"></status>
</kw>
<kw name="Should Be Equal As Strings" library="BuiltIn">
<doc>Fails if objects are unequal after converting them to strings.</doc>
<arguments>
<arg>${resp.status_code}</arg>
<arg>200</arg>
<arg>msg=${resp.content}</arg>
</arguments>
<msg timestamp="20200321 20:13:20.690" level="INFO">Argument types are:
&lt;class 'int'&gt;
&lt;type 'unicode'&gt;</msg>
<status status="PASS" starttime="20200321 20:13:20.689" endtime="20200321 20:13:20.690"></status>
</kw>
<kw name="Log" library="BuiltIn">
<doc>Logs the given message with the given level.</doc>
<arguments>
<arg>${resp.content}</arg>
</arguments>
<msg timestamp="20200321 20:13:20.691" level="INFO">{"code":200,"type":"unknown","message":"123"}</msg>
<status status="PASS" starttime="20200321 20:13:20.691" endtime="20200321 20:13:20.691"></status>
</kw>
<status status="PASS" starttime="20200321 20:13:19.014" endtime="20200321 20:13:20.691" critical="yes"></status>
</test>
<status status="FAIL" starttime="20200321 20:13:05.910" endtime="20200321 20:13:20.693"></status>
</suite>
<status status="FAIL" starttime="20200321 20:13:05.889" endtime="20200321 20:13:20.698"></status>
</suite>
<statistics>
<total>
<stat pass="8" fail="1">Critical Tests</stat>
<stat pass="8" fail="1">All Tests</stat>
</total>
<tag>
</tag>
<suite>
<stat pass="8" fail="1" id="s1" name="ZPetStoreAPI">ZPetStoreAPI</stat>
<stat pass="8" fail="1" id="s1-s1" name="SmokeTests">ZPetStoreAPI.SmokeTests</stat>
</suite>
</statistics>
<errors>
</errors>
</robot>
